---------------------------------------------------------------
[ 2020-07-01T23:01:05+08:00 ] 0.0.0.0 GET localhost/shop/public/index.php/goods/list
[运行时间：0.139747s] [吞吐率：7.16req/s] [内存消耗：283.23kb] [文件加载：35]
[ info ] [ LANG ] D:\Wamp\www\shop\thinkphp\lang\zh-cn.php
[ info ] [ ROUTE ] array (
  'type' => 'module',
  'module' => 
  array (
    0 => 'goods',
    1 => 'list',
    2 => NULL,
  ),
)
[ info ] [ HEADER ] array (
  'host' => 'localhost',
  'connection' => 'keep-alive',
  'upgrade-insecure-requests' => '1',
  'user-agent' => 'Mozilla/5.0 (Windows NT 10.0; Win64; x64) AppleWebKit/537.36 (KHTML, like Gecko) Chrome/81.0.4044.129 Safari/537.36',
  'accept' => 'text/html,application/xhtml+xml,application/xml;q=0.9,image/webp,image/apng,*/*;q=0.8,application/signed-exchange;v=b3;q=0.9',
  'sec-fetch-site' => 'none',
  'sec-fetch-mode' => 'navigate',
  'sec-fetch-user' => '?1',
  'sec-fetch-dest' => 'document',
  'accept-encoding' => 'gzip, deflate, br',
  'accept-language' => 'zh-CN,zh;q=0.9,en-US;q=0.8,en;q=0.7',
)
[ info ] [ PARAM ] array (
)
[ info ] [ LOG ] INIT File
---------------------------------------------------------------
[ 2020-07-01T23:01:10+08:00 ] 0.0.0.0 GET localhost/shop/public/index.php/index/goods/list
[运行时间：0.209415s] [吞吐率：4.78req/s] [内存消耗：763.13kb] [文件加载：55]
[ info ] [ LANG ] D:\Wamp\www\shop\thinkphp\lang\zh-cn.php
[ info ] [ ROUTE ] array (
  'type' => 'module',
  'module' => 
  array (
    0 => 'index',
    1 => 'goods',
    2 => 'list',
  ),
)
[ info ] [ HEADER ] array (
  'host' => 'localhost',
  'connection' => 'keep-alive',
  'upgrade-insecure-requests' => '1',
  'user-agent' => 'Mozilla/5.0 (Windows NT 10.0; Win64; x64) AppleWebKit/537.36 (KHTML, like Gecko) Chrome/81.0.4044.129 Safari/537.36',
  'accept' => 'text/html,application/xhtml+xml,application/xml;q=0.9,image/webp,image/apng,*/*;q=0.8,application/signed-exchange;v=b3;q=0.9',
  'sec-fetch-site' => 'none',
  'sec-fetch-mode' => 'navigate',
  'sec-fetch-user' => '?1',
  'sec-fetch-dest' => 'document',
  'accept-encoding' => 'gzip, deflate, br',
  'accept-language' => 'zh-CN,zh;q=0.9,en-US;q=0.8,en;q=0.7',
)
[ info ] [ PARAM ] array (
)
[ info ] [ RUN ] app\index\controller\Goods->list[ D:\Wamp\www\shop\application\index\controller\Goods.php ]
[ info ] [ DB ] INIT mysql
[ info ] [ DB ] INIT mysql
[ info ] [ VIEW ] D:\Wamp\www\shop\public/../application/index\view\goods\list.html [ array (
  0 => 'cates',
  1 => 'goodsList',
  2 => 'pageHtml',
  3 => 'conds',
) ]
[ info ] [ SESSION ] INIT array (
  'id' => '',
  'var_session_id' => '',
  'prefix' => 'think',
  'type' => '',
  'auto_start' => true,
)
[ info ] [ LOG ] INIT File
[ sql ] [ DB ] CONNECT:[ UseTime:0.015965s ] mysql:host=127.0.0.1;dbname=shop;charset=utf8
[ sql ] [ SQL ] SHOW COLUMNS FROM `category` [ RunTime:0.017819s ]
[ sql ] [ SQL ] SELECT * FROM `category` ORDER BY `sort` DESC,`id` DESC [ RunTime:0.001680s ]
[ sql ] [ DB ] CONNECT:[ UseTime:0.011112s ] mysql:host=127.0.0.1;dbname=shop;charset=utf8
[ sql ] [ SQL ] SHOW COLUMNS FROM `goods` [ RunTime:0.005777s ]
[ sql ] [ SQL ] SELECT COUNT(*) AS tp_count FROM `goods` LIMIT 1 [ RunTime:0.003534s ]
[ sql ] [ SQL ] SELECT `id`,`goodsName`,`mainPic`,`salePrice`,`saleCount` FROM `goods` ORDER BY `onSaleTime` DESC LIMIT 0,12 [ RunTime:0.001223s ]
---------------------------------------------------------------
[ 2020-07-01T23:01:11+08:00 ] 0.0.0.0 GET localhost/shop/public/index.php/index/goods/favicon.ico
[运行时间：0.025961s] [吞吐率：38.52req/s] [内存消耗：228.52kb] [文件加载：42]
[ info ] [ LANG ] D:\Wamp\www\shop\thinkphp\lang\zh-cn.php
[ info ] [ ROUTE ] array (
  'type' => 'module',
  'module' => 
  array (
    0 => 'index',
    1 => 'goods',
    2 => 'favicon',
  ),
)
[ info ] [ HEADER ] array (
  'host' => 'localhost',
  'connection' => 'keep-alive',
  'user-agent' => 'Mozilla/5.0 (Windows NT 10.0; Win64; x64) AppleWebKit/537.36 (KHTML, like Gecko) Chrome/81.0.4044.129 Safari/537.36',
  'accept' => 'image/webp,image/apng,image/*,*/*;q=0.8',
  'sec-fetch-site' => 'same-origin',
  'sec-fetch-mode' => 'no-cors',
  'sec-fetch-dest' => 'empty',
  'referer' => 'http://localhost/shop/public/index.php/index/goods/list',
  'accept-encoding' => 'gzip, deflate, br',
  'accept-language' => 'zh-CN,zh;q=0.9,en-US;q=0.8,en;q=0.7',
  'cookie' => 'PHPSESSID=dgf3uof9ng3hncpoihov6jmnad',
)
[ info ] [ PARAM ] array (
)
[ info ] [ LOG ] INIT File
---------------------------------------------------------------
[ 2020-07-01T23:01:23+08:00 ] 0.0.0.0 POST localhost/shop/public/index.php/index/cart/add
[运行时间：0.026236s] [吞吐率：38.12req/s] [内存消耗：246.53kb] [文件加载：40]
[ info ] [ LANG ] D:\Wamp\www\shop\thinkphp\lang\zh-cn.php
[ info ] [ ROUTE ] array (
  'type' => 'module',
  'module' => 
  array (
    0 => 'index',
    1 => 'cart',
    2 => 'add',
  ),
)
[ info ] [ HEADER ] array (
  'host' => 'localhost',
  'connection' => 'keep-alive',
  'content-length' => '17',
  'accept' => '*/*',
  'x-requested-with' => 'XMLHttpRequest',
  'user-agent' => 'Mozilla/5.0 (Windows NT 10.0; Win64; x64) AppleWebKit/537.36 (KHTML, like Gecko) Chrome/81.0.4044.129 Safari/537.36',
  'content-type' => 'application/x-www-form-urlencoded; charset=UTF-8',
  'origin' => 'http://localhost',
  'sec-fetch-site' => 'same-origin',
  'sec-fetch-mode' => 'cors',
  'sec-fetch-dest' => 'empty',
  'referer' => 'http://localhost/shop/public/index.php/index/goods/list',
  'accept-encoding' => 'gzip, deflate, br',
  'accept-language' => 'zh-CN,zh;q=0.9,en-US;q=0.8,en;q=0.7',
  'cookie' => 'PHPSESSID=dgf3uof9ng3hncpoihov6jmnad',
)
[ info ] [ PARAM ] array (
  'goodsId' => '5',
  'count' => '1',
)
[ info ] [ RUN ] app\index\controller\Cart->add[ D:\Wamp\www\shop\application\index\controller\Cart.php ]
[ info ] [ SESSION ] INIT array (
  'id' => '',
  'var_session_id' => '',
  'prefix' => 'think',
  'type' => '',
  'auto_start' => true,
)
[ info ] [ LOG ] INIT File
---------------------------------------------------------------
[ 2020-07-01T23:01:27+08:00 ] 0.0.0.0 GET localhost/shop/public/index.php/index/member/login
[运行时间：0.032364s] [吞吐率：30.90req/s] [内存消耗：249.34kb] [文件加载：42]
[ info ] [ LANG ] D:\Wamp\www\shop\thinkphp\lang\zh-cn.php
[ info ] [ ROUTE ] array (
  'type' => 'module',
  'module' => 
  array (
    0 => 'index',
    1 => 'member',
    2 => 'login',
  ),
)
[ info ] [ HEADER ] array (
  'host' => 'localhost',
  'connection' => 'keep-alive',
  'upgrade-insecure-requests' => '1',
  'user-agent' => 'Mozilla/5.0 (Windows NT 10.0; Win64; x64) AppleWebKit/537.36 (KHTML, like Gecko) Chrome/81.0.4044.129 Safari/537.36',
  'accept' => 'text/html,application/xhtml+xml,application/xml;q=0.9,image/webp,image/apng,*/*;q=0.8,application/signed-exchange;v=b3;q=0.9',
  'sec-fetch-site' => 'same-origin',
  'sec-fetch-mode' => 'navigate',
  'sec-fetch-user' => '?1',
  'sec-fetch-dest' => 'document',
  'referer' => 'http://localhost/shop/public/index.php/index/goods/list',
  'accept-encoding' => 'gzip, deflate, br',
  'accept-language' => 'zh-CN,zh;q=0.9,en-US;q=0.8,en;q=0.7',
  'cookie' => 'PHPSESSID=dgf3uof9ng3hncpoihov6jmnad',
)
[ info ] [ PARAM ] array (
)
[ info ] [ RUN ] app\index\controller\Member->login[ D:\Wamp\www\shop\application\index\controller\Member.php ]
[ info ] [ SESSION ] INIT array (
  'id' => '',
  'var_session_id' => '',
  'prefix' => 'think',
  'type' => '',
  'auto_start' => true,
)
[ info ] [ VIEW ] D:\Wamp\www\shop\public/../application/index\view\member\login.html [ array (
) ]
[ info ] [ LOG ] INIT File
---------------------------------------------------------------
[ 2020-07-01T23:01:27+08:00 ] 0.0.0.0 GET localhost/shop/public/index.php/captcha
[运行时间：0.089042s] [吞吐率：11.23req/s] [内存消耗：234.16kb] [文件加载：34]
[ info ] [ LANG ] D:\Wamp\www\shop\thinkphp\lang\zh-cn.php
[ info ] [ ROUTE ] array (
  'type' => 'method',
  'method' => 
  array (
    0 => '\\think\\captcha\\CaptchaController',
    1 => 'index',
  ),
  'var' => 
  array (
  ),
)
[ info ] [ HEADER ] array (
  'host' => 'localhost',
  'connection' => 'keep-alive',
  'user-agent' => 'Mozilla/5.0 (Windows NT 10.0; Win64; x64) AppleWebKit/537.36 (KHTML, like Gecko) Chrome/81.0.4044.129 Safari/537.36',
  'accept' => 'image/webp,image/apng,image/*,*/*;q=0.8',
  'sec-fetch-site' => 'same-origin',
  'sec-fetch-mode' => 'no-cors',
  'sec-fetch-dest' => 'image',
  'referer' => 'http://localhost/shop/public/index.php/index/member/login',
  'accept-encoding' => 'gzip, deflate, br',
  'accept-language' => 'zh-CN,zh;q=0.9,en-US;q=0.8,en;q=0.7',
  'cookie' => 'PHPSESSID=dgf3uof9ng3hncpoihov6jmnad',
)
[ info ] [ PARAM ] array (
  'id' => NULL,
)
[ info ] [ RUN ] think\captcha\CaptchaController->index[ D:\Wamp\www\shop\vendor\topthink\think-captcha\src\CaptchaController.php ]
[ info ] [ SESSION ] INIT array (
  'id' => '',
  'var_session_id' => '',
  'prefix' => 'think',
  'type' => '',
  'auto_start' => true,
)
[ info ] [ LOG ] INIT File
---------------------------------------------------------------
[ 2020-07-01T23:01:28+08:00 ] 0.0.0.0 GET localhost/shop/public/index.php/index/member/favicon.ico
[运行时间：0.019798s] [吞吐率：50.51req/s] [内存消耗：229.43kb] [文件加载：42]
[ info ] [ LANG ] D:\Wamp\www\shop\thinkphp\lang\zh-cn.php
[ info ] [ ROUTE ] array (
  'type' => 'module',
  'module' => 
  array (
    0 => 'index',
    1 => 'member',
    2 => 'favicon',
  ),
)
[ info ] [ HEADER ] array (
  'host' => 'localhost',
  'connection' => 'keep-alive',
  'user-agent' => 'Mozilla/5.0 (Windows NT 10.0; Win64; x64) AppleWebKit/537.36 (KHTML, like Gecko) Chrome/81.0.4044.129 Safari/537.36',
  'accept' => 'image/webp,image/apng,image/*,*/*;q=0.8',
  'sec-fetch-site' => 'same-origin',
  'sec-fetch-mode' => 'no-cors',
  'sec-fetch-dest' => 'empty',
  'referer' => 'http://localhost/shop/public/index.php/index/member/login',
  'accept-encoding' => 'gzip, deflate, br',
  'accept-language' => 'zh-CN,zh;q=0.9,en-US;q=0.8,en;q=0.7',
  'cookie' => 'PHPSESSID=dgf3uof9ng3hncpoihov6jmnad',
)
[ info ] [ PARAM ] array (
)
[ info ] [ LOG ] INIT File
---------------------------------------------------------------
[ 2020-07-01T23:01:50+08:00 ] 0.0.0.0 POST localhost/shop/public/index.php/index/member/checkcaptcha
[运行时间：0.031059s] [吞吐率：32.20req/s] [内存消耗：247.05kb] [文件加载：41]
[ info ] [ LANG ] D:\Wamp\www\shop\thinkphp\lang\zh-cn.php
[ info ] [ ROUTE ] array (
  'type' => 'module',
  'module' => 
  array (
    0 => 'index',
    1 => 'member',
    2 => 'checkcaptcha',
  ),
)
[ info ] [ HEADER ] array (
  'host' => 'localhost',
  'connection' => 'keep-alive',
  'content-length' => '12',
  'accept' => 'application/json, text/javascript, */*; q=0.01',
  'x-requested-with' => 'XMLHttpRequest',
  'user-agent' => 'Mozilla/5.0 (Windows NT 10.0; Win64; x64) AppleWebKit/537.36 (KHTML, like Gecko) Chrome/81.0.4044.129 Safari/537.36',
  'content-type' => 'application/x-www-form-urlencoded; charset=UTF-8',
  'origin' => 'http://localhost',
  'sec-fetch-site' => 'same-origin',
  'sec-fetch-mode' => 'cors',
  'sec-fetch-dest' => 'empty',
  'referer' => 'http://localhost/shop/public/index.php/index/member/login',
  'accept-encoding' => 'gzip, deflate, br',
  'accept-language' => 'zh-CN,zh;q=0.9,en-US;q=0.8,en;q=0.7',
  'cookie' => 'PHPSESSID=dgf3uof9ng3hncpoihov6jmnad',
)
[ info ] [ PARAM ] array (
  'captcha' => 'JVEY',
)
[ info ] [ RUN ] app\index\controller\Member->checkCaptcha[ D:\Wamp\www\shop\application\index\controller\Member.php ]
[ info ] [ SESSION ] INIT array (
  'id' => '',
  'var_session_id' => '',
  'prefix' => 'think',
  'type' => '',
  'auto_start' => true,
)
[ info ] [ LOG ] INIT File
---------------------------------------------------------------
[ 2020-07-01T23:01:50+08:00 ] 0.0.0.0 POST localhost/shop/public/index.php/index/member/login
[运行时间：0.048885s] [吞吐率：20.46req/s] [内存消耗：444.64kb] [文件加载：51]
[ info ] [ LANG ] D:\Wamp\www\shop\thinkphp\lang\zh-cn.php
[ info ] [ ROUTE ] array (
  'type' => 'module',
  'module' => 
  array (
    0 => 'index',
    1 => 'member',
    2 => 'login',
  ),
)
[ info ] [ HEADER ] array (
  'host' => 'localhost',
  'connection' => 'keep-alive',
  'content-length' => '207',
  'cache-control' => 'max-age=0',
  'upgrade-insecure-requests' => '1',
  'origin' => 'http://localhost',
  'content-type' => 'application/x-www-form-urlencoded',
  'user-agent' => 'Mozilla/5.0 (Windows NT 10.0; Win64; x64) AppleWebKit/537.36 (KHTML, like Gecko) Chrome/81.0.4044.129 Safari/537.36',
  'accept' => 'text/html,application/xhtml+xml,application/xml;q=0.9,image/webp,image/apng,*/*;q=0.8,application/signed-exchange;v=b3;q=0.9',
  'sec-fetch-site' => 'same-origin',
  'sec-fetch-mode' => 'navigate',
  'sec-fetch-user' => '?1',
  'sec-fetch-dest' => 'document',
  'referer' => 'http://localhost/shop/public/index.php/index/member/login',
  'accept-encoding' => 'gzip, deflate, br',
  'accept-language' => 'zh-CN,zh;q=0.9,en-US;q=0.8,en;q=0.7',
  'cookie' => 'PHPSESSID=dgf3uof9ng3hncpoihov6jmnad',
)
[ info ] [ PARAM ] array (
  'username' => '18575784345',
  'password' => '123456',
  'captcha' => 'JVEY',
  'dsc_token' => 'd181014a3312a8a86c67ccff723ac5fd',
  'act' => 'act_login',
  'back_act' => '.%2Findex.php',
  'submit' => '登  录',
)
[ info ] [ RUN ] app\index\controller\Member->login[ D:\Wamp\www\shop\application\index\controller\Member.php ]
[ info ] [ SESSION ] INIT array (
  'id' => '',
  'var_session_id' => '',
  'prefix' => 'think',
  'type' => '',
  'auto_start' => true,
)
[ info ] [ DB ] INIT mysql
[ info ] [ VIEW ] D:\Wamp\www\shop\thinkphp\tpl\dispatch_jump.tpl [ array (
  0 => 'code',
  1 => 'msg',
  2 => 'data',
  3 => 'url',
  4 => 'wait',
) ]
[ info ] [ LOG ] INIT File
[ sql ] [ DB ] CONNECT:[ UseTime:0.010609s ] mysql:host=127.0.0.1;dbname=shop;charset=utf8
[ sql ] [ SQL ] SHOW COLUMNS FROM `member` [ RunTime:0.006167s ]
[ sql ] [ SQL ] SELECT * FROM `member` WHERE  `phone` = '18575784345' LIMIT 1 [ RunTime:0.002781s ]
---------------------------------------------------------------
[ 2020-07-01T23:01:53+08:00 ] 0.0.0.0 GET localhost/shop/public/index.php/index/goods/list
[运行时间：0.110196s] [吞吐率：9.07req/s] [内存消耗：632.98kb] [文件加载：55]
[ info ] [ LANG ] D:\Wamp\www\shop\thinkphp\lang\zh-cn.php
[ info ] [ ROUTE ] array (
  'type' => 'module',
  'module' => 
  array (
    0 => 'index',
    1 => 'goods',
    2 => 'list',
  ),
)
[ info ] [ HEADER ] array (
  'host' => 'localhost',
  'connection' => 'keep-alive',
  'upgrade-insecure-requests' => '1',
  'user-agent' => 'Mozilla/5.0 (Windows NT 10.0; Win64; x64) AppleWebKit/537.36 (KHTML, like Gecko) Chrome/81.0.4044.129 Safari/537.36',
  'accept' => 'text/html,application/xhtml+xml,application/xml;q=0.9,image/webp,image/apng,*/*;q=0.8,application/signed-exchange;v=b3;q=0.9',
  'sec-fetch-site' => 'same-origin',
  'sec-fetch-mode' => 'navigate',
  'sec-fetch-dest' => 'document',
  'referer' => 'http://localhost/shop/public/index.php/index/member/login',
  'accept-encoding' => 'gzip, deflate, br',
  'accept-language' => 'zh-CN,zh;q=0.9,en-US;q=0.8,en;q=0.7',
  'cookie' => 'PHPSESSID=dgf3uof9ng3hncpoihov6jmnad',
)
[ info ] [ PARAM ] array (
)
[ info ] [ RUN ] app\index\controller\Goods->list[ D:\Wamp\www\shop\application\index\controller\Goods.php ]
[ info ] [ DB ] INIT mysql
[ info ] [ DB ] INIT mysql
[ info ] [ VIEW ] D:\Wamp\www\shop\public/../application/index\view\goods\list.html [ array (
  0 => 'cates',
  1 => 'goodsList',
  2 => 'pageHtml',
  3 => 'conds',
) ]
[ info ] [ SESSION ] INIT array (
  'id' => '',
  'var_session_id' => '',
  'prefix' => 'think',
  'type' => '',
  'auto_start' => true,
)
[ info ] [ LOG ] INIT File
[ sql ] [ DB ] CONNECT:[ UseTime:0.004009s ] mysql:host=127.0.0.1;dbname=shop;charset=utf8
[ sql ] [ SQL ] SHOW COLUMNS FROM `category` [ RunTime:0.008610s ]
[ sql ] [ SQL ] SELECT * FROM `category` ORDER BY `sort` DESC,`id` DESC [ RunTime:0.002466s ]
[ sql ] [ DB ] CONNECT:[ UseTime:0.005103s ] mysql:host=127.0.0.1;dbname=shop;charset=utf8
[ sql ] [ SQL ] SHOW COLUMNS FROM `goods` [ RunTime:0.007001s ]
[ sql ] [ SQL ] SELECT COUNT(*) AS tp_count FROM `goods` LIMIT 1 [ RunTime:0.001960s ]
[ sql ] [ SQL ] SELECT `id`,`goodsName`,`mainPic`,`salePrice`,`saleCount` FROM `goods` ORDER BY `onSaleTime` DESC LIMIT 0,12 [ RunTime:0.013737s ]
---------------------------------------------------------------
[ 2020-07-01T23:01:56+08:00 ] 0.0.0.0 POST localhost/shop/public/index.php/index/cart/add
[运行时间：0.066193s] [吞吐率：15.11req/s] [内存消耗：490.65kb] [文件加载：53]
[ info ] [ LANG ] D:\Wamp\www\shop\thinkphp\lang\zh-cn.php
[ info ] [ ROUTE ] array (
  'type' => 'module',
  'module' => 
  array (
    0 => 'index',
    1 => 'cart',
    2 => 'add',
  ),
)
[ info ] [ HEADER ] array (
  'host' => 'localhost',
  'connection' => 'keep-alive',
  'content-length' => '17',
  'accept' => '*/*',
  'x-requested-with' => 'XMLHttpRequest',
  'user-agent' => 'Mozilla/5.0 (Windows NT 10.0; Win64; x64) AppleWebKit/537.36 (KHTML, like Gecko) Chrome/81.0.4044.129 Safari/537.36',
  'content-type' => 'application/x-www-form-urlencoded; charset=UTF-8',
  'origin' => 'http://localhost',
  'sec-fetch-site' => 'same-origin',
  'sec-fetch-mode' => 'cors',
  'sec-fetch-dest' => 'empty',
  'referer' => 'http://localhost/shop/public/index.php/index/goods/list',
  'accept-encoding' => 'gzip, deflate, br',
  'accept-language' => 'zh-CN,zh;q=0.9,en-US;q=0.8,en;q=0.7',
  'cookie' => 'PHPSESSID=dgf3uof9ng3hncpoihov6jmnad',
)
[ info ] [ PARAM ] array (
  'goodsId' => '4',
  'count' => '1',
)
[ info ] [ RUN ] app\index\controller\Cart->add[ D:\Wamp\www\shop\application\index\controller\Cart.php ]
[ info ] [ SESSION ] INIT array (
  'id' => '',
  'var_session_id' => '',
  'prefix' => 'think',
  'type' => '',
  'auto_start' => true,
)
[ info ] [ DB ] INIT mysql
[ info ] [ CACHE ] INIT File
[ info ] [ LOG ] INIT File
[ sql ] [ DB ] CONNECT:[ UseTime:0.011547s ] mysql:host=127.0.0.1;dbname=shop;charset=utf8
[ sql ] [ SQL ] SHOW COLUMNS FROM `cart` [ RunTime:0.005055s ]
[ sql ] [ SQL ] SELECT * FROM `cart` WHERE  `memberId` = 1  AND `goodsId` = 4 LIMIT 1 [ RunTime:0.001280s ]
[ sql ] [ SQL ] SHOW COLUMNS FROM `goods` [ RunTime:0.003375s ]
[ sql ] [ SQL ] SELECT * FROM `goods` WHERE  `id` = 4 LIMIT 1 [ RunTime:0.001206s ]
[ sql ] [ SQL ] UPDATE `cart`  SET `count`=`count`+1  WHERE  `id` = 9 [ RunTime:0.005809s ]
---------------------------------------------------------------
[ 2020-07-01T23:01:58+08:00 ] 0.0.0.0 GET localhost/shop/public/index.php/index/goods/index?id=4
[运行时间：0.054373s] [吞吐率：18.39req/s] [内存消耗：592.81kb] [文件加载：52]
[ info ] [ LANG ] D:\Wamp\www\shop\thinkphp\lang\zh-cn.php
[ info ] [ ROUTE ] array (
  'type' => 'module',
  'module' => 
  array (
    0 => 'index',
    1 => 'goods',
    2 => 'index',
  ),
)
[ info ] [ HEADER ] array (
  'host' => 'localhost',
  'connection' => 'keep-alive',
  'upgrade-insecure-requests' => '1',
  'user-agent' => 'Mozilla/5.0 (Windows NT 10.0; Win64; x64) AppleWebKit/537.36 (KHTML, like Gecko) Chrome/81.0.4044.129 Safari/537.36',
  'accept' => 'text/html,application/xhtml+xml,application/xml;q=0.9,image/webp,image/apng,*/*;q=0.8,application/signed-exchange;v=b3;q=0.9',
  'sec-fetch-site' => 'same-origin',
  'sec-fetch-mode' => 'navigate',
  'sec-fetch-user' => '?1',
  'sec-fetch-dest' => 'document',
  'referer' => 'http://localhost/shop/public/index.php/index/goods/list',
  'accept-encoding' => 'gzip, deflate, br',
  'accept-language' => 'zh-CN,zh;q=0.9,en-US;q=0.8,en;q=0.7',
  'cookie' => 'PHPSESSID=dgf3uof9ng3hncpoihov6jmnad',
)
[ info ] [ PARAM ] array (
  'id' => '4',
)
[ info ] [ RUN ] app\index\controller\Goods->index[ D:\Wamp\www\shop\application\index\controller\Goods.php ]
[ info ] [ DB ] INIT mysql
[ info ] [ VIEW ] D:\Wamp\www\shop\public/../application/index\view\goods\goods.html [ array (
  0 => 'goods',
) ]
[ info ] [ SESSION ] INIT array (
  'id' => '',
  'var_session_id' => '',
  'prefix' => 'think',
  'type' => '',
  'auto_start' => true,
)
[ info ] [ LOG ] INIT File
[ sql ] [ DB ] CONNECT:[ UseTime:0.011089s ] mysql:host=127.0.0.1;dbname=shop;charset=utf8
[ sql ] [ SQL ] SHOW COLUMNS FROM `goods` [ RunTime:0.003025s ]
[ sql ] [ SQL ] SELECT `g`.*,`c`.`cateName` FROM `goods` `g` INNER JOIN `category` `c` ON `g`.`cateId`=`c`.`id` WHERE  `g`.`id` = '4' LIMIT 1 [ RunTime:0.002593s ]
---------------------------------------------------------------
[ 2020-07-01T23:02:01+08:00 ] 0.0.0.0 POST localhost/shop/public/index.php/index/cart/add
[运行时间：0.068713s] [吞吐率：14.55req/s] [内存消耗：489.45kb] [文件加载：53]
[ info ] [ LANG ] D:\Wamp\www\shop\thinkphp\lang\zh-cn.php
[ info ] [ ROUTE ] array (
  'type' => 'module',
  'module' => 
  array (
    0 => 'index',
    1 => 'cart',
    2 => 'add',
  ),
)
[ info ] [ HEADER ] array (
  'host' => 'localhost',
  'connection' => 'keep-alive',
  'content-length' => '17',
  'accept' => '*/*',
  'x-requested-with' => 'XMLHttpRequest',
  'user-agent' => 'Mozilla/5.0 (Windows NT 10.0; Win64; x64) AppleWebKit/537.36 (KHTML, like Gecko) Chrome/81.0.4044.129 Safari/537.36',
  'content-type' => 'application/x-www-form-urlencoded; charset=UTF-8',
  'origin' => 'http://localhost',
  'sec-fetch-site' => 'same-origin',
  'sec-fetch-mode' => 'cors',
  'sec-fetch-dest' => 'empty',
  'referer' => 'http://localhost/shop/public/index.php/index/goods/index?id=4',
  'accept-encoding' => 'gzip, deflate, br',
  'accept-language' => 'zh-CN,zh;q=0.9,en-US;q=0.8,en;q=0.7',
  'cookie' => 'PHPSESSID=dgf3uof9ng3hncpoihov6jmnad',
)
[ info ] [ PARAM ] array (
  'goodsId' => '4',
  'count' => '1',
)
[ info ] [ RUN ] app\index\controller\Cart->add[ D:\Wamp\www\shop\application\index\controller\Cart.php ]
[ info ] [ SESSION ] INIT array (
  'id' => '',
  'var_session_id' => '',
  'prefix' => 'think',
  'type' => '',
  'auto_start' => true,
)
[ info ] [ DB ] INIT mysql
[ info ] [ CACHE ] INIT File
[ info ] [ LOG ] INIT File
[ sql ] [ DB ] CONNECT:[ UseTime:0.010593s ] mysql:host=127.0.0.1;dbname=shop;charset=utf8
[ sql ] [ SQL ] SHOW COLUMNS FROM `cart` [ RunTime:0.004658s ]
[ sql ] [ SQL ] SELECT * FROM `cart` WHERE  `memberId` = 1  AND `goodsId` = 4 LIMIT 1 [ RunTime:0.001719s ]
[ sql ] [ SQL ] SHOW COLUMNS FROM `goods` [ RunTime:0.006554s ]
[ sql ] [ SQL ] SELECT * FROM `goods` WHERE  `id` = 4 LIMIT 1 [ RunTime:0.002499s ]
[ sql ] [ SQL ] UPDATE `cart`  SET `count`=`count`+1  WHERE  `id` = 9 [ RunTime:0.012493s ]
---------------------------------------------------------------
[ 2020-07-01T23:02:09+08:00 ] 0.0.0.0 GET localhost/shop/public/index.php/index/cart/index
[运行时间：0.043712s] [吞吐率：22.88req/s] [内存消耗：462.30kb] [文件加载：50]
[ info ] [ LANG ] D:\Wamp\www\shop\thinkphp\lang\zh-cn.php
[ info ] [ ROUTE ] array (
  'type' => 'module',
  'module' => 
  array (
    0 => 'index',
    1 => 'cart',
    2 => 'index',
  ),
)
[ info ] [ HEADER ] array (
  'host' => 'localhost',
  'connection' => 'keep-alive',
  'upgrade-insecure-requests' => '1',
  'user-agent' => 'Mozilla/5.0 (Windows NT 10.0; Win64; x64) AppleWebKit/537.36 (KHTML, like Gecko) Chrome/81.0.4044.129 Safari/537.36',
  'accept' => 'text/html,application/xhtml+xml,application/xml;q=0.9,image/webp,image/apng,*/*;q=0.8,application/signed-exchange;v=b3;q=0.9',
  'sec-fetch-site' => 'same-origin',
  'sec-fetch-mode' => 'navigate',
  'sec-fetch-user' => '?1',
  'sec-fetch-dest' => 'document',
  'referer' => 'http://localhost/shop/public/index.php/index/goods/list',
  'accept-encoding' => 'gzip, deflate, br',
  'accept-language' => 'zh-CN,zh;q=0.9,en-US;q=0.8,en;q=0.7',
  'cookie' => 'PHPSESSID=dgf3uof9ng3hncpoihov6jmnad',
)
[ info ] [ PARAM ] array (
)
[ info ] [ RUN ] app\index\controller\Cart->index[ D:\Wamp\www\shop\application\index\controller\Cart.php ]
[ info ] [ SESSION ] INIT array (
  'id' => '',
  'var_session_id' => '',
  'prefix' => 'think',
  'type' => '',
  'auto_start' => true,
)
[ info ] [ DB ] INIT mysql
[ info ] [ VIEW ] D:\Wamp\www\shop\public/../application/index\view\cart\cart_list.html [ array (
  0 => 'itemList',
) ]
[ info ] [ LOG ] INIT File
[ sql ] [ DB ] CONNECT:[ UseTime:0.003769s ] mysql:host=127.0.0.1;dbname=shop;charset=utf8
[ sql ] [ SQL ] SHOW COLUMNS FROM `cart` [ RunTime:0.003261s ]
[ sql ] [ SQL ] SELECT c.id as cartId,`c`.`count`,g.id as goodsId,`goodsName`,`mainPic`,`salePrice`,g.count as last FROM `cart` `c` INNER JOIN `goods` `g` ON `c`.`goodsId`=`g`.`id` WHERE  `memberId` = 1 [ RunTime:0.002887s ]
---------------------------------------------------------------
[ 2020-07-01T23:02:09+08:00 ] 0.0.0.0 GET localhost/shop/public/index.php/index/cart/favicon.ico
[运行时间：0.020850s] [吞吐率：47.96req/s] [内存消耗：229.11kb] [文件加载：42]
[ info ] [ LANG ] D:\Wamp\www\shop\thinkphp\lang\zh-cn.php
[ info ] [ ROUTE ] array (
  'type' => 'module',
  'module' => 
  array (
    0 => 'index',
    1 => 'cart',
    2 => 'favicon',
  ),
)
[ info ] [ HEADER ] array (
  'host' => 'localhost',
  'connection' => 'keep-alive',
  'user-agent' => 'Mozilla/5.0 (Windows NT 10.0; Win64; x64) AppleWebKit/537.36 (KHTML, like Gecko) Chrome/81.0.4044.129 Safari/537.36',
  'accept' => 'image/webp,image/apng,image/*,*/*;q=0.8',
  'sec-fetch-site' => 'same-origin',
  'sec-fetch-mode' => 'no-cors',
  'sec-fetch-dest' => 'empty',
  'referer' => 'http://localhost/shop/public/index.php/index/cart/index',
  'accept-encoding' => 'gzip, deflate, br',
  'accept-language' => 'zh-CN,zh;q=0.9,en-US;q=0.8,en;q=0.7',
  'cookie' => 'PHPSESSID=dgf3uof9ng3hncpoihov6jmnad',
)
[ info ] [ PARAM ] array (
)
[ info ] [ LOG ] INIT File
---------------------------------------------------------------
[ 2020-07-01T23:02:18+08:00 ] 0.0.0.0 GET localhost/shop/public/index.php/index/goods/list
[运行时间：0.060063s] [吞吐率：16.65req/s] [内存消耗：632.98kb] [文件加载：55]
[ info ] [ LANG ] D:\Wamp\www\shop\thinkphp\lang\zh-cn.php
[ info ] [ ROUTE ] array (
  'type' => 'module',
  'module' => 
  array (
    0 => 'index',
    1 => 'goods',
    2 => 'list',
  ),
)
[ info ] [ HEADER ] array (
  'host' => 'localhost',
  'connection' => 'keep-alive',
  'upgrade-insecure-requests' => '1',
  'user-agent' => 'Mozilla/5.0 (Windows NT 10.0; Win64; x64) AppleWebKit/537.36 (KHTML, like Gecko) Chrome/81.0.4044.129 Safari/537.36',
  'accept' => 'text/html,application/xhtml+xml,application/xml;q=0.9,image/webp,image/apng,*/*;q=0.8,application/signed-exchange;v=b3;q=0.9',
  'sec-fetch-site' => 'same-origin',
  'sec-fetch-mode' => 'navigate',
  'sec-fetch-dest' => 'document',
  'referer' => 'http://localhost/shop/public/index.php/index/member/login',
  'accept-encoding' => 'gzip, deflate, br',
  'accept-language' => 'zh-CN,zh;q=0.9,en-US;q=0.8,en;q=0.7',
  'cookie' => 'PHPSESSID=dgf3uof9ng3hncpoihov6jmnad',
)
[ info ] [ PARAM ] array (
)
[ info ] [ RUN ] app\index\controller\Goods->list[ D:\Wamp\www\shop\application\index\controller\Goods.php ]
[ info ] [ DB ] INIT mysql
[ info ] [ DB ] INIT mysql
[ info ] [ VIEW ] D:\Wamp\www\shop\public/../application/index\view\goods\list.html [ array (
  0 => 'cates',
  1 => 'goodsList',
  2 => 'pageHtml',
  3 => 'conds',
) ]
[ info ] [ SESSION ] INIT array (
  'id' => '',
  'var_session_id' => '',
  'prefix' => 'think',
  'type' => '',
  'auto_start' => true,
)
[ info ] [ LOG ] INIT File
[ sql ] [ DB ] CONNECT:[ UseTime:0.011255s ] mysql:host=127.0.0.1;dbname=shop;charset=utf8
[ sql ] [ SQL ] SHOW COLUMNS FROM `category` [ RunTime:0.003841s ]
[ sql ] [ SQL ] SELECT * FROM `category` ORDER BY `sort` DESC,`id` DESC [ RunTime:0.001367s ]
[ sql ] [ DB ] CONNECT:[ UseTime:0.003020s ] mysql:host=127.0.0.1;dbname=shop;charset=utf8
[ sql ] [ SQL ] SHOW COLUMNS FROM `goods` [ RunTime:0.003801s ]
[ sql ] [ SQL ] SELECT COUNT(*) AS tp_count FROM `goods` LIMIT 1 [ RunTime:0.001064s ]
[ sql ] [ SQL ] SELECT `id`,`goodsName`,`mainPic`,`salePrice`,`saleCount` FROM `goods` ORDER BY `onSaleTime` DESC LIMIT 0,12 [ RunTime:0.001126s ]
---------------------------------------------------------------
[ 2020-07-01T23:02:31+08:00 ] 0.0.0.0 GET localhost/shop/public/index.php/index/goods/index?id=4
[运行时间：0.035903s] [吞吐率：27.85req/s] [内存消耗：461.64kb] [文件加载：50]
[ info ] [ LANG ] D:\Wamp\www\shop\thinkphp\lang\zh-cn.php
[ info ] [ ROUTE ] array (
  'type' => 'module',
  'module' => 
  array (
    0 => 'index',
    1 => 'goods',
    2 => 'index',
  ),
)
[ info ] [ HEADER ] array (
  'host' => 'localhost',
  'connection' => 'keep-alive',
  'upgrade-insecure-requests' => '1',
  'user-agent' => 'Mozilla/5.0 (Windows NT 10.0; Win64; x64) AppleWebKit/537.36 (KHTML, like Gecko) Chrome/81.0.4044.129 Safari/537.36',
  'accept' => 'text/html,application/xhtml+xml,application/xml;q=0.9,image/webp,image/apng,*/*;q=0.8,application/signed-exchange;v=b3;q=0.9',
  'sec-fetch-site' => 'same-origin',
  'sec-fetch-mode' => 'navigate',
  'sec-fetch-dest' => 'document',
  'referer' => 'http://localhost/shop/public/index.php/index/goods/list',
  'accept-encoding' => 'gzip, deflate, br',
  'accept-language' => 'zh-CN,zh;q=0.9,en-US;q=0.8,en;q=0.7',
  'cookie' => 'PHPSESSID=dgf3uof9ng3hncpoihov6jmnad',
)
[ info ] [ PARAM ] array (
  'id' => '4',
)
[ info ] [ RUN ] app\index\controller\Goods->index[ D:\Wamp\www\shop\application\index\controller\Goods.php ]
[ info ] [ DB ] INIT mysql
[ info ] [ VIEW ] D:\Wamp\www\shop\public/../application/index\view\goods\goods.html [ array (
  0 => 'goods',
) ]
[ info ] [ SESSION ] INIT array (
  'id' => '',
  'var_session_id' => '',
  'prefix' => 'think',
  'type' => '',
  'auto_start' => true,
)
[ info ] [ LOG ] INIT File
[ sql ] [ DB ] CONNECT:[ UseTime:0.002954s ] mysql:host=127.0.0.1;dbname=shop;charset=utf8
[ sql ] [ SQL ] SHOW COLUMNS FROM `goods` [ RunTime:0.003321s ]
[ sql ] [ SQL ] SELECT `g`.*,`c`.`cateName` FROM `goods` `g` INNER JOIN `category` `c` ON `g`.`cateId`=`c`.`id` WHERE  `g`.`id` = '4' LIMIT 1 [ RunTime:0.003333s ]
---------------------------------------------------------------
[ 2020-07-01T23:02:37+08:00 ] 0.0.0.0 GET localhost/shop/public/index.php/index/goods/index?id=1
[运行时间：0.104306s] [吞吐率：9.59req/s] [内存消耗：460.84kb] [文件加载：50]
[ info ] [ LANG ] D:\Wamp\www\shop\thinkphp\lang\zh-cn.php
[ info ] [ ROUTE ] array (
  'type' => 'module',
  'module' => 
  array (
    0 => 'index',
    1 => 'goods',
    2 => 'index',
  ),
)
[ info ] [ HEADER ] array (
  'host' => 'localhost',
  'connection' => 'keep-alive',
  'upgrade-insecure-requests' => '1',
  'user-agent' => 'Mozilla/5.0 (Windows NT 10.0; Win64; x64) AppleWebKit/537.36 (KHTML, like Gecko) Chrome/81.0.4044.129 Safari/537.36',
  'accept' => 'text/html,application/xhtml+xml,application/xml;q=0.9,image/webp,image/apng,*/*;q=0.8,application/signed-exchange;v=b3;q=0.9',
  'sec-fetch-site' => 'same-origin',
  'sec-fetch-mode' => 'navigate',
  'sec-fetch-user' => '?1',
  'sec-fetch-dest' => 'document',
  'referer' => 'http://localhost/shop/public/index.php/index/goods/list',
  'accept-encoding' => 'gzip, deflate, br',
  'accept-language' => 'zh-CN,zh;q=0.9,en-US;q=0.8,en;q=0.7',
  'cookie' => 'PHPSESSID=dgf3uof9ng3hncpoihov6jmnad',
)
[ info ] [ PARAM ] array (
  'id' => '1',
)
[ info ] [ RUN ] app\index\controller\Goods->index[ D:\Wamp\www\shop\application\index\controller\Goods.php ]
[ info ] [ DB ] INIT mysql
[ info ] [ VIEW ] D:\Wamp\www\shop\public/../application/index\view\goods\goods.html [ array (
  0 => 'goods',
) ]
[ info ] [ SESSION ] INIT array (
  'id' => '',
  'var_session_id' => '',
  'prefix' => 'think',
  'type' => '',
  'auto_start' => true,
)
[ info ] [ LOG ] INIT File
[ sql ] [ DB ] CONNECT:[ UseTime:0.013980s ] mysql:host=127.0.0.1;dbname=shop;charset=utf8
[ sql ] [ SQL ] SHOW COLUMNS FROM `goods` [ RunTime:0.009287s ]
[ sql ] [ SQL ] SELECT `g`.*,`c`.`cateName` FROM `goods` `g` INNER JOIN `category` `c` ON `g`.`cateId`=`c`.`id` WHERE  `g`.`id` = '1' LIMIT 1 [ RunTime:0.009316s ]
---------------------------------------------------------------
[ 2020-07-01T23:02:48+08:00 ] 0.0.0.0 POST localhost/shop/public/index.php/index/cart/add
[运行时间：0.074535s] [吞吐率：13.42req/s] [内存消耗：489.35kb] [文件加载：53]
[ info ] [ LANG ] D:\Wamp\www\shop\thinkphp\lang\zh-cn.php
[ info ] [ ROUTE ] array (
  'type' => 'module',
  'module' => 
  array (
    0 => 'index',
    1 => 'cart',
    2 => 'add',
  ),
)
[ info ] [ HEADER ] array (
  'host' => 'localhost',
  'connection' => 'keep-alive',
  'content-length' => '17',
  'accept' => '*/*',
  'x-requested-with' => 'XMLHttpRequest',
  'user-agent' => 'Mozilla/5.0 (Windows NT 10.0; Win64; x64) AppleWebKit/537.36 (KHTML, like Gecko) Chrome/81.0.4044.129 Safari/537.36',
  'content-type' => 'application/x-www-form-urlencoded; charset=UTF-8',
  'origin' => 'http://localhost',
  'sec-fetch-site' => 'same-origin',
  'sec-fetch-mode' => 'cors',
  'sec-fetch-dest' => 'empty',
  'referer' => 'http://localhost/shop/public/index.php/index/goods/index?id=1',
  'accept-encoding' => 'gzip, deflate, br',
  'accept-language' => 'zh-CN,zh;q=0.9,en-US;q=0.8,en;q=0.7',
  'cookie' => 'PHPSESSID=dgf3uof9ng3hncpoihov6jmnad',
)
[ info ] [ PARAM ] array (
  'goodsId' => '1',
  'count' => '4',
)
[ info ] [ RUN ] app\index\controller\Cart->add[ D:\Wamp\www\shop\application\index\controller\Cart.php ]
[ info ] [ SESSION ] INIT array (
  'id' => '',
  'var_session_id' => '',
  'prefix' => 'think',
  'type' => '',
  'auto_start' => true,
)
[ info ] [ DB ] INIT mysql
[ info ] [ CACHE ] INIT File
[ info ] [ LOG ] INIT File
[ sql ] [ DB ] CONNECT:[ UseTime:0.011811s ] mysql:host=127.0.0.1;dbname=shop;charset=utf8
[ sql ] [ SQL ] SHOW COLUMNS FROM `cart` [ RunTime:0.004883s ]
[ sql ] [ SQL ] SELECT * FROM `cart` WHERE  `memberId` = 1  AND `goodsId` = 1 LIMIT 1 [ RunTime:0.001870s ]
[ sql ] [ SQL ] SHOW COLUMNS FROM `goods` [ RunTime:0.006838s ]
[ sql ] [ SQL ] SELECT * FROM `goods` WHERE  `id` = 1 LIMIT 1 [ RunTime:0.002330s ]
[ sql ] [ SQL ] UPDATE `cart`  SET `count`=`count`+4  WHERE  `id` = 7 [ RunTime:0.017250s ]
---------------------------------------------------------------
[ 2020-07-01T23:02:58+08:00 ] 0.0.0.0 GET localhost/shop/public/index.php/index/goods/index?id=4
[运行时间：0.041776s] [吞吐率：23.94req/s] [内存消耗：460.73kb] [文件加载：50]
[ info ] [ LANG ] D:\Wamp\www\shop\thinkphp\lang\zh-cn.php
[ info ] [ ROUTE ] array (
  'type' => 'module',
  'module' => 
  array (
    0 => 'index',
    1 => 'goods',
    2 => 'index',
  ),
)
[ info ] [ HEADER ] array (
  'host' => 'localhost',
  'connection' => 'keep-alive',
  'upgrade-insecure-requests' => '1',
  'user-agent' => 'Mozilla/5.0 (Windows NT 10.0; Win64; x64) AppleWebKit/537.36 (KHTML, like Gecko) Chrome/81.0.4044.129 Safari/537.36',
  'accept' => 'text/html,application/xhtml+xml,application/xml;q=0.9,image/webp,image/apng,*/*;q=0.8,application/signed-exchange;v=b3;q=0.9',
  'sec-fetch-site' => 'same-origin',
  'sec-fetch-mode' => 'navigate',
  'sec-fetch-dest' => 'document',
  'referer' => 'http://localhost/shop/public/index.php/index/goods/list',
  'accept-encoding' => 'gzip, deflate, br',
  'accept-language' => 'zh-CN,zh;q=0.9,en-US;q=0.8,en;q=0.7',
  'cookie' => 'PHPSESSID=dgf3uof9ng3hncpoihov6jmnad',
)
[ info ] [ PARAM ] array (
  'id' => '4',
)
[ info ] [ RUN ] app\index\controller\Goods->index[ D:\Wamp\www\shop\application\index\controller\Goods.php ]
[ info ] [ DB ] INIT mysql
[ info ] [ VIEW ] D:\Wamp\www\shop\public/../application/index\view\goods\goods.html [ array (
  0 => 'goods',
) ]
[ info ] [ SESSION ] INIT array (
  'id' => '',
  'var_session_id' => '',
  'prefix' => 'think',
  'type' => '',
  'auto_start' => true,
)
[ info ] [ LOG ] INIT File
[ sql ] [ DB ] CONNECT:[ UseTime:0.011557s ] mysql:host=127.0.0.1;dbname=shop;charset=utf8
[ sql ] [ SQL ] SHOW COLUMNS FROM `goods` [ RunTime:0.003306s ]
[ sql ] [ SQL ] SELECT `g`.*,`c`.`cateName` FROM `goods` `g` INNER JOIN `category` `c` ON `g`.`cateId`=`c`.`id` WHERE  `g`.`id` = '4' LIMIT 1 [ RunTime:0.002839s ]
---------------------------------------------------------------
[ 2020-07-01T23:03:16+08:00 ] 0.0.0.0 GET localhost/shop/public/index.php/index/goods/index?id=4
[运行时间：0.041830s] [吞吐率：23.91req/s] [内存消耗：460.73kb] [文件加载：50]
[ info ] [ LANG ] D:\Wamp\www\shop\thinkphp\lang\zh-cn.php
[ info ] [ ROUTE ] array (
  'type' => 'module',
  'module' => 
  array (
    0 => 'index',
    1 => 'goods',
    2 => 'index',
  ),
)
[ info ] [ HEADER ] array (
  'host' => 'localhost',
  'connection' => 'keep-alive',
  'upgrade-insecure-requests' => '1',
  'user-agent' => 'Mozilla/5.0 (Windows NT 10.0; Win64; x64) AppleWebKit/537.36 (KHTML, like Gecko) Chrome/81.0.4044.129 Safari/537.36',
  'accept' => 'text/html,application/xhtml+xml,application/xml;q=0.9,image/webp,image/apng,*/*;q=0.8,application/signed-exchange;v=b3;q=0.9',
  'sec-fetch-site' => 'same-origin',
  'sec-fetch-mode' => 'navigate',
  'sec-fetch-dest' => 'document',
  'referer' => 'http://localhost/shop/public/index.php/index/goods/list',
  'accept-encoding' => 'gzip, deflate, br',
  'accept-language' => 'zh-CN,zh;q=0.9,en-US;q=0.8,en;q=0.7',
  'cookie' => 'PHPSESSID=dgf3uof9ng3hncpoihov6jmnad',
)
[ info ] [ PARAM ] array (
  'id' => '4',
)
[ info ] [ RUN ] app\index\controller\Goods->index[ D:\Wamp\www\shop\application\index\controller\Goods.php ]
[ info ] [ DB ] INIT mysql
[ info ] [ VIEW ] D:\Wamp\www\shop\public/../application/index\view\goods\goods.html [ array (
  0 => 'goods',
) ]
[ info ] [ SESSION ] INIT array (
  'id' => '',
  'var_session_id' => '',
  'prefix' => 'think',
  'type' => '',
  'auto_start' => true,
)
[ info ] [ LOG ] INIT File
[ sql ] [ DB ] CONNECT:[ UseTime:0.002798s ] mysql:host=127.0.0.1;dbname=shop;charset=utf8
[ sql ] [ SQL ] SHOW COLUMNS FROM `goods` [ RunTime:0.003641s ]
[ sql ] [ SQL ] SELECT `g`.*,`c`.`cateName` FROM `goods` `g` INNER JOIN `category` `c` ON `g`.`cateId`=`c`.`id` WHERE  `g`.`id` = '4' LIMIT 1 [ RunTime:0.004678s ]
---------------------------------------------------------------
[ 2020-07-01T23:04:08+08:00 ] 0.0.0.0 GET localhost/shop/public/index.php/index/goods/index?id=4
[运行时间：0.061905s] [吞吐率：16.15req/s] [内存消耗：592.52kb] [文件加载：52]
[ info ] [ LANG ] D:\Wamp\www\shop\thinkphp\lang\zh-cn.php
[ info ] [ ROUTE ] array (
  'type' => 'module',
  'module' => 
  array (
    0 => 'index',
    1 => 'goods',
    2 => 'index',
  ),
)
[ info ] [ HEADER ] array (
  'host' => 'localhost',
  'connection' => 'keep-alive',
  'cache-control' => 'max-age=0',
  'upgrade-insecure-requests' => '1',
  'user-agent' => 'Mozilla/5.0 (Windows NT 10.0; Win64; x64) AppleWebKit/537.36 (KHTML, like Gecko) Chrome/81.0.4044.129 Safari/537.36',
  'accept' => 'text/html,application/xhtml+xml,application/xml;q=0.9,image/webp,image/apng,*/*;q=0.8,application/signed-exchange;v=b3;q=0.9',
  'sec-fetch-site' => 'same-origin',
  'sec-fetch-mode' => 'navigate',
  'sec-fetch-user' => '?1',
  'sec-fetch-dest' => 'document',
  'referer' => 'http://localhost/shop/public/index.php/index/goods/list',
  'accept-encoding' => 'gzip, deflate, br',
  'accept-language' => 'zh-CN,zh;q=0.9,en-US;q=0.8,en;q=0.7',
  'cookie' => 'PHPSESSID=dgf3uof9ng3hncpoihov6jmnad',
)
[ info ] [ PARAM ] array (
  'id' => '4',
)
[ info ] [ RUN ] app\index\controller\Goods->index[ D:\Wamp\www\shop\application\index\controller\Goods.php ]
[ info ] [ DB ] INIT mysql
[ info ] [ VIEW ] D:\Wamp\www\shop\public/../application/index\view\goods\goods.html [ array (
  0 => 'goods',
) ]
[ info ] [ SESSION ] INIT array (
  'id' => '',
  'var_session_id' => '',
  'prefix' => 'think',
  'type' => '',
  'auto_start' => true,
)
[ info ] [ LOG ] INIT File
[ sql ] [ DB ] CONNECT:[ UseTime:0.012614s ] mysql:host=127.0.0.1;dbname=shop;charset=utf8
[ sql ] [ SQL ] SHOW COLUMNS FROM `goods` [ RunTime:0.004370s ]
[ sql ] [ SQL ] SELECT `g`.*,`c`.`cateName` FROM `goods` `g` INNER JOIN `category` `c` ON `g`.`cateId`=`c`.`id` WHERE  `g`.`id` = '4' LIMIT 1 [ RunTime:0.001558s ]
---------------------------------------------------------------
[ 2020-07-01T23:04:20+08:00 ] 0.0.0.0 GET localhost/shop/public/index.php/index/goods/index?id=4
[运行时间：0.056576s] [吞吐率：17.68req/s] [内存消耗：592.52kb] [文件加载：52]
[ info ] [ LANG ] D:\Wamp\www\shop\thinkphp\lang\zh-cn.php
[ info ] [ ROUTE ] array (
  'type' => 'module',
  'module' => 
  array (
    0 => 'index',
    1 => 'goods',
    2 => 'index',
  ),
)
[ info ] [ HEADER ] array (
  'host' => 'localhost',
  'connection' => 'keep-alive',
  'cache-control' => 'max-age=0',
  'upgrade-insecure-requests' => '1',
  'user-agent' => 'Mozilla/5.0 (Windows NT 10.0; Win64; x64) AppleWebKit/537.36 (KHTML, like Gecko) Chrome/81.0.4044.129 Safari/537.36',
  'accept' => 'text/html,application/xhtml+xml,application/xml;q=0.9,image/webp,image/apng,*/*;q=0.8,application/signed-exchange;v=b3;q=0.9',
  'sec-fetch-site' => 'same-origin',
  'sec-fetch-mode' => 'navigate',
  'sec-fetch-user' => '?1',
  'sec-fetch-dest' => 'document',
  'referer' => 'http://localhost/shop/public/index.php/index/goods/list',
  'accept-encoding' => 'gzip, deflate, br',
  'accept-language' => 'zh-CN,zh;q=0.9,en-US;q=0.8,en;q=0.7',
  'cookie' => 'PHPSESSID=dgf3uof9ng3hncpoihov6jmnad',
)
[ info ] [ PARAM ] array (
  'id' => '4',
)
[ info ] [ RUN ] app\index\controller\Goods->index[ D:\Wamp\www\shop\application\index\controller\Goods.php ]
[ info ] [ DB ] INIT mysql
[ info ] [ VIEW ] D:\Wamp\www\shop\public/../application/index\view\goods\goods.html [ array (
  0 => 'goods',
) ]
[ info ] [ SESSION ] INIT array (
  'id' => '',
  'var_session_id' => '',
  'prefix' => 'think',
  'type' => '',
  'auto_start' => true,
)
[ info ] [ LOG ] INIT File
[ sql ] [ DB ] CONNECT:[ UseTime:0.001939s ] mysql:host=127.0.0.1;dbname=shop;charset=utf8
[ sql ] [ SQL ] SHOW COLUMNS FROM `goods` [ RunTime:0.001493s ]
[ sql ] [ SQL ] SELECT `g`.*,`c`.`cateName` FROM `goods` `g` INNER JOIN `category` `c` ON `g`.`cateId`=`c`.`id` WHERE  `g`.`id` = '4' LIMIT 1 [ RunTime:0.011312s ]
---------------------------------------------------------------
[ 2020-07-01T23:07:03+08:00 ] 0.0.0.0 GET localhost/shop/public/index.php/index/goods/index?id=4
[运行时间：0.074585s] [吞吐率：13.41req/s] [内存消耗：592.52kb] [文件加载：52]
[ info ] [ LANG ] D:\Wamp\www\shop\thinkphp\lang\zh-cn.php
[ info ] [ ROUTE ] array (
  'type' => 'module',
  'module' => 
  array (
    0 => 'index',
    1 => 'goods',
    2 => 'index',
  ),
)
[ info ] [ HEADER ] array (
  'host' => 'localhost',
  'connection' => 'keep-alive',
  'cache-control' => 'max-age=0',
  'upgrade-insecure-requests' => '1',
  'user-agent' => 'Mozilla/5.0 (Windows NT 10.0; Win64; x64) AppleWebKit/537.36 (KHTML, like Gecko) Chrome/81.0.4044.129 Safari/537.36',
  'accept' => 'text/html,application/xhtml+xml,application/xml;q=0.9,image/webp,image/apng,*/*;q=0.8,application/signed-exchange;v=b3;q=0.9',
  'sec-fetch-site' => 'same-origin',
  'sec-fetch-mode' => 'navigate',
  'sec-fetch-user' => '?1',
  'sec-fetch-dest' => 'document',
  'referer' => 'http://localhost/shop/public/index.php/index/goods/list',
  'accept-encoding' => 'gzip, deflate, br',
  'accept-language' => 'zh-CN,zh;q=0.9,en-US;q=0.8,en;q=0.7',
  'cookie' => 'PHPSESSID=dgf3uof9ng3hncpoihov6jmnad',
)
[ info ] [ PARAM ] array (
  'id' => '4',
)
[ info ] [ RUN ] app\index\controller\Goods->index[ D:\Wamp\www\shop\application\index\controller\Goods.php ]
[ info ] [ DB ] INIT mysql
[ info ] [ VIEW ] D:\Wamp\www\shop\public/../application/index\view\goods\goods.html [ array (
  0 => 'goods',
) ]
[ info ] [ SESSION ] INIT array (
  'id' => '',
  'var_session_id' => '',
  'prefix' => 'think',
  'type' => '',
  'auto_start' => true,
)
[ info ] [ LOG ] INIT File
[ sql ] [ DB ] CONNECT:[ UseTime:0.003841s ] mysql:host=127.0.0.1;dbname=shop;charset=utf8
[ sql ] [ SQL ] SHOW COLUMNS FROM `goods` [ RunTime:0.005603s ]
[ sql ] [ SQL ] SELECT `g`.*,`c`.`cateName` FROM `goods` `g` INNER JOIN `category` `c` ON `g`.`cateId`=`c`.`id` WHERE  `g`.`id` = '4' LIMIT 1 [ RunTime:0.015708s ]
---------------------------------------------------------------
[ 2020-07-01T23:07:25+08:00 ] 0.0.0.0 GET localhost/shop/public/index.php/index/goods/index?id=4
[运行时间：0.056304s] [吞吐率：17.76req/s] [内存消耗：592.52kb] [文件加载：52]
[ info ] [ LANG ] D:\Wamp\www\shop\thinkphp\lang\zh-cn.php
[ info ] [ ROUTE ] array (
  'type' => 'module',
  'module' => 
  array (
    0 => 'index',
    1 => 'goods',
    2 => 'index',
  ),
)
[ info ] [ HEADER ] array (
  'host' => 'localhost',
  'connection' => 'keep-alive',
  'cache-control' => 'max-age=0',
  'upgrade-insecure-requests' => '1',
  'user-agent' => 'Mozilla/5.0 (Windows NT 10.0; Win64; x64) AppleWebKit/537.36 (KHTML, like Gecko) Chrome/81.0.4044.129 Safari/537.36',
  'accept' => 'text/html,application/xhtml+xml,application/xml;q=0.9,image/webp,image/apng,*/*;q=0.8,application/signed-exchange;v=b3;q=0.9',
  'sec-fetch-site' => 'same-origin',
  'sec-fetch-mode' => 'navigate',
  'sec-fetch-user' => '?1',
  'sec-fetch-dest' => 'document',
  'referer' => 'http://localhost/shop/public/index.php/index/goods/list',
  'accept-encoding' => 'gzip, deflate, br',
  'accept-language' => 'zh-CN,zh;q=0.9,en-US;q=0.8,en;q=0.7',
  'cookie' => 'PHPSESSID=dgf3uof9ng3hncpoihov6jmnad',
)
[ info ] [ PARAM ] array (
  'id' => '4',
)
[ info ] [ RUN ] app\index\controller\Goods->index[ D:\Wamp\www\shop\application\index\controller\Goods.php ]
[ info ] [ DB ] INIT mysql
[ info ] [ VIEW ] D:\Wamp\www\shop\public/../application/index\view\goods\goods.html [ array (
  0 => 'goods',
) ]
[ info ] [ SESSION ] INIT array (
  'id' => '',
  'var_session_id' => '',
  'prefix' => 'think',
  'type' => '',
  'auto_start' => true,
)
[ info ] [ LOG ] INIT File
[ sql ] [ DB ] CONNECT:[ UseTime:0.002170s ] mysql:host=127.0.0.1;dbname=shop;charset=utf8
[ sql ] [ SQL ] SHOW COLUMNS FROM `goods` [ RunTime:0.006765s ]
[ sql ] [ SQL ] SELECT `g`.*,`c`.`cateName` FROM `goods` `g` INNER JOIN `category` `c` ON `g`.`cateId`=`c`.`id` WHERE  `g`.`id` = '4' LIMIT 1 [ RunTime:0.001350s ]
---------------------------------------------------------------
[ 2020-07-01T23:07:29+08:00 ] 0.0.0.0 GET localhost/shop/public/index.php/index/goods/index?id=4
[运行时间：0.070416s] [吞吐率：14.20req/s] [内存消耗：462.04kb] [文件加载：50]
[ info ] [ LANG ] D:\Wamp\www\shop\thinkphp\lang\zh-cn.php
[ info ] [ ROUTE ] array (
  'type' => 'module',
  'module' => 
  array (
    0 => 'index',
    1 => 'goods',
    2 => 'index',
  ),
)
[ info ] [ HEADER ] array (
  'host' => 'localhost',
  'connection' => 'keep-alive',
  'cache-control' => 'max-age=0',
  'upgrade-insecure-requests' => '1',
  'user-agent' => 'Mozilla/5.0 (Windows NT 10.0; Win64; x64) AppleWebKit/537.36 (KHTML, like Gecko) Chrome/81.0.4044.129 Safari/537.36',
  'accept' => 'text/html,application/xhtml+xml,application/xml;q=0.9,image/webp,image/apng,*/*;q=0.8,application/signed-exchange;v=b3;q=0.9',
  'sec-fetch-site' => 'same-origin',
  'sec-fetch-mode' => 'navigate',
  'sec-fetch-user' => '?1',
  'sec-fetch-dest' => 'document',
  'referer' => 'http://localhost/shop/public/index.php/index/goods/list',
  'accept-encoding' => 'gzip, deflate, br',
  'accept-language' => 'zh-CN,zh;q=0.9,en-US;q=0.8,en;q=0.7',
  'cookie' => 'PHPSESSID=dgf3uof9ng3hncpoihov6jmnad',
)
[ info ] [ PARAM ] array (
  'id' => '4',
)
[ info ] [ RUN ] app\index\controller\Goods->index[ D:\Wamp\www\shop\application\index\controller\Goods.php ]
[ info ] [ DB ] INIT mysql
[ info ] [ VIEW ] D:\Wamp\www\shop\public/../application/index\view\goods\goods.html [ array (
  0 => 'goods',
) ]
[ info ] [ SESSION ] INIT array (
  'id' => '',
  'var_session_id' => '',
  'prefix' => 'think',
  'type' => '',
  'auto_start' => true,
)
[ info ] [ LOG ] INIT File
[ sql ] [ DB ] CONNECT:[ UseTime:0.012137s ] mysql:host=127.0.0.1;dbname=shop;charset=utf8
[ sql ] [ SQL ] SHOW COLUMNS FROM `goods` [ RunTime:0.019625s ]
[ sql ] [ SQL ] SELECT `g`.*,`c`.`cateName` FROM `goods` `g` INNER JOIN `category` `c` ON `g`.`cateId`=`c`.`id` WHERE  `g`.`id` = '4' LIMIT 1 [ RunTime:0.004268s ]
---------------------------------------------------------------
[ 2020-07-01T23:07:38+08:00 ] 0.0.0.0 GET localhost/shop/public/index.php/index/goods/index?id=4
[运行时间：0.056761s] [吞吐率：17.62req/s] [内存消耗：592.52kb] [文件加载：52]
[ info ] [ LANG ] D:\Wamp\www\shop\thinkphp\lang\zh-cn.php
[ info ] [ ROUTE ] array (
  'type' => 'module',
  'module' => 
  array (
    0 => 'index',
    1 => 'goods',
    2 => 'index',
  ),
)
[ info ] [ HEADER ] array (
  'host' => 'localhost',
  'connection' => 'keep-alive',
  'cache-control' => 'max-age=0',
  'upgrade-insecure-requests' => '1',
  'user-agent' => 'Mozilla/5.0 (Windows NT 10.0; Win64; x64) AppleWebKit/537.36 (KHTML, like Gecko) Chrome/81.0.4044.129 Safari/537.36',
  'accept' => 'text/html,application/xhtml+xml,application/xml;q=0.9,image/webp,image/apng,*/*;q=0.8,application/signed-exchange;v=b3;q=0.9',
  'sec-fetch-site' => 'same-origin',
  'sec-fetch-mode' => 'navigate',
  'sec-fetch-user' => '?1',
  'sec-fetch-dest' => 'document',
  'referer' => 'http://localhost/shop/public/index.php/index/goods/list',
  'accept-encoding' => 'gzip, deflate, br',
  'accept-language' => 'zh-CN,zh;q=0.9,en-US;q=0.8,en;q=0.7',
  'cookie' => 'PHPSESSID=dgf3uof9ng3hncpoihov6jmnad',
)
[ info ] [ PARAM ] array (
  'id' => '4',
)
[ info ] [ RUN ] app\index\controller\Goods->index[ D:\Wamp\www\shop\application\index\controller\Goods.php ]
[ info ] [ DB ] INIT mysql
[ info ] [ VIEW ] D:\Wamp\www\shop\public/../application/index\view\goods\goods.html [ array (
  0 => 'goods',
) ]
[ info ] [ SESSION ] INIT array (
  'id' => '',
  'var_session_id' => '',
  'prefix' => 'think',
  'type' => '',
  'auto_start' => true,
)
[ info ] [ LOG ] INIT File
[ sql ] [ DB ] CONNECT:[ UseTime:0.011812s ] mysql:host=127.0.0.1;dbname=shop;charset=utf8
[ sql ] [ SQL ] SHOW COLUMNS FROM `goods` [ RunTime:0.001770s ]
[ sql ] [ SQL ] SELECT `g`.*,`c`.`cateName` FROM `goods` `g` INNER JOIN `category` `c` ON `g`.`cateId`=`c`.`id` WHERE  `g`.`id` = '4' LIMIT 1 [ RunTime:0.002969s ]
---------------------------------------------------------------
[ 2020-07-01T23:07:48+08:00 ] 0.0.0.0 GET localhost/shop/public/index.php/index/goods/index?id=4
[运行时间：0.042173s] [吞吐率：23.71req/s] [内存消耗：592.52kb] [文件加载：52]
[ info ] [ LANG ] D:\Wamp\www\shop\thinkphp\lang\zh-cn.php
[ info ] [ ROUTE ] array (
  'type' => 'module',
  'module' => 
  array (
    0 => 'index',
    1 => 'goods',
    2 => 'index',
  ),
)
[ info ] [ HEADER ] array (
  'host' => 'localhost',
  'connection' => 'keep-alive',
  'cache-control' => 'max-age=0',
  'upgrade-insecure-requests' => '1',
  'user-agent' => 'Mozilla/5.0 (Windows NT 10.0; Win64; x64) AppleWebKit/537.36 (KHTML, like Gecko) Chrome/81.0.4044.129 Safari/537.36',
  'accept' => 'text/html,application/xhtml+xml,application/xml;q=0.9,image/webp,image/apng,*/*;q=0.8,application/signed-exchange;v=b3;q=0.9',
  'sec-fetch-site' => 'same-origin',
  'sec-fetch-mode' => 'navigate',
  'sec-fetch-user' => '?1',
  'sec-fetch-dest' => 'document',
  'referer' => 'http://localhost/shop/public/index.php/index/goods/list',
  'accept-encoding' => 'gzip, deflate, br',
  'accept-language' => 'zh-CN,zh;q=0.9,en-US;q=0.8,en;q=0.7',
  'cookie' => 'PHPSESSID=dgf3uof9ng3hncpoihov6jmnad',
)
[ info ] [ PARAM ] array (
  'id' => '4',
)
[ info ] [ RUN ] app\index\controller\Goods->index[ D:\Wamp\www\shop\application\index\controller\Goods.php ]
[ info ] [ DB ] INIT mysql
[ info ] [ VIEW ] D:\Wamp\www\shop\public/../application/index\view\goods\goods.html [ array (
  0 => 'goods',
) ]
[ info ] [ SESSION ] INIT array (
  'id' => '',
  'var_session_id' => '',
  'prefix' => 'think',
  'type' => '',
  'auto_start' => true,
)
[ info ] [ LOG ] INIT File
[ sql ] [ DB ] CONNECT:[ UseTime:0.002161s ] mysql:host=127.0.0.1;dbname=shop;charset=utf8
[ sql ] [ SQL ] SHOW COLUMNS FROM `goods` [ RunTime:0.001664s ]
[ sql ] [ SQL ] SELECT `g`.*,`c`.`cateName` FROM `goods` `g` INNER JOIN `category` `c` ON `g`.`cateId`=`c`.`id` WHERE  `g`.`id` = '4' LIMIT 1 [ RunTime:0.001163s ]
---------------------------------------------------------------
[ 2020-07-01T23:07:58+08:00 ] 0.0.0.0 GET localhost/shop/public/index.php/index/goods/index?id=4
[运行时间：0.040764s] [吞吐率：24.53req/s] [内存消耗：592.52kb] [文件加载：52]
[ info ] [ LANG ] D:\Wamp\www\shop\thinkphp\lang\zh-cn.php
[ info ] [ ROUTE ] array (
  'type' => 'module',
  'module' => 
  array (
    0 => 'index',
    1 => 'goods',
    2 => 'index',
  ),
)
[ info ] [ HEADER ] array (
  'host' => 'localhost',
  'connection' => 'keep-alive',
  'cache-control' => 'max-age=0',
  'upgrade-insecure-requests' => '1',
  'user-agent' => 'Mozilla/5.0 (Windows NT 10.0; Win64; x64) AppleWebKit/537.36 (KHTML, like Gecko) Chrome/81.0.4044.129 Safari/537.36',
  'accept' => 'text/html,application/xhtml+xml,application/xml;q=0.9,image/webp,image/apng,*/*;q=0.8,application/signed-exchange;v=b3;q=0.9',
  'sec-fetch-site' => 'same-origin',
  'sec-fetch-mode' => 'navigate',
  'sec-fetch-user' => '?1',
  'sec-fetch-dest' => 'document',
  'referer' => 'http://localhost/shop/public/index.php/index/goods/list',
  'accept-encoding' => 'gzip, deflate, br',
  'accept-language' => 'zh-CN,zh;q=0.9,en-US;q=0.8,en;q=0.7',
  'cookie' => 'PHPSESSID=dgf3uof9ng3hncpoihov6jmnad',
)
[ info ] [ PARAM ] array (
  'id' => '4',
)
[ info ] [ RUN ] app\index\controller\Goods->index[ D:\Wamp\www\shop\application\index\controller\Goods.php ]
[ info ] [ DB ] INIT mysql
[ info ] [ VIEW ] D:\Wamp\www\shop\public/../application/index\view\goods\goods.html [ array (
  0 => 'goods',
) ]
[ info ] [ SESSION ] INIT array (
  'id' => '',
  'var_session_id' => '',
  'prefix' => 'think',
  'type' => '',
  'auto_start' => true,
)
[ info ] [ LOG ] INIT File
[ sql ] [ DB ] CONNECT:[ UseTime:0.003666s ] mysql:host=127.0.0.1;dbname=shop;charset=utf8
[ sql ] [ SQL ] SHOW COLUMNS FROM `goods` [ RunTime:0.001660s ]
[ sql ] [ SQL ] SELECT `g`.*,`c`.`cateName` FROM `goods` `g` INNER JOIN `category` `c` ON `g`.`cateId`=`c`.`id` WHERE  `g`.`id` = '4' LIMIT 1 [ RunTime:0.002728s ]
---------------------------------------------------------------
[ 2020-07-01T23:09:48+08:00 ] 0.0.0.0 GET localhost/shop/public/index.php/index/goods/index?id=1
[运行时间：0.044674s] [吞吐率：22.38req/s] [内存消耗：461.83kb] [文件加载：50]
[ info ] [ LANG ] D:\Wamp\www\shop\thinkphp\lang\zh-cn.php
[ info ] [ ROUTE ] array (
  'type' => 'module',
  'module' => 
  array (
    0 => 'index',
    1 => 'goods',
    2 => 'index',
  ),
)
[ info ] [ HEADER ] array (
  'host' => 'localhost',
  'connection' => 'keep-alive',
  'cache-control' => 'max-age=0',
  'upgrade-insecure-requests' => '1',
  'user-agent' => 'Mozilla/5.0 (Windows NT 10.0; Win64; x64) AppleWebKit/537.36 (KHTML, like Gecko) Chrome/81.0.4044.129 Safari/537.36',
  'accept' => 'text/html,application/xhtml+xml,application/xml;q=0.9,image/webp,image/apng,*/*;q=0.8,application/signed-exchange;v=b3;q=0.9',
  'sec-fetch-site' => 'same-origin',
  'sec-fetch-mode' => 'navigate',
  'sec-fetch-user' => '?1',
  'sec-fetch-dest' => 'document',
  'referer' => 'http://localhost/shop/public/index.php/index/goods/list',
  'accept-encoding' => 'gzip, deflate, br',
  'accept-language' => 'zh-CN,zh;q=0.9,en-US;q=0.8,en;q=0.7',
  'cookie' => 'PHPSESSID=dgf3uof9ng3hncpoihov6jmnad',
)
[ info ] [ PARAM ] array (
  'id' => '1',
)
[ info ] [ RUN ] app\index\controller\Goods->index[ D:\Wamp\www\shop\application\index\controller\Goods.php ]
[ info ] [ DB ] INIT mysql
[ info ] [ VIEW ] D:\Wamp\www\shop\public/../application/index\view\goods\goods.html [ array (
  0 => 'goods',
) ]
[ info ] [ SESSION ] INIT array (
  'id' => '',
  'var_session_id' => '',
  'prefix' => 'think',
  'type' => '',
  'auto_start' => true,
)
[ info ] [ LOG ] INIT File
[ sql ] [ DB ] CONNECT:[ UseTime:0.002194s ] mysql:host=127.0.0.1;dbname=shop;charset=utf8
[ sql ] [ SQL ] SHOW COLUMNS FROM `goods` [ RunTime:0.001776s ]
[ sql ] [ SQL ] SELECT `g`.*,`c`.`cateName` FROM `goods` `g` INNER JOIN `category` `c` ON `g`.`cateId`=`c`.`id` WHERE  `g`.`id` = '1' LIMIT 1 [ RunTime:0.002863s ]
---------------------------------------------------------------
[ 2020-07-01T23:26:12+08:00 ] 0.0.0.0 GET localhost/shop/public/index.php/index/cart/index
[运行时间：0.040922s] [吞吐率：24.44req/s] [内存消耗：461.23kb] [文件加载：50]
[ info ] [ LANG ] D:\Wamp\www\shop\thinkphp\lang\zh-cn.php
[ info ] [ ROUTE ] array (
  'type' => 'module',
  'module' => 
  array (
    0 => 'index',
    1 => 'cart',
    2 => 'index',
  ),
)
[ info ] [ HEADER ] array (
  'host' => 'localhost',
  'connection' => 'keep-alive',
  'upgrade-insecure-requests' => '1',
  'user-agent' => 'Mozilla/5.0 (Windows NT 10.0; Win64; x64) AppleWebKit/537.36 (KHTML, like Gecko) Chrome/81.0.4044.129 Safari/537.36',
  'accept' => 'text/html,application/xhtml+xml,application/xml;q=0.9,image/webp,image/apng,*/*;q=0.8,application/signed-exchange;v=b3;q=0.9',
  'sec-fetch-site' => 'same-origin',
  'sec-fetch-mode' => 'navigate',
  'sec-fetch-user' => '?1',
  'sec-fetch-dest' => 'document',
  'referer' => 'http://localhost/shop/public/index.php/index/goods/index?id=1',
  'accept-encoding' => 'gzip, deflate, br',
  'accept-language' => 'zh-CN,zh;q=0.9,en-US;q=0.8,en;q=0.7',
  'cookie' => 'PHPSESSID=dgf3uof9ng3hncpoihov6jmnad',
)
[ info ] [ PARAM ] array (
)
[ info ] [ RUN ] app\index\controller\Cart->index[ D:\Wamp\www\shop\application\index\controller\Cart.php ]
[ info ] [ SESSION ] INIT array (
  'id' => '',
  'var_session_id' => '',
  'prefix' => 'think',
  'type' => '',
  'auto_start' => true,
)
[ info ] [ DB ] INIT mysql
[ info ] [ VIEW ] D:\Wamp\www\shop\public/../application/index\view\cart\cart_list.html [ array (
  0 => 'itemList',
) ]
[ info ] [ LOG ] INIT File
[ sql ] [ DB ] CONNECT:[ UseTime:0.002918s ] mysql:host=127.0.0.1;dbname=shop;charset=utf8
[ sql ] [ SQL ] SHOW COLUMNS FROM `cart` [ RunTime:0.004513s ]
[ sql ] [ SQL ] SELECT c.id as cartId,`c`.`count`,g.id as goodsId,`goodsName`,`mainPic`,`salePrice`,g.count as last FROM `cart` `c` INNER JOIN `goods` `g` ON `c`.`goodsId`=`g`.`id` WHERE  `memberId` = 1 [ RunTime:0.001350s ]
---------------------------------------------------------------
[ 2020-07-01T23:26:15+08:00 ] 0.0.0.0 POST localhost/shop/public/index.php/index/order/index
[运行时间：0.064505s] [吞吐率：15.50req/s] [内存消耗：564.05kb] [文件加载：51]
[ info ] [ LANG ] D:\Wamp\www\shop\thinkphp\lang\zh-cn.php
[ info ] [ ROUTE ] array (
  'type' => 'module',
  'module' => 
  array (
    0 => 'index',
    1 => 'order',
    2 => 'index',
  ),
)
[ info ] [ HEADER ] array (
  'host' => 'localhost',
  'connection' => 'keep-alive',
  'content-length' => '117',
  'cache-control' => 'max-age=0',
  'upgrade-insecure-requests' => '1',
  'origin' => 'http://localhost',
  'content-type' => 'application/x-www-form-urlencoded',
  'user-agent' => 'Mozilla/5.0 (Windows NT 10.0; Win64; x64) AppleWebKit/537.36 (KHTML, like Gecko) Chrome/81.0.4044.129 Safari/537.36',
  'accept' => 'text/html,application/xhtml+xml,application/xml;q=0.9,image/webp,image/apng,*/*;q=0.8,application/signed-exchange;v=b3;q=0.9',
  'sec-fetch-site' => 'same-origin',
  'sec-fetch-mode' => 'navigate',
  'sec-fetch-user' => '?1',
  'sec-fetch-dest' => 'document',
  'referer' => 'http://localhost/shop/public/index.php/index/cart/index',
  'accept-encoding' => 'gzip, deflate, br',
  'accept-language' => 'zh-CN,zh;q=0.9,en-US;q=0.8,en;q=0.7',
  'cookie' => 'PHPSESSID=dgf3uof9ng3hncpoihov6jmnad',
)
[ info ] [ PARAM ] array (
  'checkItem' => 
  array (
    0 => '7',
    1 => '8',
    2 => '9',
    3 => '10',
  ),
  'goodsNum' => '1',
)
[ info ] [ RUN ] app\index\controller\Order->index[ D:\Wamp\www\shop\application\index\controller\Order.php ]
[ info ] [ DB ] INIT mysql
[ info ] [ SESSION ] INIT array (
  'id' => '',
  'var_session_id' => '',
  'prefix' => 'think',
  'type' => '',
  'auto_start' => true,
)
[ info ] [ VIEW ] D:\Wamp\www\shop\public/../application/index\view\order\order.html [ array (
  0 => 'allAddress',
  1 => 'items',
) ]
[ info ] [ LOG ] INIT File
[ sql ] [ DB ] CONNECT:[ UseTime:0.012245s ] mysql:host=127.0.0.1;dbname=shop;charset=utf8
[ sql ] [ SQL ] SHOW COLUMNS FROM `cart` [ RunTime:0.002824s ]
[ sql ] [ SQL ] SELECT c.id as cartId,`c`.`count`,g.id as goodsId,`goodsName`,`mainPic`,`salePrice`,g.count as last FROM `cart` `c` INNER JOIN `goods` `g` ON `c`.`goodsId`=`g`.`id` WHERE  `c`.`id` IN ('7','8','9','10') [ RunTime:0.002232s ]
[ sql ] [ SQL ] SHOW COLUMNS FROM `address` [ RunTime:0.003919s ]
[ sql ] [ SQL ] SELECT * FROM `address` WHERE  `memberId` = 1 ORDER BY `id` DESC [ RunTime:0.001172s ]
---------------------------------------------------------------
[ 2020-07-01T23:26:15+08:00 ] 0.0.0.0 GET localhost/shop/public/index.php/index/order/favicon.ico
[运行时间：0.016289s] [吞吐率：61.39req/s] [内存消耗：229.41kb] [文件加载：42]
[ info ] [ LANG ] D:\Wamp\www\shop\thinkphp\lang\zh-cn.php
[ info ] [ ROUTE ] array (
  'type' => 'module',
  'module' => 
  array (
    0 => 'index',
    1 => 'order',
    2 => 'favicon',
  ),
)
[ info ] [ HEADER ] array (
  'host' => 'localhost',
  'connection' => 'keep-alive',
  'user-agent' => 'Mozilla/5.0 (Windows NT 10.0; Win64; x64) AppleWebKit/537.36 (KHTML, like Gecko) Chrome/81.0.4044.129 Safari/537.36',
  'accept' => 'image/webp,image/apng,image/*,*/*;q=0.8',
  'sec-fetch-site' => 'same-origin',
  'sec-fetch-mode' => 'no-cors',
  'sec-fetch-dest' => 'empty',
  'referer' => 'http://localhost/shop/public/index.php/index/order/index',
  'accept-encoding' => 'gzip, deflate, br',
  'accept-language' => 'zh-CN,zh;q=0.9,en-US;q=0.8,en;q=0.7',
  'cookie' => 'PHPSESSID=dgf3uof9ng3hncpoihov6jmnad',
)
[ info ] [ PARAM ] array (
)
[ info ] [ LOG ] INIT File
