---------------------------------------------------------------
[ 2020-07-08T20:58:17+08:00 ] 0.0.0.0 GET localhost/shop/public/goods/list
[运行时间：0.211757s] [吞吐率：4.72req/s] [内存消耗：283.20kb] [文件加载：35]
[ info ] [ LANG ] D:\Wamp\www\shop\thinkphp\lang\zh-cn.php
[ info ] [ ROUTE ] array (
  'type' => 'module',
  'module' => 
  array (
    0 => 'goods',
    1 => 'list',
    2 => NULL,
  ),
)
[ info ] [ HEADER ] array (
  'host' => 'localhost',
  'connection' => 'keep-alive',
  'upgrade-insecure-requests' => '1',
  'user-agent' => 'Mozilla/5.0 (Windows NT 10.0; Win64; x64) AppleWebKit/537.36 (KHTML, like Gecko) Chrome/81.0.4044.129 Safari/537.36',
  'accept' => 'text/html,application/xhtml+xml,application/xml;q=0.9,image/webp,image/apng,*/*;q=0.8,application/signed-exchange;v=b3;q=0.9',
  'sec-fetch-site' => 'none',
  'sec-fetch-mode' => 'navigate',
  'sec-fetch-user' => '?1',
  'sec-fetch-dest' => 'document',
  'accept-encoding' => 'gzip, deflate, br',
  'accept-language' => 'zh-CN,zh;q=0.9,en-US;q=0.8,en;q=0.7',
)
[ info ] [ PARAM ] array (
)
[ info ] [ LOG ] INIT File
---------------------------------------------------------------
[ 2020-07-08T20:58:31+08:00 ] 0.0.0.0 GET localhost/shop/public/index/goods/list
[运行时间：0.342271s] [吞吐率：2.92req/s] [内存消耗：822.12kb] [文件加载：58]
[ info ] [ LANG ] D:\Wamp\www\shop\thinkphp\lang\zh-cn.php
[ info ] [ ROUTE ] array (
  'type' => 'module',
  'module' => 
  array (
    0 => 'index',
    1 => 'goods',
    2 => 'list',
  ),
)
[ info ] [ HEADER ] array (
  'host' => 'localhost',
  'connection' => 'keep-alive',
  'upgrade-insecure-requests' => '1',
  'user-agent' => 'Mozilla/5.0 (Windows NT 10.0; Win64; x64) AppleWebKit/537.36 (KHTML, like Gecko) Chrome/81.0.4044.129 Safari/537.36',
  'accept' => 'text/html,application/xhtml+xml,application/xml;q=0.9,image/webp,image/apng,*/*;q=0.8,application/signed-exchange;v=b3;q=0.9',
  'sec-fetch-site' => 'none',
  'sec-fetch-mode' => 'navigate',
  'sec-fetch-user' => '?1',
  'sec-fetch-dest' => 'document',
  'accept-encoding' => 'gzip, deflate, br',
  'accept-language' => 'zh-CN,zh;q=0.9,en-US;q=0.8,en;q=0.7',
)
[ info ] [ PARAM ] array (
)
[ info ] [ RUN ] app\index\controller\Goods->list[ D:\Wamp\www\shop\application\index\controller\Goods.php ]
[ info ] [ DB ] INIT mysql
[ info ] [ DB ] INIT mysql
[ info ] [ VIEW ] D:\Wamp\www\shop\public/../application/index\view\goods\list.html [ array (
  0 => 'cates',
  1 => 'goodsList',
  2 => 'pageHtml',
  3 => 'conds',
  4 => 'cartItemsCount',
) ]
[ info ] [ SESSION ] INIT array (
  'id' => '',
  'var_session_id' => '',
  'prefix' => 'think',
  'type' => '',
  'auto_start' => true,
)
[ info ] [ LOG ] INIT File
[ sql ] [ DB ] CONNECT:[ UseTime:0.027607s ] mysql:host=localhost;dbname=shop;charset=utf8
[ sql ] [ SQL ] SHOW COLUMNS FROM `category` [ RunTime:0.025485s ]
[ sql ] [ SQL ] SELECT * FROM `category` ORDER BY `sort` DESC,`id` DESC [ RunTime:0.003012s ]
[ sql ] [ DB ] CONNECT:[ UseTime:0.005032s ] mysql:host=localhost;dbname=shop;charset=utf8
[ sql ] [ SQL ] SHOW COLUMNS FROM `goods` [ RunTime:0.008607s ]
[ sql ] [ SQL ] SELECT COUNT(*) AS tp_count FROM `goods` WHERE  `onSale` = 1 LIMIT 1 [ RunTime:0.013547s ]
[ sql ] [ SQL ] SELECT `id`,`goodsName`,`mainPic`,`salePrice`,`saleCount`,`onSaleTime` FROM `goods` WHERE  `onSale` = 1 ORDER BY `onSaleTime` DESC LIMIT 0,5 [ RunTime:0.002034s ]
[ sql ] [ SQL ] SHOW COLUMNS FROM `cart` [ RunTime:0.007965s ]
[ sql ] [ SQL ] SELECT COUNT(*) AS tp_count FROM `cart` LIMIT 1 [ RunTime:0.001591s ]
---------------------------------------------------------------
[ 2020-07-08T20:58:31+08:00 ] 0.0.0.0 GET localhost/shop/public/index/goods/favicon.ico
[运行时间：0.050502s] [吞吐率：19.80req/s] [内存消耗：229.13kb] [文件加载：42]
[ info ] [ LANG ] D:\Wamp\www\shop\thinkphp\lang\zh-cn.php
[ info ] [ ROUTE ] array (
  'type' => 'module',
  'module' => 
  array (
    0 => 'index',
    1 => 'goods',
    2 => 'favicon.ico',
  ),
)
[ info ] [ HEADER ] array (
  'host' => 'localhost',
  'connection' => 'keep-alive',
  'user-agent' => 'Mozilla/5.0 (Windows NT 10.0; Win64; x64) AppleWebKit/537.36 (KHTML, like Gecko) Chrome/81.0.4044.129 Safari/537.36',
  'accept' => 'image/webp,image/apng,image/*,*/*;q=0.8',
  'sec-fetch-site' => 'same-origin',
  'sec-fetch-mode' => 'no-cors',
  'sec-fetch-dest' => 'empty',
  'referer' => 'http://localhost/shop/public/index/goods/list',
  'accept-encoding' => 'gzip, deflate, br',
  'accept-language' => 'zh-CN,zh;q=0.9,en-US;q=0.8,en;q=0.7',
  'cookie' => 'PHPSESSID=e5sjle9odiqmp5ri9fi663lrhc',
)
[ info ] [ PARAM ] array (
)
[ info ] [ LOG ] INIT File
---------------------------------------------------------------
[ 2020-07-08T20:58:34+08:00 ] 0.0.0.0 GET localhost/shop/public/index/goods/list
[运行时间：0.107947s] [吞吐率：9.26req/s] [内存消耗：691.14kb] [文件加载：58]
[ info ] [ LANG ] D:\Wamp\www\shop\thinkphp\lang\zh-cn.php
[ info ] [ ROUTE ] array (
  'type' => 'module',
  'module' => 
  array (
    0 => 'index',
    1 => 'goods',
    2 => 'list',
  ),
)
[ info ] [ HEADER ] array (
  'host' => 'localhost',
  'connection' => 'keep-alive',
  'cache-control' => 'max-age=0',
  'upgrade-insecure-requests' => '1',
  'user-agent' => 'Mozilla/5.0 (Windows NT 10.0; Win64; x64) AppleWebKit/537.36 (KHTML, like Gecko) Chrome/81.0.4044.129 Safari/537.36',
  'accept' => 'text/html,application/xhtml+xml,application/xml;q=0.9,image/webp,image/apng,*/*;q=0.8,application/signed-exchange;v=b3;q=0.9',
  'sec-fetch-site' => 'none',
  'sec-fetch-mode' => 'navigate',
  'sec-fetch-user' => '?1',
  'sec-fetch-dest' => 'document',
  'accept-encoding' => 'gzip, deflate, br',
  'accept-language' => 'zh-CN,zh;q=0.9,en-US;q=0.8,en;q=0.7',
  'cookie' => 'PHPSESSID=e5sjle9odiqmp5ri9fi663lrhc',
)
[ info ] [ PARAM ] array (
)
[ info ] [ RUN ] app\index\controller\Goods->list[ D:\Wamp\www\shop\application\index\controller\Goods.php ]
[ info ] [ DB ] INIT mysql
[ info ] [ DB ] INIT mysql
[ info ] [ VIEW ] D:\Wamp\www\shop\public/../application/index\view\goods\list.html [ array (
  0 => 'cates',
  1 => 'goodsList',
  2 => 'pageHtml',
  3 => 'conds',
  4 => 'cartItemsCount',
) ]
[ info ] [ SESSION ] INIT array (
  'id' => '',
  'var_session_id' => '',
  'prefix' => 'think',
  'type' => '',
  'auto_start' => true,
)
[ info ] [ LOG ] INIT File
[ sql ] [ DB ] CONNECT:[ UseTime:0.014528s ] mysql:host=localhost;dbname=shop;charset=utf8
[ sql ] [ SQL ] SHOW COLUMNS FROM `category` [ RunTime:0.006080s ]
[ sql ] [ SQL ] SELECT * FROM `category` ORDER BY `sort` DESC,`id` DESC [ RunTime:0.001570s ]
[ sql ] [ DB ] CONNECT:[ UseTime:0.021782s ] mysql:host=localhost;dbname=shop;charset=utf8
[ sql ] [ SQL ] SHOW COLUMNS FROM `goods` [ RunTime:0.005970s ]
[ sql ] [ SQL ] SELECT COUNT(*) AS tp_count FROM `goods` WHERE  `onSale` = 1 LIMIT 1 [ RunTime:0.001225s ]
[ sql ] [ SQL ] SELECT `id`,`goodsName`,`mainPic`,`salePrice`,`saleCount`,`onSaleTime` FROM `goods` WHERE  `onSale` = 1 ORDER BY `onSaleTime` DESC LIMIT 0,5 [ RunTime:0.001282s ]
[ sql ] [ SQL ] SHOW COLUMNS FROM `cart` [ RunTime:0.003879s ]
[ sql ] [ SQL ] SELECT COUNT(*) AS tp_count FROM `cart` LIMIT 1 [ RunTime:0.001261s ]
---------------------------------------------------------------
[ 2020-07-08T20:58:54+08:00 ] 0.0.0.0 POST localhost/shop/public/index/goods/list
[运行时间：0.126963s] [吞吐率：7.88req/s] [内存消耗：686.64kb] [文件加载：58]
[ info ] [ LANG ] D:\Wamp\www\shop\thinkphp\lang\zh-cn.php
[ info ] [ ROUTE ] array (
  'type' => 'module',
  'module' => 
  array (
    0 => 'index',
    1 => 'goods',
    2 => 'list',
  ),
)
[ info ] [ HEADER ] array (
  'host' => 'localhost',
  'connection' => 'keep-alive',
  'content-length' => '65',
  'cache-control' => 'max-age=0',
  'upgrade-insecure-requests' => '1',
  'origin' => 'http://localhost',
  'content-type' => 'application/x-www-form-urlencoded',
  'user-agent' => 'Mozilla/5.0 (Windows NT 10.0; Win64; x64) AppleWebKit/537.36 (KHTML, like Gecko) Chrome/81.0.4044.129 Safari/537.36',
  'accept' => 'text/html,application/xhtml+xml,application/xml;q=0.9,image/webp,image/apng,*/*;q=0.8,application/signed-exchange;v=b3;q=0.9',
  'sec-fetch-site' => 'same-origin',
  'sec-fetch-mode' => 'navigate',
  'sec-fetch-user' => '?1',
  'sec-fetch-dest' => 'document',
  'referer' => 'http://localhost/shop/public/index/goods/list',
  'accept-encoding' => 'gzip, deflate, br',
  'accept-language' => 'zh-CN,zh;q=0.9,en-US;q=0.8,en;q=0.7',
  'cookie' => 'PHPSESSID=e5sjle9odiqmp5ri9fi663lrhc',
)
[ info ] [ PARAM ] array (
  'goodsName' => '',
  'minPrice' => '',
  'maxPrice' => '',
  'sort' => 'onSaleTime desc',
  'cate' => 
  array (
    0 => '31',
  ),
)
[ info ] [ RUN ] app\index\controller\Goods->list[ D:\Wamp\www\shop\application\index\controller\Goods.php ]
[ info ] [ DB ] INIT mysql
[ info ] [ DB ] INIT mysql
[ info ] [ VIEW ] D:\Wamp\www\shop\public/../application/index\view\goods\list.html [ array (
  0 => 'cates',
  1 => 'goodsList',
  2 => 'pageHtml',
  3 => 'conds',
  4 => 'cartItemsCount',
) ]
[ info ] [ SESSION ] INIT array (
  'id' => '',
  'var_session_id' => '',
  'prefix' => 'think',
  'type' => '',
  'auto_start' => true,
)
[ info ] [ LOG ] INIT File
[ sql ] [ DB ] CONNECT:[ UseTime:0.024942s ] mysql:host=localhost;dbname=shop;charset=utf8
[ sql ] [ SQL ] SHOW COLUMNS FROM `category` [ RunTime:0.006073s ]
[ sql ] [ SQL ] SELECT * FROM `category` ORDER BY `sort` DESC,`id` DESC [ RunTime:0.002100s ]
[ sql ] [ DB ] CONNECT:[ UseTime:0.005825s ] mysql:host=localhost;dbname=shop;charset=utf8
[ sql ] [ SQL ] SHOW COLUMNS FROM `goods` [ RunTime:0.006670s ]
[ sql ] [ SQL ] SELECT COUNT(*) AS tp_count FROM `goods` WHERE  `onSale` = 1  AND `cateId` IN (31) LIMIT 1 [ RunTime:0.002200s ]
[ sql ] [ SQL ] SELECT `id`,`goodsName`,`mainPic`,`salePrice`,`saleCount`,`onSaleTime` FROM `goods` WHERE  `onSale` = 1  AND `cateId` IN (31) ORDER BY `onSaleTime` DESC LIMIT 0,5 [ RunTime:0.002528s ]
[ sql ] [ SQL ] SHOW COLUMNS FROM `cart` [ RunTime:0.006236s ]
[ sql ] [ SQL ] SELECT COUNT(*) AS tp_count FROM `cart` LIMIT 1 [ RunTime:0.001663s ]
---------------------------------------------------------------
[ 2020-07-08T20:58:59+08:00 ] 0.0.0.0 POST localhost/shop/public/index/goods/list
[运行时间：0.098428s] [吞吐率：10.16req/s] [内存消耗：692.16kb] [文件加载：58]
[ info ] [ LANG ] D:\Wamp\www\shop\thinkphp\lang\zh-cn.php
[ info ] [ ROUTE ] array (
  'type' => 'module',
  'module' => 
  array (
    0 => 'index',
    1 => 'goods',
    2 => 'list',
  ),
)
[ info ] [ HEADER ] array (
  'host' => 'localhost',
  'connection' => 'keep-alive',
  'content-length' => '51',
  'cache-control' => 'max-age=0',
  'upgrade-insecure-requests' => '1',
  'origin' => 'http://localhost',
  'content-type' => 'application/x-www-form-urlencoded',
  'user-agent' => 'Mozilla/5.0 (Windows NT 10.0; Win64; x64) AppleWebKit/537.36 (KHTML, like Gecko) Chrome/81.0.4044.129 Safari/537.36',
  'accept' => 'text/html,application/xhtml+xml,application/xml;q=0.9,image/webp,image/apng,*/*;q=0.8,application/signed-exchange;v=b3;q=0.9',
  'sec-fetch-site' => 'same-origin',
  'sec-fetch-mode' => 'navigate',
  'sec-fetch-user' => '?1',
  'sec-fetch-dest' => 'document',
  'referer' => 'http://localhost/shop/public/index/goods/list',
  'accept-encoding' => 'gzip, deflate, br',
  'accept-language' => 'zh-CN,zh;q=0.9,en-US;q=0.8,en;q=0.7',
  'cookie' => 'PHPSESSID=e5sjle9odiqmp5ri9fi663lrhc',
)
[ info ] [ PARAM ] array (
  'goodsName' => '',
  'minPrice' => '',
  'maxPrice' => '',
  'sort' => 'onSaleTime desc',
)
[ info ] [ RUN ] app\index\controller\Goods->list[ D:\Wamp\www\shop\application\index\controller\Goods.php ]
[ info ] [ DB ] INIT mysql
[ info ] [ DB ] INIT mysql
[ info ] [ VIEW ] D:\Wamp\www\shop\public/../application/index\view\goods\list.html [ array (
  0 => 'cates',
  1 => 'goodsList',
  2 => 'pageHtml',
  3 => 'conds',
  4 => 'cartItemsCount',
) ]
[ info ] [ SESSION ] INIT array (
  'id' => '',
  'var_session_id' => '',
  'prefix' => 'think',
  'type' => '',
  'auto_start' => true,
)
[ info ] [ LOG ] INIT File
[ sql ] [ DB ] CONNECT:[ UseTime:0.019022s ] mysql:host=localhost;dbname=shop;charset=utf8
[ sql ] [ SQL ] SHOW COLUMNS FROM `category` [ RunTime:0.003706s ]
[ sql ] [ SQL ] SELECT * FROM `category` ORDER BY `sort` DESC,`id` DESC [ RunTime:0.001248s ]
[ sql ] [ DB ] CONNECT:[ UseTime:0.019235s ] mysql:host=localhost;dbname=shop;charset=utf8
[ sql ] [ SQL ] SHOW COLUMNS FROM `goods` [ RunTime:0.005342s ]
[ sql ] [ SQL ] SELECT COUNT(*) AS tp_count FROM `goods` WHERE  `onSale` = 1 LIMIT 1 [ RunTime:0.001272s ]
[ sql ] [ SQL ] SELECT `id`,`goodsName`,`mainPic`,`salePrice`,`saleCount`,`onSaleTime` FROM `goods` WHERE  `onSale` = 1 ORDER BY `onSaleTime` DESC LIMIT 0,5 [ RunTime:0.001370s ]
[ sql ] [ SQL ] SHOW COLUMNS FROM `cart` [ RunTime:0.003903s ]
[ sql ] [ SQL ] SELECT COUNT(*) AS tp_count FROM `cart` LIMIT 1 [ RunTime:0.001512s ]
---------------------------------------------------------------
[ 2020-07-08T20:59:01+08:00 ] 0.0.0.0 GET localhost/shop/public/index/goods/list?sort=onSaleTime+desc&page=2
[运行时间：0.067833s] [吞吐率：14.74req/s] [内存消耗：692.18kb] [文件加载：58]
[ info ] [ LANG ] D:\Wamp\www\shop\thinkphp\lang\zh-cn.php
[ info ] [ ROUTE ] array (
  'type' => 'module',
  'module' => 
  array (
    0 => 'index',
    1 => 'goods',
    2 => 'list',
  ),
)
[ info ] [ HEADER ] array (
  'host' => 'localhost',
  'connection' => 'keep-alive',
  'upgrade-insecure-requests' => '1',
  'user-agent' => 'Mozilla/5.0 (Windows NT 10.0; Win64; x64) AppleWebKit/537.36 (KHTML, like Gecko) Chrome/81.0.4044.129 Safari/537.36',
  'accept' => 'text/html,application/xhtml+xml,application/xml;q=0.9,image/webp,image/apng,*/*;q=0.8,application/signed-exchange;v=b3;q=0.9',
  'sec-fetch-site' => 'same-origin',
  'sec-fetch-mode' => 'navigate',
  'sec-fetch-user' => '?1',
  'sec-fetch-dest' => 'document',
  'referer' => 'http://localhost/shop/public/index/goods/list',
  'accept-encoding' => 'gzip, deflate, br',
  'accept-language' => 'zh-CN,zh;q=0.9,en-US;q=0.8,en;q=0.7',
  'cookie' => 'PHPSESSID=e5sjle9odiqmp5ri9fi663lrhc',
)
[ info ] [ PARAM ] array (
  'sort' => 'onSaleTime desc',
  'page' => '2',
)
[ info ] [ RUN ] app\index\controller\Goods->list[ D:\Wamp\www\shop\application\index\controller\Goods.php ]
[ info ] [ DB ] INIT mysql
[ info ] [ DB ] INIT mysql
[ info ] [ VIEW ] D:\Wamp\www\shop\public/../application/index\view\goods\list.html [ array (
  0 => 'cates',
  1 => 'goodsList',
  2 => 'pageHtml',
  3 => 'conds',
  4 => 'cartItemsCount',
) ]
[ info ] [ SESSION ] INIT array (
  'id' => '',
  'var_session_id' => '',
  'prefix' => 'think',
  'type' => '',
  'auto_start' => true,
)
[ info ] [ LOG ] INIT File
[ sql ] [ DB ] CONNECT:[ UseTime:0.003706s ] mysql:host=localhost;dbname=shop;charset=utf8
[ sql ] [ SQL ] SHOW COLUMNS FROM `category` [ RunTime:0.004608s ]
[ sql ] [ SQL ] SELECT * FROM `category` ORDER BY `sort` DESC,`id` DESC [ RunTime:0.001231s ]
[ sql ] [ DB ] CONNECT:[ UseTime:0.003158s ] mysql:host=localhost;dbname=shop;charset=utf8
[ sql ] [ SQL ] SHOW COLUMNS FROM `goods` [ RunTime:0.003961s ]
[ sql ] [ SQL ] SELECT COUNT(*) AS tp_count FROM `goods` WHERE  `onSale` = 1 LIMIT 1 [ RunTime:0.001920s ]
[ sql ] [ SQL ] SELECT `id`,`goodsName`,`mainPic`,`salePrice`,`saleCount`,`onSaleTime` FROM `goods` WHERE  `onSale` = 1 ORDER BY `onSaleTime` DESC LIMIT 5,5 [ RunTime:0.001459s ]
[ sql ] [ SQL ] SHOW COLUMNS FROM `cart` [ RunTime:0.004005s ]
[ sql ] [ SQL ] SELECT COUNT(*) AS tp_count FROM `cart` LIMIT 1 [ RunTime:0.001103s ]
---------------------------------------------------------------
[ 2020-07-08T20:59:03+08:00 ] 0.0.0.0 GET localhost/shop/public/index/goods/list?sort=onSaleTime+desc&page=3
[运行时间：0.093719s] [吞吐率：10.67req/s] [内存消耗：692.30kb] [文件加载：58]
[ info ] [ LANG ] D:\Wamp\www\shop\thinkphp\lang\zh-cn.php
[ info ] [ ROUTE ] array (
  'type' => 'module',
  'module' => 
  array (
    0 => 'index',
    1 => 'goods',
    2 => 'list',
  ),
)
[ info ] [ HEADER ] array (
  'host' => 'localhost',
  'connection' => 'keep-alive',
  'upgrade-insecure-requests' => '1',
  'user-agent' => 'Mozilla/5.0 (Windows NT 10.0; Win64; x64) AppleWebKit/537.36 (KHTML, like Gecko) Chrome/81.0.4044.129 Safari/537.36',
  'accept' => 'text/html,application/xhtml+xml,application/xml;q=0.9,image/webp,image/apng,*/*;q=0.8,application/signed-exchange;v=b3;q=0.9',
  'sec-fetch-site' => 'same-origin',
  'sec-fetch-mode' => 'navigate',
  'sec-fetch-user' => '?1',
  'sec-fetch-dest' => 'document',
  'referer' => 'http://localhost/shop/public/index/goods/list?sort=onSaleTime+desc&page=2',
  'accept-encoding' => 'gzip, deflate, br',
  'accept-language' => 'zh-CN,zh;q=0.9,en-US;q=0.8,en;q=0.7',
  'cookie' => 'PHPSESSID=e5sjle9odiqmp5ri9fi663lrhc',
)
[ info ] [ PARAM ] array (
  'sort' => 'onSaleTime desc',
  'page' => '3',
)
[ info ] [ RUN ] app\index\controller\Goods->list[ D:\Wamp\www\shop\application\index\controller\Goods.php ]
[ info ] [ DB ] INIT mysql
[ info ] [ DB ] INIT mysql
[ info ] [ VIEW ] D:\Wamp\www\shop\public/../application/index\view\goods\list.html [ array (
  0 => 'cates',
  1 => 'goodsList',
  2 => 'pageHtml',
  3 => 'conds',
  4 => 'cartItemsCount',
) ]
[ info ] [ SESSION ] INIT array (
  'id' => '',
  'var_session_id' => '',
  'prefix' => 'think',
  'type' => '',
  'auto_start' => true,
)
[ info ] [ LOG ] INIT File
[ sql ] [ DB ] CONNECT:[ UseTime:0.018032s ] mysql:host=localhost;dbname=shop;charset=utf8
[ sql ] [ SQL ] SHOW COLUMNS FROM `category` [ RunTime:0.003539s ]
[ sql ] [ SQL ] SELECT * FROM `category` ORDER BY `sort` DESC,`id` DESC [ RunTime:0.001218s ]
[ sql ] [ DB ] CONNECT:[ UseTime:0.004517s ] mysql:host=localhost;dbname=shop;charset=utf8
[ sql ] [ SQL ] SHOW COLUMNS FROM `goods` [ RunTime:0.003771s ]
[ sql ] [ SQL ] SELECT COUNT(*) AS tp_count FROM `goods` WHERE  `onSale` = 1 LIMIT 1 [ RunTime:0.001200s ]
[ sql ] [ SQL ] SELECT `id`,`goodsName`,`mainPic`,`salePrice`,`saleCount`,`onSaleTime` FROM `goods` WHERE  `onSale` = 1 ORDER BY `onSaleTime` DESC LIMIT 10,5 [ RunTime:0.001302s ]
[ sql ] [ SQL ] SHOW COLUMNS FROM `cart` [ RunTime:0.004029s ]
[ sql ] [ SQL ] SELECT COUNT(*) AS tp_count FROM `cart` LIMIT 1 [ RunTime:0.001176s ]
---------------------------------------------------------------
[ 2020-07-08T20:59:05+08:00 ] 0.0.0.0 GET localhost/shop/public/index/goods/list?sort=onSaleTime+desc&page=5
[运行时间：0.096104s] [吞吐率：10.41req/s] [内存消耗：686.12kb] [文件加载：58]
[ info ] [ LANG ] D:\Wamp\www\shop\thinkphp\lang\zh-cn.php
[ info ] [ ROUTE ] array (
  'type' => 'module',
  'module' => 
  array (
    0 => 'index',
    1 => 'goods',
    2 => 'list',
  ),
)
[ info ] [ HEADER ] array (
  'host' => 'localhost',
  'connection' => 'keep-alive',
  'upgrade-insecure-requests' => '1',
  'user-agent' => 'Mozilla/5.0 (Windows NT 10.0; Win64; x64) AppleWebKit/537.36 (KHTML, like Gecko) Chrome/81.0.4044.129 Safari/537.36',
  'accept' => 'text/html,application/xhtml+xml,application/xml;q=0.9,image/webp,image/apng,*/*;q=0.8,application/signed-exchange;v=b3;q=0.9',
  'sec-fetch-site' => 'same-origin',
  'sec-fetch-mode' => 'navigate',
  'sec-fetch-user' => '?1',
  'sec-fetch-dest' => 'document',
  'referer' => 'http://localhost/shop/public/index/goods/list?sort=onSaleTime+desc&page=3',
  'accept-encoding' => 'gzip, deflate, br',
  'accept-language' => 'zh-CN,zh;q=0.9,en-US;q=0.8,en;q=0.7',
  'cookie' => 'PHPSESSID=e5sjle9odiqmp5ri9fi663lrhc',
)
[ info ] [ PARAM ] array (
  'sort' => 'onSaleTime desc',
  'page' => '5',
)
[ info ] [ RUN ] app\index\controller\Goods->list[ D:\Wamp\www\shop\application\index\controller\Goods.php ]
[ info ] [ DB ] INIT mysql
[ info ] [ DB ] INIT mysql
[ info ] [ VIEW ] D:\Wamp\www\shop\public/../application/index\view\goods\list.html [ array (
  0 => 'cates',
  1 => 'goodsList',
  2 => 'pageHtml',
  3 => 'conds',
  4 => 'cartItemsCount',
) ]
[ info ] [ SESSION ] INIT array (
  'id' => '',
  'var_session_id' => '',
  'prefix' => 'think',
  'type' => '',
  'auto_start' => true,
)
[ info ] [ LOG ] INIT File
[ sql ] [ DB ] CONNECT:[ UseTime:0.017252s ] mysql:host=localhost;dbname=shop;charset=utf8
[ sql ] [ SQL ] SHOW COLUMNS FROM `category` [ RunTime:0.005433s ]
[ sql ] [ SQL ] SELECT * FROM `category` ORDER BY `sort` DESC,`id` DESC [ RunTime:0.010363s ]
[ sql ] [ DB ] CONNECT:[ UseTime:0.004363s ] mysql:host=localhost;dbname=shop;charset=utf8
[ sql ] [ SQL ] SHOW COLUMNS FROM `goods` [ RunTime:0.004056s ]
[ sql ] [ SQL ] SELECT COUNT(*) AS tp_count FROM `goods` WHERE  `onSale` = 1 LIMIT 1 [ RunTime:0.001237s ]
[ sql ] [ SQL ] SELECT `id`,`goodsName`,`mainPic`,`salePrice`,`saleCount`,`onSaleTime` FROM `goods` WHERE  `onSale` = 1 ORDER BY `onSaleTime` DESC LIMIT 20,5 [ RunTime:0.001293s ]
[ sql ] [ SQL ] SHOW COLUMNS FROM `cart` [ RunTime:0.013305s ]
[ sql ] [ SQL ] SELECT COUNT(*) AS tp_count FROM `cart` LIMIT 1 [ RunTime:0.001116s ]
---------------------------------------------------------------
[ 2020-07-08T20:59:07+08:00 ] 0.0.0.0 GET localhost/shop/public/index/goods/index?id=4
[运行时间：0.055077s] [吞吐率：18.16req/s] [内存消耗：591.82kb] [文件加载：52]
[ info ] [ LANG ] D:\Wamp\www\shop\thinkphp\lang\zh-cn.php
[ info ] [ ROUTE ] array (
  'type' => 'module',
  'module' => 
  array (
    0 => 'index',
    1 => 'goods',
    2 => 'index',
  ),
)
[ info ] [ HEADER ] array (
  'host' => 'localhost',
  'connection' => 'keep-alive',
  'upgrade-insecure-requests' => '1',
  'user-agent' => 'Mozilla/5.0 (Windows NT 10.0; Win64; x64) AppleWebKit/537.36 (KHTML, like Gecko) Chrome/81.0.4044.129 Safari/537.36',
  'accept' => 'text/html,application/xhtml+xml,application/xml;q=0.9,image/webp,image/apng,*/*;q=0.8,application/signed-exchange;v=b3;q=0.9',
  'sec-fetch-site' => 'same-origin',
  'sec-fetch-mode' => 'navigate',
  'sec-fetch-user' => '?1',
  'sec-fetch-dest' => 'document',
  'referer' => 'http://localhost/shop/public/index/goods/list?sort=onSaleTime+desc&page=5',
  'accept-encoding' => 'gzip, deflate, br',
  'accept-language' => 'zh-CN,zh;q=0.9,en-US;q=0.8,en;q=0.7',
  'cookie' => 'PHPSESSID=e5sjle9odiqmp5ri9fi663lrhc',
)
[ info ] [ PARAM ] array (
  'id' => '4',
)
[ info ] [ RUN ] app\index\controller\Goods->index[ D:\Wamp\www\shop\application\index\controller\Goods.php ]
[ info ] [ DB ] INIT mysql
[ info ] [ VIEW ] D:\Wamp\www\shop\public/../application/index\view\goods\goods.html [ array (
  0 => 'goods',
) ]
[ info ] [ SESSION ] INIT array (
  'id' => '',
  'var_session_id' => '',
  'prefix' => 'think',
  'type' => '',
  'auto_start' => true,
)
[ info ] [ LOG ] INIT File
[ sql ] [ DB ] CONNECT:[ UseTime:0.013171s ] mysql:host=localhost;dbname=shop;charset=utf8
[ sql ] [ SQL ] SHOW COLUMNS FROM `goods` [ RunTime:0.003576s ]
[ sql ] [ SQL ] SELECT `g`.*,`c`.`cateName` FROM `goods` `g` INNER JOIN `category` `c` ON `g`.`cateId`=`c`.`id` WHERE  `g`.`id` = '4' LIMIT 1 [ RunTime:0.003742s ]
---------------------------------------------------------------
[ 2020-07-08T21:33:13+08:00 ] 0.0.0.0 GET localhost/shop/public/index/goods/index?id=4
[运行时间：0.077304s] [吞吐率：12.94req/s] [内存消耗：591.90kb] [文件加载：52]
[ info ] [ LANG ] D:\Wamp\www\shop\thinkphp\lang\zh-cn.php
[ info ] [ ROUTE ] array (
  'type' => 'module',
  'module' => 
  array (
    0 => 'index',
    1 => 'goods',
    2 => 'index',
  ),
)
[ info ] [ HEADER ] array (
  'host' => 'localhost',
  'connection' => 'keep-alive',
  'cache-control' => 'max-age=0',
  'upgrade-insecure-requests' => '1',
  'user-agent' => 'Mozilla/5.0 (Windows NT 10.0; Win64; x64) AppleWebKit/537.36 (KHTML, like Gecko) Chrome/81.0.4044.129 Safari/537.36',
  'accept' => 'text/html,application/xhtml+xml,application/xml;q=0.9,image/webp,image/apng,*/*;q=0.8,application/signed-exchange;v=b3;q=0.9',
  'sec-fetch-site' => 'same-origin',
  'sec-fetch-mode' => 'navigate',
  'sec-fetch-user' => '?1',
  'sec-fetch-dest' => 'document',
  'referer' => 'http://localhost/shop/public/index/goods/list?sort=onSaleTime+desc&page=5',
  'accept-encoding' => 'gzip, deflate, br',
  'accept-language' => 'zh-CN,zh;q=0.9,en-US;q=0.8,en;q=0.7',
  'cookie' => 'PHPSESSID=e5sjle9odiqmp5ri9fi663lrhc',
)
[ info ] [ PARAM ] array (
  'id' => '4',
)
[ info ] [ RUN ] app\index\controller\Goods->index[ D:\Wamp\www\shop\application\index\controller\Goods.php ]
[ info ] [ DB ] INIT mysql
[ info ] [ VIEW ] D:\Wamp\www\shop\public/../application/index\view\goods\goods.html [ array (
  0 => 'goods',
) ]
[ info ] [ SESSION ] INIT array (
  'id' => '',
  'var_session_id' => '',
  'prefix' => 'think',
  'type' => '',
  'auto_start' => true,
)
[ info ] [ LOG ] INIT File
[ sql ] [ DB ] CONNECT:[ UseTime:0.008384s ] mysql:host=localhost;dbname=shop;charset=utf8
[ sql ] [ SQL ] SHOW COLUMNS FROM `goods` [ RunTime:0.005906s ]
[ sql ] [ SQL ] SELECT `g`.*,`c`.`cateName` FROM `goods` `g` INNER JOIN `category` `c` ON `g`.`cateId`=`c`.`id` WHERE  `g`.`id` = '4' LIMIT 1 [ RunTime:0.004163s ]
---------------------------------------------------------------
[ 2020-07-08T22:07:15+08:00 ] 0.0.0.0 GET localhost/shop/public/index/goods/index?id=4
[运行时间：0.070650s] [吞吐率：14.15req/s] [内存消耗：591.82kb] [文件加载：52]
[ info ] [ LANG ] D:\Wamp\www\shop\thinkphp\lang\zh-cn.php
[ info ] [ ROUTE ] array (
  'type' => 'module',
  'module' => 
  array (
    0 => 'index',
    1 => 'goods',
    2 => 'index',
  ),
)
[ info ] [ HEADER ] array (
  'host' => 'localhost',
  'connection' => 'keep-alive',
  'upgrade-insecure-requests' => '1',
  'user-agent' => 'Mozilla/5.0 (Windows NT 10.0; Win64; x64) AppleWebKit/537.36 (KHTML, like Gecko) Chrome/81.0.4044.129 Safari/537.36',
  'accept' => 'text/html,application/xhtml+xml,application/xml;q=0.9,image/webp,image/apng,*/*;q=0.8,application/signed-exchange;v=b3;q=0.9',
  'sec-fetch-site' => 'same-origin',
  'sec-fetch-mode' => 'navigate',
  'sec-fetch-user' => '?1',
  'sec-fetch-dest' => 'document',
  'referer' => 'http://localhost/shop/public/index/goods/list?sort=onSaleTime+desc&page=5',
  'accept-encoding' => 'gzip, deflate, br',
  'accept-language' => 'zh-CN,zh;q=0.9,en-US;q=0.8,en;q=0.7',
  'cookie' => 'PHPSESSID=e5sjle9odiqmp5ri9fi663lrhc',
)
[ info ] [ PARAM ] array (
  'id' => '4',
)
[ info ] [ RUN ] app\index\controller\Goods->index[ D:\Wamp\www\shop\application\index\controller\Goods.php ]
[ info ] [ DB ] INIT mysql
[ info ] [ VIEW ] D:\Wamp\www\shop\public/../application/index\view\goods\goods.html [ array (
  0 => 'goods',
) ]
[ info ] [ SESSION ] INIT array (
  'id' => '',
  'var_session_id' => '',
  'prefix' => 'think',
  'type' => '',
  'auto_start' => true,
)
[ info ] [ LOG ] INIT File
[ sql ] [ DB ] CONNECT:[ UseTime:0.005229s ] mysql:host=localhost;dbname=shop;charset=utf8
[ sql ] [ SQL ] SHOW COLUMNS FROM `goods` [ RunTime:0.007568s ]
[ sql ] [ SQL ] SELECT `g`.*,`c`.`cateName` FROM `goods` `g` INNER JOIN `category` `c` ON `g`.`cateId`=`c`.`id` WHERE  `g`.`id` = '4' LIMIT 1 [ RunTime:0.001634s ]
