---------------------------------------------------------------
[ 2020-06-23T00:12:39+08:00 ] 0.0.0.0 POST localhost/shop/public/index/order/index
[运行时间：0.082087s] [吞吐率：12.18req/s] [内存消耗：620.38kb] [文件加载：53]
[ info ] [ LANG ] D:\Wamp\www\shop\thinkphp\lang\zh-cn.php
[ info ] [ ROUTE ] array (
  'type' => 'module',
  'module' => 
  array (
    0 => 'index',
    1 => 'order',
    2 => 'index',
  ),
)
[ info ] [ HEADER ] array (
  'host' => 'localhost',
  'connection' => 'keep-alive',
  'content-length' => '23',
  'cache-control' => 'max-age=0',
  'upgrade-insecure-requests' => '1',
  'user-agent' => 'Mozilla/5.0 (Windows NT 10.0; Win64; x64) AppleWebKit/537.36 (KHTML, like Gecko) Chrome/81.0.4044.129 Safari/537.36',
  'origin' => 'http://localhost',
  'content-type' => 'application/x-www-form-urlencoded',
  'accept' => 'text/html,application/xhtml+xml,application/xml;q=0.9,image/webp,image/apng,*/*;q=0.8,application/signed-exchange;v=b3;q=0.9',
  'sec-fetch-site' => 'same-origin',
  'sec-fetch-mode' => 'navigate',
  'sec-fetch-user' => '?1',
  'sec-fetch-dest' => 'document',
  'referer' => 'http://localhost/shop/public/index/cart/index',
  'accept-encoding' => 'gzip, deflate, br',
  'accept-language' => 'zh-CN,zh;q=0.9,en-US;q=0.8,en;q=0.7',
  'cookie' => 'PHPSESSID=rvd2m0qo06cv4m2tj2qin860ol',
)
[ info ] [ PARAM ] array (
  'checkItem' => '7',
  'goodsNum' => '16',
)
[ info ] [ RUN ] app\index\controller\Order->index[ D:\Wamp\www\shop\application\index\controller\Order.php ]
[ info ] [ DB ] INIT mysql
[ info ] [ SESSION ] INIT array (
  'id' => '',
  'var_session_id' => '',
  'prefix' => 'think',
  'type' => '',
  'auto_start' => true,
)
[ info ] [ VIEW ] D:\Wamp\www\shop\public/../application/index\view\order\order.html [ array (
  0 => 'allAddress',
  1 => 'items',
) ]
[ info ] [ LOG ] INIT File
[ sql ] [ DB ] CONNECT:[ UseTime:0.006076s ] mysql:host=127.0.0.1;dbname=shop;charset=utf8
[ sql ] [ SQL ] SHOW COLUMNS FROM `cart` [ RunTime:0.005103s ]
[ sql ] [ SQL ] SELECT c.id as cartId,`c`.`count`,g.id as goodsId,`goodsName`,`mainPic`,`salePrice`,g.count as last FROM `cart` `c` INNER JOIN `goods` `g` ON `c`.`goodsId`=`g`.`id` [ RunTime:0.003935s ]
[ sql ] [ SQL ] SHOW COLUMNS FROM `address` [ RunTime:0.003116s ]
[ sql ] [ SQL ] SELECT * FROM `address` WHERE  `memberId` = 1 ORDER BY `id` DESC [ RunTime:0.001374s ]
---------------------------------------------------------------
[ 2020-06-23T00:13:05+08:00 ] 0.0.0.0 GET localhost/shop/public/index/goods/list
[运行时间：0.066577s] [吞吐率：15.02req/s] [内存消耗：632.83kb] [文件加载：55]
[ info ] [ LANG ] D:\Wamp\www\shop\thinkphp\lang\zh-cn.php
[ info ] [ ROUTE ] array (
  'type' => 'module',
  'module' => 
  array (
    0 => 'index',
    1 => 'goods',
    2 => 'list',
  ),
)
[ info ] [ HEADER ] array (
  'host' => 'localhost',
  'connection' => 'keep-alive',
  'upgrade-insecure-requests' => '1',
  'user-agent' => 'Mozilla/5.0 (Windows NT 10.0; Win64; x64) AppleWebKit/537.36 (KHTML, like Gecko) Chrome/81.0.4044.129 Safari/537.36',
  'accept' => 'text/html,application/xhtml+xml,application/xml;q=0.9,image/webp,image/apng,*/*;q=0.8,application/signed-exchange;v=b3;q=0.9',
  'sec-fetch-site' => 'none',
  'sec-fetch-mode' => 'navigate',
  'sec-fetch-user' => '?1',
  'sec-fetch-dest' => 'document',
  'accept-encoding' => 'gzip, deflate, br',
  'accept-language' => 'zh-CN,zh;q=0.9,en-US;q=0.8,en;q=0.7',
  'cookie' => 'PHPSESSID=rvd2m0qo06cv4m2tj2qin860ol',
)
[ info ] [ PARAM ] array (
)
[ info ] [ RUN ] app\index\controller\Goods->list[ D:\Wamp\www\shop\application\index\controller\Goods.php ]
[ info ] [ DB ] INIT mysql
[ info ] [ DB ] INIT mysql
[ info ] [ VIEW ] D:\Wamp\www\shop\public/../application/index\view\goods\list.html [ array (
  0 => 'cates',
  1 => 'goodsList',
  2 => 'pageHtml',
  3 => 'conds',
) ]
[ info ] [ SESSION ] INIT array (
  'id' => '',
  'var_session_id' => '',
  'prefix' => 'think',
  'type' => '',
  'auto_start' => true,
)
[ info ] [ LOG ] INIT File
[ sql ] [ DB ] CONNECT:[ UseTime:0.003280s ] mysql:host=127.0.0.1;dbname=shop;charset=utf8
[ sql ] [ SQL ] SHOW COLUMNS FROM `category` [ RunTime:0.003798s ]
[ sql ] [ SQL ] SELECT * FROM `category` ORDER BY `sort` DESC,`id` DESC [ RunTime:0.002017s ]
[ sql ] [ DB ] CONNECT:[ UseTime:0.003150s ] mysql:host=127.0.0.1;dbname=shop;charset=utf8
[ sql ] [ SQL ] SHOW COLUMNS FROM `goods` [ RunTime:0.005427s ]
[ sql ] [ SQL ] SELECT COUNT(*) AS tp_count FROM `goods` LIMIT 1 [ RunTime:0.001150s ]
[ sql ] [ SQL ] SELECT `id`,`goodsName`,`mainPic`,`salePrice`,`saleCount` FROM `goods` ORDER BY `onSaleTime` DESC LIMIT 0,12 [ RunTime:0.001048s ]
---------------------------------------------------------------
[ 2020-06-23T00:13:18+08:00 ] 0.0.0.0 POST localhost/shop/public/index/cart/add
[运行时间：0.105862s] [吞吐率：9.45req/s] [内存消耗：489.12kb] [文件加载：53]
[ info ] [ LANG ] D:\Wamp\www\shop\thinkphp\lang\zh-cn.php
[ info ] [ ROUTE ] array (
  'type' => 'module',
  'module' => 
  array (
    0 => 'index',
    1 => 'cart',
    2 => 'add',
  ),
)
[ info ] [ HEADER ] array (
  'host' => 'localhost',
  'connection' => 'keep-alive',
  'content-length' => '17',
  'accept' => '*/*',
  'x-requested-with' => 'XMLHttpRequest',
  'user-agent' => 'Mozilla/5.0 (Windows NT 10.0; Win64; x64) AppleWebKit/537.36 (KHTML, like Gecko) Chrome/81.0.4044.129 Safari/537.36',
  'content-type' => 'application/x-www-form-urlencoded; charset=UTF-8',
  'origin' => 'http://localhost',
  'sec-fetch-site' => 'same-origin',
  'sec-fetch-mode' => 'cors',
  'sec-fetch-dest' => 'empty',
  'referer' => 'http://localhost/shop/public/index/goods/list',
  'accept-encoding' => 'gzip, deflate, br',
  'accept-language' => 'zh-CN,zh;q=0.9,en-US;q=0.8,en;q=0.7',
  'cookie' => 'PHPSESSID=rvd2m0qo06cv4m2tj2qin860ol',
)
[ info ] [ PARAM ] array (
  'goodsId' => '1',
  'count' => '1',
)
[ info ] [ RUN ] app\index\controller\Cart->add[ D:\Wamp\www\shop\application\index\controller\Cart.php ]
[ info ] [ SESSION ] INIT array (
  'id' => '',
  'var_session_id' => '',
  'prefix' => 'think',
  'type' => '',
  'auto_start' => true,
)
[ info ] [ DB ] INIT mysql
[ info ] [ CACHE ] INIT File
[ info ] [ LOG ] INIT File
[ sql ] [ DB ] CONNECT:[ UseTime:0.018032s ] mysql:host=127.0.0.1;dbname=shop;charset=utf8
[ sql ] [ SQL ] SHOW COLUMNS FROM `cart` [ RunTime:0.006880s ]
[ sql ] [ SQL ] SELECT * FROM `cart` WHERE  `memberId` = 1  AND `goodsId` = 1 LIMIT 1 [ RunTime:0.002102s ]
[ sql ] [ SQL ] SHOW COLUMNS FROM `goods` [ RunTime:0.007193s ]
[ sql ] [ SQL ] SELECT * FROM `goods` WHERE  `id` = 1 LIMIT 1 [ RunTime:0.002206s ]
[ sql ] [ SQL ] UPDATE `cart`  SET `count`=`count`+1  WHERE  `id` = 7 [ RunTime:0.018858s ]
---------------------------------------------------------------
[ 2020-06-23T00:13:20+08:00 ] 0.0.0.0 POST localhost/shop/public/index/cart/add
[运行时间：0.032504s] [吞吐率：30.77req/s] [内存消耗：400.36kb] [文件加载：49]
[ info ] [ LANG ] D:\Wamp\www\shop\thinkphp\lang\zh-cn.php
[ info ] [ ROUTE ] array (
  'type' => 'module',
  'module' => 
  array (
    0 => 'index',
    1 => 'cart',
    2 => 'add',
  ),
)
[ info ] [ HEADER ] array (
  'host' => 'localhost',
  'connection' => 'keep-alive',
  'content-length' => '17',
  'accept' => '*/*',
  'x-requested-with' => 'XMLHttpRequest',
  'user-agent' => 'Mozilla/5.0 (Windows NT 10.0; Win64; x64) AppleWebKit/537.36 (KHTML, like Gecko) Chrome/81.0.4044.129 Safari/537.36',
  'content-type' => 'application/x-www-form-urlencoded; charset=UTF-8',
  'origin' => 'http://localhost',
  'sec-fetch-site' => 'same-origin',
  'sec-fetch-mode' => 'cors',
  'sec-fetch-dest' => 'empty',
  'referer' => 'http://localhost/shop/public/index/goods/list',
  'accept-encoding' => 'gzip, deflate, br',
  'accept-language' => 'zh-CN,zh;q=0.9,en-US;q=0.8,en;q=0.7',
  'cookie' => 'PHPSESSID=rvd2m0qo06cv4m2tj2qin860ol',
)
[ info ] [ PARAM ] array (
  'goodsId' => '3',
  'count' => '1',
)
[ info ] [ RUN ] app\index\controller\Cart->add[ D:\Wamp\www\shop\application\index\controller\Cart.php ]
[ info ] [ SESSION ] INIT array (
  'id' => '',
  'var_session_id' => '',
  'prefix' => 'think',
  'type' => '',
  'auto_start' => true,
)
[ info ] [ DB ] INIT mysql
[ info ] [ LOG ] INIT File
[ sql ] [ DB ] CONNECT:[ UseTime:0.002276s ] mysql:host=127.0.0.1;dbname=shop;charset=utf8
[ sql ] [ SQL ] SHOW COLUMNS FROM `cart` [ RunTime:0.003444s ]
[ sql ] [ SQL ] SELECT * FROM `cart` WHERE  `memberId` = 1  AND `goodsId` = 3 LIMIT 1 [ RunTime:0.001178s ]
[ sql ] [ SQL ] INSERT INTO `cart` (`memberId` , `goodsId` , `count`) VALUES (1 , 3 , 1) [ RunTime:0.009025s ]
---------------------------------------------------------------
[ 2020-06-23T00:13:21+08:00 ] 0.0.0.0 POST localhost/shop/public/index/cart/add
[运行时间：0.055632s] [吞吐率：17.98req/s] [内存消耗：400.36kb] [文件加载：49]
[ info ] [ LANG ] D:\Wamp\www\shop\thinkphp\lang\zh-cn.php
[ info ] [ ROUTE ] array (
  'type' => 'module',
  'module' => 
  array (
    0 => 'index',
    1 => 'cart',
    2 => 'add',
  ),
)
[ info ] [ HEADER ] array (
  'host' => 'localhost',
  'connection' => 'keep-alive',
  'content-length' => '17',
  'accept' => '*/*',
  'x-requested-with' => 'XMLHttpRequest',
  'user-agent' => 'Mozilla/5.0 (Windows NT 10.0; Win64; x64) AppleWebKit/537.36 (KHTML, like Gecko) Chrome/81.0.4044.129 Safari/537.36',
  'content-type' => 'application/x-www-form-urlencoded; charset=UTF-8',
  'origin' => 'http://localhost',
  'sec-fetch-site' => 'same-origin',
  'sec-fetch-mode' => 'cors',
  'sec-fetch-dest' => 'empty',
  'referer' => 'http://localhost/shop/public/index/goods/list',
  'accept-encoding' => 'gzip, deflate, br',
  'accept-language' => 'zh-CN,zh;q=0.9,en-US;q=0.8,en;q=0.7',
  'cookie' => 'PHPSESSID=rvd2m0qo06cv4m2tj2qin860ol',
)
[ info ] [ PARAM ] array (
  'goodsId' => '4',
  'count' => '1',
)
[ info ] [ RUN ] app\index\controller\Cart->add[ D:\Wamp\www\shop\application\index\controller\Cart.php ]
[ info ] [ SESSION ] INIT array (
  'id' => '',
  'var_session_id' => '',
  'prefix' => 'think',
  'type' => '',
  'auto_start' => true,
)
[ info ] [ DB ] INIT mysql
[ info ] [ LOG ] INIT File
[ sql ] [ DB ] CONNECT:[ UseTime:0.014411s ] mysql:host=127.0.0.1;dbname=shop;charset=utf8
[ sql ] [ SQL ] SHOW COLUMNS FROM `cart` [ RunTime:0.003524s ]
[ sql ] [ SQL ] SELECT * FROM `cart` WHERE  `memberId` = 1  AND `goodsId` = 4 LIMIT 1 [ RunTime:0.001378s ]
[ sql ] [ SQL ] INSERT INTO `cart` (`memberId` , `goodsId` , `count`) VALUES (1 , 4 , 1) [ RunTime:0.013159s ]
---------------------------------------------------------------
[ 2020-06-23T00:13:24+08:00 ] 0.0.0.0 POST localhost/shop/public/index/cart/add
[运行时间：0.058247s] [吞吐率：17.17req/s] [内存消耗：400.36kb] [文件加载：49]
[ info ] [ LANG ] D:\Wamp\www\shop\thinkphp\lang\zh-cn.php
[ info ] [ ROUTE ] array (
  'type' => 'module',
  'module' => 
  array (
    0 => 'index',
    1 => 'cart',
    2 => 'add',
  ),
)
[ info ] [ HEADER ] array (
  'host' => 'localhost',
  'connection' => 'keep-alive',
  'content-length' => '17',
  'accept' => '*/*',
  'x-requested-with' => 'XMLHttpRequest',
  'user-agent' => 'Mozilla/5.0 (Windows NT 10.0; Win64; x64) AppleWebKit/537.36 (KHTML, like Gecko) Chrome/81.0.4044.129 Safari/537.36',
  'content-type' => 'application/x-www-form-urlencoded; charset=UTF-8',
  'origin' => 'http://localhost',
  'sec-fetch-site' => 'same-origin',
  'sec-fetch-mode' => 'cors',
  'sec-fetch-dest' => 'empty',
  'referer' => 'http://localhost/shop/public/index/goods/list',
  'accept-encoding' => 'gzip, deflate, br',
  'accept-language' => 'zh-CN,zh;q=0.9,en-US;q=0.8,en;q=0.7',
  'cookie' => 'PHPSESSID=rvd2m0qo06cv4m2tj2qin860ol',
)
[ info ] [ PARAM ] array (
  'goodsId' => '5',
  'count' => '1',
)
[ info ] [ RUN ] app\index\controller\Cart->add[ D:\Wamp\www\shop\application\index\controller\Cart.php ]
[ info ] [ SESSION ] INIT array (
  'id' => '',
  'var_session_id' => '',
  'prefix' => 'think',
  'type' => '',
  'auto_start' => true,
)
[ info ] [ DB ] INIT mysql
[ info ] [ LOG ] INIT File
[ sql ] [ DB ] CONNECT:[ UseTime:0.011372s ] mysql:host=127.0.0.1;dbname=shop;charset=utf8
[ sql ] [ SQL ] SHOW COLUMNS FROM `cart` [ RunTime:0.004423s ]
[ sql ] [ SQL ] SELECT * FROM `cart` WHERE  `memberId` = 1  AND `goodsId` = 5 LIMIT 1 [ RunTime:0.001362s ]
[ sql ] [ SQL ] INSERT INTO `cart` (`memberId` , `goodsId` , `count`) VALUES (1 , 5 , 1) [ RunTime:0.016947s ]
---------------------------------------------------------------
[ 2020-06-23T00:13:29+08:00 ] 0.0.0.0 GET localhost/shop/public/index/order/index
[运行时间：0.081650s] [吞吐率：12.25req/s] [内存消耗：498.05kb] [文件加载：51]
[ info ] [ LANG ] D:\Wamp\www\shop\thinkphp\lang\zh-cn.php
[ info ] [ ROUTE ] array (
  'type' => 'module',
  'module' => 
  array (
    0 => 'index',
    1 => 'order',
    2 => 'index',
  ),
)
[ info ] [ HEADER ] array (
  'host' => 'localhost',
  'connection' => 'keep-alive',
  'cache-control' => 'max-age=0',
  'upgrade-insecure-requests' => '1',
  'user-agent' => 'Mozilla/5.0 (Windows NT 10.0; Win64; x64) AppleWebKit/537.36 (KHTML, like Gecko) Chrome/81.0.4044.129 Safari/537.36',
  'accept' => 'text/html,application/xhtml+xml,application/xml;q=0.9,image/webp,image/apng,*/*;q=0.8,application/signed-exchange;v=b3;q=0.9',
  'sec-fetch-site' => 'none',
  'sec-fetch-mode' => 'navigate',
  'sec-fetch-user' => '?1',
  'sec-fetch-dest' => 'document',
  'accept-encoding' => 'gzip, deflate, br',
  'accept-language' => 'zh-CN,zh;q=0.9,en-US;q=0.8,en;q=0.7',
  'cookie' => 'PHPSESSID=rvd2m0qo06cv4m2tj2qin860ol',
)
[ info ] [ PARAM ] array (
)
[ info ] [ RUN ] app\index\controller\Order->index[ D:\Wamp\www\shop\application\index\controller\Order.php ]
[ info ] [ DB ] INIT mysql
[ info ] [ SESSION ] INIT array (
  'id' => '',
  'var_session_id' => '',
  'prefix' => 'think',
  'type' => '',
  'auto_start' => true,
)
[ info ] [ VIEW ] D:\Wamp\www\shop\public/../application/index\view\order\order.html [ array (
  0 => 'allAddress',
  1 => 'items',
) ]
[ info ] [ LOG ] INIT File
[ sql ] [ DB ] CONNECT:[ UseTime:0.006261s ] mysql:host=127.0.0.1;dbname=shop;charset=utf8
[ sql ] [ SQL ] SHOW COLUMNS FROM `cart` [ RunTime:0.004597s ]
[ sql ] [ SQL ] SELECT c.id as cartId,`c`.`count`,g.id as goodsId,`goodsName`,`mainPic`,`salePrice`,g.count as last FROM `cart` `c` INNER JOIN `goods` `g` ON `c`.`goodsId`=`g`.`id` [ RunTime:0.003125s ]
[ sql ] [ SQL ] SHOW COLUMNS FROM `address` [ RunTime:0.003857s ]
[ sql ] [ SQL ] SELECT * FROM `address` WHERE  `memberId` = 1 ORDER BY `id` DESC [ RunTime:0.002430s ]
---------------------------------------------------------------
[ 2020-06-23T00:13:40+08:00 ] 0.0.0.0 GET localhost/shop/public/index/order/index
[运行时间：0.053373s] [吞吐率：18.74req/s] [内存消耗：496.95kb] [文件加载：51]
[ info ] [ LANG ] D:\Wamp\www\shop\thinkphp\lang\zh-cn.php
[ info ] [ ROUTE ] array (
  'type' => 'module',
  'module' => 
  array (
    0 => 'index',
    1 => 'order',
    2 => 'index',
  ),
)
[ info ] [ HEADER ] array (
  'host' => 'localhost',
  'connection' => 'keep-alive',
  'cache-control' => 'max-age=0',
  'upgrade-insecure-requests' => '1',
  'user-agent' => 'Mozilla/5.0 (Windows NT 10.0; Win64; x64) AppleWebKit/537.36 (KHTML, like Gecko) Chrome/81.0.4044.129 Safari/537.36',
  'accept' => 'text/html,application/xhtml+xml,application/xml;q=0.9,image/webp,image/apng,*/*;q=0.8,application/signed-exchange;v=b3;q=0.9',
  'sec-fetch-site' => 'none',
  'sec-fetch-mode' => 'navigate',
  'sec-fetch-user' => '?1',
  'sec-fetch-dest' => 'document',
  'accept-encoding' => 'gzip, deflate, br',
  'accept-language' => 'zh-CN,zh;q=0.9,en-US;q=0.8,en;q=0.7',
  'cookie' => 'PHPSESSID=rvd2m0qo06cv4m2tj2qin860ol',
)
[ info ] [ PARAM ] array (
)
[ info ] [ RUN ] app\index\controller\Order->index[ D:\Wamp\www\shop\application\index\controller\Order.php ]
[ info ] [ DB ] INIT mysql
[ info ] [ SESSION ] INIT array (
  'id' => '',
  'var_session_id' => '',
  'prefix' => 'think',
  'type' => '',
  'auto_start' => true,
)
[ info ] [ VIEW ] D:\Wamp\www\shop\public/../application/index\view\order\order.html [ array (
  0 => 'allAddress',
  1 => 'items',
) ]
[ info ] [ LOG ] INIT File
[ sql ] [ DB ] CONNECT:[ UseTime:0.014119s ] mysql:host=127.0.0.1;dbname=shop;charset=utf8
[ sql ] [ SQL ] SHOW COLUMNS FROM `cart` [ RunTime:0.003051s ]
[ sql ] [ SQL ] SELECT c.id as cartId,`c`.`count`,g.id as goodsId,`goodsName`,`mainPic`,`salePrice`,g.count as last FROM `cart` `c` INNER JOIN `goods` `g` ON `c`.`goodsId`=`g`.`id` [ RunTime:0.001516s ]
[ sql ] [ SQL ] SHOW COLUMNS FROM `address` [ RunTime:0.002249s ]
[ sql ] [ SQL ] SELECT * FROM `address` WHERE  `memberId` = 1 ORDER BY `id` DESC [ RunTime:0.001857s ]
---------------------------------------------------------------
[ 2020-06-23T00:13:49+08:00 ] 0.0.0.0 GET localhost/shop/public/index/cart/index
[运行时间：0.057546s] [吞吐率：17.38req/s] [内存消耗：462.34kb] [文件加载：50]
[ info ] [ LANG ] D:\Wamp\www\shop\thinkphp\lang\zh-cn.php
[ info ] [ ROUTE ] array (
  'type' => 'module',
  'module' => 
  array (
    0 => 'index',
    1 => 'cart',
    2 => 'index',
  ),
)
[ info ] [ HEADER ] array (
  'host' => 'localhost',
  'connection' => 'keep-alive',
  'upgrade-insecure-requests' => '1',
  'user-agent' => 'Mozilla/5.0 (Windows NT 10.0; Win64; x64) AppleWebKit/537.36 (KHTML, like Gecko) Chrome/81.0.4044.129 Safari/537.36',
  'accept' => 'text/html,application/xhtml+xml,application/xml;q=0.9,image/webp,image/apng,*/*;q=0.8,application/signed-exchange;v=b3;q=0.9',
  'sec-fetch-site' => 'same-origin',
  'sec-fetch-mode' => 'navigate',
  'sec-fetch-user' => '?1',
  'sec-fetch-dest' => 'document',
  'referer' => 'http://localhost/shop/public/index/goods/list',
  'accept-encoding' => 'gzip, deflate, br',
  'accept-language' => 'zh-CN,zh;q=0.9,en-US;q=0.8,en;q=0.7',
  'cookie' => 'PHPSESSID=rvd2m0qo06cv4m2tj2qin860ol',
)
[ info ] [ PARAM ] array (
)
[ info ] [ RUN ] app\index\controller\Cart->index[ D:\Wamp\www\shop\application\index\controller\Cart.php ]
[ info ] [ SESSION ] INIT array (
  'id' => '',
  'var_session_id' => '',
  'prefix' => 'think',
  'type' => '',
  'auto_start' => true,
)
[ info ] [ DB ] INIT mysql
[ info ] [ VIEW ] D:\Wamp\www\shop\public/../application/index\view\cart\cart_list.html [ array (
  0 => 'itemList',
) ]
[ info ] [ LOG ] INIT File
[ sql ] [ DB ] CONNECT:[ UseTime:0.015887s ] mysql:host=127.0.0.1;dbname=shop;charset=utf8
[ sql ] [ SQL ] SHOW COLUMNS FROM `cart` [ RunTime:0.003819s ]
[ sql ] [ SQL ] SELECT c.id as cartId,`c`.`count`,g.id as goodsId,`goodsName`,`mainPic`,`salePrice`,g.count as last FROM `cart` `c` INNER JOIN `goods` `g` ON `c`.`goodsId`=`g`.`id` WHERE  `memberId` = 1 [ RunTime:0.003116s ]
---------------------------------------------------------------
[ 2020-06-23T00:13:55+08:00 ] 0.0.0.0 POST localhost/shop/public/index/order/index
[运行时间：0.065922s] [吞吐率：15.17req/s] [内存消耗：497.94kb] [文件加载：51]
[ info ] [ LANG ] D:\Wamp\www\shop\thinkphp\lang\zh-cn.php
[ info ] [ ROUTE ] array (
  'type' => 'module',
  'module' => 
  array (
    0 => 'index',
    1 => 'order',
    2 => 'index',
  ),
)
[ info ] [ HEADER ] array (
  'host' => 'localhost',
  'connection' => 'keep-alive',
  'content-length' => '69',
  'cache-control' => 'max-age=0',
  'upgrade-insecure-requests' => '1',
  'origin' => 'http://localhost',
  'content-type' => 'application/x-www-form-urlencoded',
  'user-agent' => 'Mozilla/5.0 (Windows NT 10.0; Win64; x64) AppleWebKit/537.36 (KHTML, like Gecko) Chrome/81.0.4044.129 Safari/537.36',
  'accept' => 'text/html,application/xhtml+xml,application/xml;q=0.9,image/webp,image/apng,*/*;q=0.8,application/signed-exchange;v=b3;q=0.9',
  'sec-fetch-site' => 'same-origin',
  'sec-fetch-mode' => 'navigate',
  'sec-fetch-user' => '?1',
  'sec-fetch-dest' => 'document',
  'referer' => 'http://localhost/shop/public/index/cart/index',
  'accept-encoding' => 'gzip, deflate, br',
  'accept-language' => 'zh-CN,zh;q=0.9,en-US;q=0.8,en;q=0.7',
  'cookie' => 'PHPSESSID=rvd2m0qo06cv4m2tj2qin860ol',
)
[ info ] [ PARAM ] array (
  'goodsNum' => '1',
  'checkItem' => '10',
)
[ info ] [ RUN ] app\index\controller\Order->index[ D:\Wamp\www\shop\application\index\controller\Order.php ]
[ info ] [ DB ] INIT mysql
[ info ] [ SESSION ] INIT array (
  'id' => '',
  'var_session_id' => '',
  'prefix' => 'think',
  'type' => '',
  'auto_start' => true,
)
[ info ] [ VIEW ] D:\Wamp\www\shop\public/../application/index\view\order\order.html [ array (
  0 => 'allAddress',
  1 => 'items',
) ]
[ info ] [ LOG ] INIT File
[ sql ] [ DB ] CONNECT:[ UseTime:0.015491s ] mysql:host=127.0.0.1;dbname=shop;charset=utf8
[ sql ] [ SQL ] SHOW COLUMNS FROM `cart` [ RunTime:0.002767s ]
[ sql ] [ SQL ] SELECT c.id as cartId,`c`.`count`,g.id as goodsId,`goodsName`,`mainPic`,`salePrice`,g.count as last FROM `cart` `c` INNER JOIN `goods` `g` ON `c`.`goodsId`=`g`.`id` [ RunTime:0.002708s ]
[ sql ] [ SQL ] SHOW COLUMNS FROM `address` [ RunTime:0.003422s ]
[ sql ] [ SQL ] SELECT * FROM `address` WHERE  `memberId` = 1 ORDER BY `id` DESC [ RunTime:0.003257s ]
---------------------------------------------------------------
[ 2020-06-23T00:16:03+08:00 ] 0.0.0.0 GET localhost/shop/public/index/order/index
[运行时间：0.029794s] [吞吐率：33.56req/s] [内存消耗：242.46kb] [文件加载：37]
[ info ] [ LANG ] D:\Wamp\www\shop\thinkphp\lang\zh-cn.php
[ info ] [ ROUTE ] array (
  'type' => 'module',
  'module' => 
  array (
    0 => 'index',
    1 => 'order',
    2 => 'index',
  ),
)
[ info ] [ HEADER ] array (
  'host' => 'localhost',
  'connection' => 'keep-alive',
  'cache-control' => 'max-age=0',
  'upgrade-insecure-requests' => '1',
  'user-agent' => 'Mozilla/5.0 (Windows NT 10.0; Win64; x64) AppleWebKit/537.36 (KHTML, like Gecko) Chrome/81.0.4044.129 Safari/537.36',
  'accept' => 'text/html,application/xhtml+xml,application/xml;q=0.9,image/webp,image/apng,*/*;q=0.8,application/signed-exchange;v=b3;q=0.9',
  'sec-fetch-site' => 'none',
  'sec-fetch-mode' => 'navigate',
  'sec-fetch-user' => '?1',
  'sec-fetch-dest' => 'document',
  'accept-encoding' => 'gzip, deflate, br',
  'accept-language' => 'zh-CN,zh;q=0.9,en-US;q=0.8,en;q=0.7',
  'cookie' => 'PHPSESSID=rvd2m0qo06cv4m2tj2qin860ol',
)
[ info ] [ PARAM ] array (
)
[ info ] [ RUN ] app\index\controller\Order->index[ D:\Wamp\www\shop\application\index\controller\Order.php ]
[ info ] [ LOG ] INIT File
---------------------------------------------------------------
[ 2020-06-23T00:16:22+08:00 ] 0.0.0.0 GET localhost/shop/public/index/cart/index
[运行时间：0.052660s] [吞吐率：18.99req/s] [内存消耗：460.88kb] [文件加载：50]
[ info ] [ LANG ] D:\Wamp\www\shop\thinkphp\lang\zh-cn.php
[ info ] [ ROUTE ] array (
  'type' => 'module',
  'module' => 
  array (
    0 => 'index',
    1 => 'cart',
    2 => 'index',
  ),
)
[ info ] [ HEADER ] array (
  'host' => 'localhost',
  'connection' => 'keep-alive',
  'upgrade-insecure-requests' => '1',
  'user-agent' => 'Mozilla/5.0 (Windows NT 10.0; Win64; x64) AppleWebKit/537.36 (KHTML, like Gecko) Chrome/81.0.4044.129 Safari/537.36',
  'accept' => 'text/html,application/xhtml+xml,application/xml;q=0.9,image/webp,image/apng,*/*;q=0.8,application/signed-exchange;v=b3;q=0.9',
  'sec-fetch-site' => 'none',
  'sec-fetch-mode' => 'navigate',
  'sec-fetch-user' => '?1',
  'sec-fetch-dest' => 'document',
  'accept-encoding' => 'gzip, deflate, br',
  'accept-language' => 'zh-CN,zh;q=0.9,en-US;q=0.8,en;q=0.7',
  'cookie' => 'PHPSESSID=rvd2m0qo06cv4m2tj2qin860ol',
)
[ info ] [ PARAM ] array (
)
[ info ] [ RUN ] app\index\controller\Cart->index[ D:\Wamp\www\shop\application\index\controller\Cart.php ]
[ info ] [ SESSION ] INIT array (
  'id' => '',
  'var_session_id' => '',
  'prefix' => 'think',
  'type' => '',
  'auto_start' => true,
)
[ info ] [ DB ] INIT mysql
[ info ] [ VIEW ] D:\Wamp\www\shop\public/../application/index\view\cart\cart_list.html [ array (
  0 => 'itemList',
) ]
[ info ] [ LOG ] INIT File
[ sql ] [ DB ] CONNECT:[ UseTime:0.013582s ] mysql:host=127.0.0.1;dbname=shop;charset=utf8
[ sql ] [ SQL ] SHOW COLUMNS FROM `cart` [ RunTime:0.002667s ]
[ sql ] [ SQL ] SELECT c.id as cartId,`c`.`count`,g.id as goodsId,`goodsName`,`mainPic`,`salePrice`,g.count as last FROM `cart` `c` INNER JOIN `goods` `g` ON `c`.`goodsId`=`g`.`id` WHERE  `memberId` = 1 [ RunTime:0.001459s ]
---------------------------------------------------------------
[ 2020-06-23T00:16:27+08:00 ] 0.0.0.0 POST localhost/shop/public/index/order/index
[运行时间：0.016089s] [吞吐率：62.15req/s] [内存消耗：242.35kb] [文件加载：37]
[ info ] [ LANG ] D:\Wamp\www\shop\thinkphp\lang\zh-cn.php
[ info ] [ ROUTE ] array (
  'type' => 'module',
  'module' => 
  array (
    0 => 'index',
    1 => 'order',
    2 => 'index',
  ),
)
[ info ] [ HEADER ] array (
  'host' => 'localhost',
  'connection' => 'keep-alive',
  'content-length' => '68',
  'cache-control' => 'max-age=0',
  'upgrade-insecure-requests' => '1',
  'origin' => 'http://localhost',
  'content-type' => 'application/x-www-form-urlencoded',
  'user-agent' => 'Mozilla/5.0 (Windows NT 10.0; Win64; x64) AppleWebKit/537.36 (KHTML, like Gecko) Chrome/81.0.4044.129 Safari/537.36',
  'accept' => 'text/html,application/xhtml+xml,application/xml;q=0.9,image/webp,image/apng,*/*;q=0.8,application/signed-exchange;v=b3;q=0.9',
  'sec-fetch-site' => 'same-origin',
  'sec-fetch-mode' => 'navigate',
  'sec-fetch-user' => '?1',
  'sec-fetch-dest' => 'document',
  'referer' => 'http://localhost/shop/public/index/cart/index',
  'accept-encoding' => 'gzip, deflate, br',
  'accept-language' => 'zh-CN,zh;q=0.9,en-US;q=0.8,en;q=0.7',
  'cookie' => 'PHPSESSID=rvd2m0qo06cv4m2tj2qin860ol',
)
[ info ] [ PARAM ] array (
  'checkItem' => '8',
  'goodsNum' => '1',
)
[ info ] [ RUN ] app\index\controller\Order->index[ D:\Wamp\www\shop\application\index\controller\Order.php ]
[ info ] [ LOG ] INIT File
---------------------------------------------------------------
[ 2020-06-23T00:16:38+08:00 ] 0.0.0.0 GET localhost/shop/public/index/cart/index
[运行时间：0.039449s] [吞吐率：25.35req/s] [内存消耗：460.92kb] [文件加载：50]
[ info ] [ LANG ] D:\Wamp\www\shop\thinkphp\lang\zh-cn.php
[ info ] [ ROUTE ] array (
  'type' => 'module',
  'module' => 
  array (
    0 => 'index',
    1 => 'cart',
    2 => 'index',
  ),
)
[ info ] [ HEADER ] array (
  'host' => 'localhost',
  'connection' => 'keep-alive',
  'upgrade-insecure-requests' => '1',
  'user-agent' => 'Mozilla/5.0 (Windows NT 10.0; Win64; x64) AppleWebKit/537.36 (KHTML, like Gecko) Chrome/81.0.4044.129 Safari/537.36',
  'accept' => 'text/html,application/xhtml+xml,application/xml;q=0.9,image/webp,image/apng,*/*;q=0.8,application/signed-exchange;v=b3;q=0.9',
  'sec-fetch-site' => 'same-origin',
  'sec-fetch-mode' => 'navigate',
  'sec-fetch-dest' => 'document',
  'referer' => 'http://localhost/shop/public/index/goods/list',
  'accept-encoding' => 'gzip, deflate, br',
  'accept-language' => 'zh-CN,zh;q=0.9,en-US;q=0.8,en;q=0.7',
  'cookie' => 'PHPSESSID=rvd2m0qo06cv4m2tj2qin860ol',
)
[ info ] [ PARAM ] array (
)
[ info ] [ RUN ] app\index\controller\Cart->index[ D:\Wamp\www\shop\application\index\controller\Cart.php ]
[ info ] [ SESSION ] INIT array (
  'id' => '',
  'var_session_id' => '',
  'prefix' => 'think',
  'type' => '',
  'auto_start' => true,
)
[ info ] [ DB ] INIT mysql
[ info ] [ VIEW ] D:\Wamp\www\shop\public/../application/index\view\cart\cart_list.html [ array (
  0 => 'itemList',
) ]
[ info ] [ LOG ] INIT File
[ sql ] [ DB ] CONNECT:[ UseTime:0.010934s ] mysql:host=127.0.0.1;dbname=shop;charset=utf8
[ sql ] [ SQL ] SHOW COLUMNS FROM `cart` [ RunTime:0.002141s ]
[ sql ] [ SQL ] SELECT c.id as cartId,`c`.`count`,g.id as goodsId,`goodsName`,`mainPic`,`salePrice`,g.count as last FROM `cart` `c` INNER JOIN `goods` `g` ON `c`.`goodsId`=`g`.`id` WHERE  `memberId` = 1 [ RunTime:0.001610s ]
---------------------------------------------------------------
[ 2020-06-23T00:16:39+08:00 ] 0.0.0.0 GET localhost/shop/public/index/cart/index
[运行时间：0.033317s] [吞吐率：30.01req/s] [内存消耗：460.88kb] [文件加载：50]
[ info ] [ LANG ] D:\Wamp\www\shop\thinkphp\lang\zh-cn.php
[ info ] [ ROUTE ] array (
  'type' => 'module',
  'module' => 
  array (
    0 => 'index',
    1 => 'cart',
    2 => 'index',
  ),
)
[ info ] [ HEADER ] array (
  'host' => 'localhost',
  'connection' => 'keep-alive',
  'upgrade-insecure-requests' => '1',
  'user-agent' => 'Mozilla/5.0 (Windows NT 10.0; Win64; x64) AppleWebKit/537.36 (KHTML, like Gecko) Chrome/81.0.4044.129 Safari/537.36',
  'accept' => 'text/html,application/xhtml+xml,application/xml;q=0.9,image/webp,image/apng,*/*;q=0.8,application/signed-exchange;v=b3;q=0.9',
  'sec-fetch-site' => 'none',
  'sec-fetch-mode' => 'navigate',
  'sec-fetch-user' => '?1',
  'sec-fetch-dest' => 'document',
  'accept-encoding' => 'gzip, deflate, br',
  'accept-language' => 'zh-CN,zh;q=0.9,en-US;q=0.8,en;q=0.7',
  'cookie' => 'PHPSESSID=rvd2m0qo06cv4m2tj2qin860ol',
)
[ info ] [ PARAM ] array (
)
[ info ] [ RUN ] app\index\controller\Cart->index[ D:\Wamp\www\shop\application\index\controller\Cart.php ]
[ info ] [ SESSION ] INIT array (
  'id' => '',
  'var_session_id' => '',
  'prefix' => 'think',
  'type' => '',
  'auto_start' => true,
)
[ info ] [ DB ] INIT mysql
[ info ] [ VIEW ] D:\Wamp\www\shop\public/../application/index\view\cart\cart_list.html [ array (
  0 => 'itemList',
) ]
[ info ] [ LOG ] INIT File
[ sql ] [ DB ] CONNECT:[ UseTime:0.011340s ] mysql:host=127.0.0.1;dbname=shop;charset=utf8
[ sql ] [ SQL ] SHOW COLUMNS FROM `cart` [ RunTime:0.001758s ]
[ sql ] [ SQL ] SELECT c.id as cartId,`c`.`count`,g.id as goodsId,`goodsName`,`mainPic`,`salePrice`,g.count as last FROM `cart` `c` INNER JOIN `goods` `g` ON `c`.`goodsId`=`g`.`id` WHERE  `memberId` = 1 [ RunTime:0.001227s ]
---------------------------------------------------------------
[ 2020-06-23T00:18:25+08:00 ] 0.0.0.0 GET localhost/shop/public/index/cart/index
[运行时间：0.066471s] [吞吐率：15.04req/s] [内存消耗：585.23kb] [文件加载：52]
[ info ] [ LANG ] D:\Wamp\www\shop\thinkphp\lang\zh-cn.php
[ info ] [ ROUTE ] array (
  'type' => 'module',
  'module' => 
  array (
    0 => 'index',
    1 => 'cart',
    2 => 'index',
  ),
)
[ info ] [ HEADER ] array (
  'host' => 'localhost',
  'connection' => 'keep-alive',
  'cache-control' => 'max-age=0',
  'upgrade-insecure-requests' => '1',
  'user-agent' => 'Mozilla/5.0 (Windows NT 10.0; Win64; x64) AppleWebKit/537.36 (KHTML, like Gecko) Chrome/81.0.4044.129 Safari/537.36',
  'accept' => 'text/html,application/xhtml+xml,application/xml;q=0.9,image/webp,image/apng,*/*;q=0.8,application/signed-exchange;v=b3;q=0.9',
  'sec-fetch-site' => 'none',
  'sec-fetch-mode' => 'navigate',
  'sec-fetch-user' => '?1',
  'sec-fetch-dest' => 'document',
  'accept-encoding' => 'gzip, deflate, br',
  'accept-language' => 'zh-CN,zh;q=0.9,en-US;q=0.8,en;q=0.7',
  'cookie' => 'PHPSESSID=rvd2m0qo06cv4m2tj2qin860ol',
)
[ info ] [ PARAM ] array (
)
[ info ] [ RUN ] app\index\controller\Cart->index[ D:\Wamp\www\shop\application\index\controller\Cart.php ]
[ info ] [ SESSION ] INIT array (
  'id' => '',
  'var_session_id' => '',
  'prefix' => 'think',
  'type' => '',
  'auto_start' => true,
)
[ info ] [ DB ] INIT mysql
[ info ] [ VIEW ] D:\Wamp\www\shop\public/../application/index\view\cart\cart_list.html [ array (
  0 => 'itemList',
) ]
[ info ] [ LOG ] INIT File
[ sql ] [ DB ] CONNECT:[ UseTime:0.018656s ] mysql:host=127.0.0.1;dbname=shop;charset=utf8
[ sql ] [ SQL ] SHOW COLUMNS FROM `cart` [ RunTime:0.002219s ]
[ sql ] [ SQL ] SELECT c.id as cartId,`c`.`count`,g.id as goodsId,`goodsName`,`mainPic`,`salePrice`,g.count as last FROM `cart` `c` INNER JOIN `goods` `g` ON `c`.`goodsId`=`g`.`id` WHERE  `memberId` = 1 [ RunTime:0.001486s ]
---------------------------------------------------------------
[ 2020-06-23T00:18:35+08:00 ] 0.0.0.0 POST localhost/shop/public/index/order/index
[运行时间：0.023598s] [吞吐率：42.38req/s] [内存消耗：242.46kb] [文件加载：37]
[ info ] [ LANG ] D:\Wamp\www\shop\thinkphp\lang\zh-cn.php
[ info ] [ ROUTE ] array (
  'type' => 'module',
  'module' => 
  array (
    0 => 'index',
    1 => 'order',
    2 => 'index',
  ),
)
[ info ] [ HEADER ] array (
  'host' => 'localhost',
  'connection' => 'keep-alive',
  'content-length' => '80',
  'cache-control' => 'max-age=0',
  'upgrade-insecure-requests' => '1',
  'origin' => 'http://localhost',
  'content-type' => 'application/x-www-form-urlencoded',
  'user-agent' => 'Mozilla/5.0 (Windows NT 10.0; Win64; x64) AppleWebKit/537.36 (KHTML, like Gecko) Chrome/81.0.4044.129 Safari/537.36',
  'accept' => 'text/html,application/xhtml+xml,application/xml;q=0.9,image/webp,image/apng,*/*;q=0.8,application/signed-exchange;v=b3;q=0.9',
  'sec-fetch-site' => 'same-origin',
  'sec-fetch-mode' => 'navigate',
  'sec-fetch-user' => '?1',
  'sec-fetch-dest' => 'document',
  'referer' => 'http://localhost/shop/public/index/cart/index',
  'accept-encoding' => 'gzip, deflate, br',
  'accept-language' => 'zh-CN,zh;q=0.9,en-US;q=0.8,en;q=0.7',
  'cookie' => 'PHPSESSID=rvd2m0qo06cv4m2tj2qin860ol',
)
[ info ] [ PARAM ] array (
  'checkItem' => 
  array (
    0 => '7',
    1 => '8',
  ),
  'goodsNum' => '1',
)
[ info ] [ RUN ] app\index\controller\Order->index[ D:\Wamp\www\shop\application\index\controller\Order.php ]
[ info ] [ LOG ] INIT File
---------------------------------------------------------------
[ 2020-06-23T00:20:42+08:00 ] 0.0.0.0 GET localhost/shop/public/index/cart/index
[运行时间：0.052748s] [吞吐率：18.96req/s] [内存消耗：585.60kb] [文件加载：52]
[ info ] [ LANG ] D:\Wamp\www\shop\thinkphp\lang\zh-cn.php
[ info ] [ ROUTE ] array (
  'type' => 'module',
  'module' => 
  array (
    0 => 'index',
    1 => 'cart',
    2 => 'index',
  ),
)
[ info ] [ HEADER ] array (
  'host' => 'localhost',
  'connection' => 'keep-alive',
  'cache-control' => 'max-age=0',
  'upgrade-insecure-requests' => '1',
  'user-agent' => 'Mozilla/5.0 (Windows NT 10.0; Win64; x64) AppleWebKit/537.36 (KHTML, like Gecko) Chrome/81.0.4044.129 Safari/537.36',
  'accept' => 'text/html,application/xhtml+xml,application/xml;q=0.9,image/webp,image/apng,*/*;q=0.8,application/signed-exchange;v=b3;q=0.9',
  'sec-fetch-site' => 'same-origin',
  'sec-fetch-mode' => 'navigate',
  'sec-fetch-user' => '?1',
  'sec-fetch-dest' => 'document',
  'referer' => 'http://localhost/shop/public/index/goods/list',
  'accept-encoding' => 'gzip, deflate, br',
  'accept-language' => 'zh-CN,zh;q=0.9,en-US;q=0.8,en;q=0.7',
  'cookie' => 'PHPSESSID=rvd2m0qo06cv4m2tj2qin860ol',
)
[ info ] [ PARAM ] array (
)
[ info ] [ RUN ] app\index\controller\Cart->index[ D:\Wamp\www\shop\application\index\controller\Cart.php ]
[ info ] [ SESSION ] INIT array (
  'id' => '',
  'var_session_id' => '',
  'prefix' => 'think',
  'type' => '',
  'auto_start' => true,
)
[ info ] [ DB ] INIT mysql
[ info ] [ VIEW ] D:\Wamp\www\shop\public/../application/index\view\cart\cart_list.html [ array (
  0 => 'itemList',
) ]
[ info ] [ LOG ] INIT File
[ sql ] [ DB ] CONNECT:[ UseTime:0.003729s ] mysql:host=127.0.0.1;dbname=shop;charset=utf8
[ sql ] [ SQL ] SHOW COLUMNS FROM `cart` [ RunTime:0.004027s ]
[ sql ] [ SQL ] SELECT c.id as cartId,`c`.`count`,g.id as goodsId,`goodsName`,`mainPic`,`salePrice`,g.count as last FROM `cart` `c` INNER JOIN `goods` `g` ON `c`.`goodsId`=`g`.`id` WHERE  `memberId` = 1 [ RunTime:0.003031s ]
---------------------------------------------------------------
[ 2020-06-23T00:20:52+08:00 ] 0.0.0.0 POST localhost/shop/public/index/cart/updatenum
[运行时间：0.082777s] [吞吐率：12.08req/s] [内存消耗：491.27kb] [文件加载：53]
[ info ] [ LANG ] D:\Wamp\www\shop\thinkphp\lang\zh-cn.php
[ info ] [ ROUTE ] array (
  'type' => 'module',
  'module' => 
  array (
    0 => 'index',
    1 => 'cart',
    2 => 'updatenum',
  ),
)
[ info ] [ HEADER ] array (
  'host' => 'localhost',
  'connection' => 'keep-alive',
  'content-length' => '17',
  'accept' => '*/*',
  'x-requested-with' => 'XMLHttpRequest',
  'user-agent' => 'Mozilla/5.0 (Windows NT 10.0; Win64; x64) AppleWebKit/537.36 (KHTML, like Gecko) Chrome/81.0.4044.129 Safari/537.36',
  'content-type' => 'application/x-www-form-urlencoded; charset=UTF-8',
  'origin' => 'http://localhost',
  'sec-fetch-site' => 'same-origin',
  'sec-fetch-mode' => 'cors',
  'sec-fetch-dest' => 'empty',
  'referer' => 'http://localhost/shop/public/index/cart/index',
  'accept-encoding' => 'gzip, deflate, br',
  'accept-language' => 'zh-CN,zh;q=0.9,en-US;q=0.8,en;q=0.7',
  'cookie' => 'PHPSESSID=rvd2m0qo06cv4m2tj2qin860ol',
)
[ info ] [ PARAM ] array (
  'cartId' => '7',
  'count' => '15',
)
[ info ] [ RUN ] app\index\controller\Cart->updateNum[ D:\Wamp\www\shop\application\index\controller\Cart.php ]
[ info ] [ SESSION ] INIT array (
  'id' => '',
  'var_session_id' => '',
  'prefix' => 'think',
  'type' => '',
  'auto_start' => true,
)
[ info ] [ DB ] INIT mysql
[ info ] [ CACHE ] INIT File
[ info ] [ LOG ] INIT File
[ sql ] [ DB ] CONNECT:[ UseTime:0.013762s ] mysql:host=127.0.0.1;dbname=shop;charset=utf8
[ sql ] [ SQL ] SHOW COLUMNS FROM `cart` [ RunTime:0.003858s ]
[ sql ] [ SQL ] SELECT * FROM `cart` WHERE  `id` = 7 LIMIT 1 [ RunTime:0.005236s ]
[ sql ] [ SQL ] SHOW COLUMNS FROM `goods` [ RunTime:0.003132s ]
[ sql ] [ SQL ] SELECT * FROM `goods` WHERE  `id` = 1 LIMIT 1 [ RunTime:0.002045s ]
[ sql ] [ SQL ] UPDATE `cart`  SET `count`=15  WHERE  `id` = 7 [ RunTime:0.013491s ]
---------------------------------------------------------------
[ 2020-06-23T00:21:02+08:00 ] 0.0.0.0 POST localhost/shop/public/index/order/index
[运行时间：0.015209s] [吞吐率：65.75req/s] [内存消耗：242.46kb] [文件加载：37]
[ info ] [ LANG ] D:\Wamp\www\shop\thinkphp\lang\zh-cn.php
[ info ] [ ROUTE ] array (
  'type' => 'module',
  'module' => 
  array (
    0 => 'index',
    1 => 'order',
    2 => 'index',
  ),
)
[ info ] [ HEADER ] array (
  'host' => 'localhost',
  'connection' => 'keep-alive',
  'content-length' => '81',
  'cache-control' => 'max-age=0',
  'upgrade-insecure-requests' => '1',
  'origin' => 'http://localhost',
  'content-type' => 'application/x-www-form-urlencoded',
  'user-agent' => 'Mozilla/5.0 (Windows NT 10.0; Win64; x64) AppleWebKit/537.36 (KHTML, like Gecko) Chrome/81.0.4044.129 Safari/537.36',
  'accept' => 'text/html,application/xhtml+xml,application/xml;q=0.9,image/webp,image/apng,*/*;q=0.8,application/signed-exchange;v=b3;q=0.9',
  'sec-fetch-site' => 'same-origin',
  'sec-fetch-mode' => 'navigate',
  'sec-fetch-user' => '?1',
  'sec-fetch-dest' => 'document',
  'referer' => 'http://localhost/shop/public/index/cart/index',
  'accept-encoding' => 'gzip, deflate, br',
  'accept-language' => 'zh-CN,zh;q=0.9,en-US;q=0.8,en;q=0.7',
  'cookie' => 'PHPSESSID=rvd2m0qo06cv4m2tj2qin860ol',
)
[ info ] [ PARAM ] array (
  'goodsNum' => '1',
  'checkItem' => 
  array (
    0 => '9',
    1 => '10',
  ),
)
[ info ] [ RUN ] app\index\controller\Order->index[ D:\Wamp\www\shop\application\index\controller\Order.php ]
[ info ] [ LOG ] INIT File
---------------------------------------------------------------
[ 2020-06-23T00:21:16+08:00 ] 0.0.0.0 POST localhost/shop/public/index/order/index
[运行时间：0.065336s] [吞吐率：15.31req/s] [内存消耗：499.11kb] [文件加载：51]
[ info ] [ LANG ] D:\Wamp\www\shop\thinkphp\lang\zh-cn.php
[ info ] [ ROUTE ] array (
  'type' => 'module',
  'module' => 
  array (
    0 => 'index',
    1 => 'order',
    2 => 'index',
  ),
)
[ info ] [ HEADER ] array (
  'host' => 'localhost',
  'connection' => 'keep-alive',
  'content-length' => '80',
  'cache-control' => 'max-age=0',
  'upgrade-insecure-requests' => '1',
  'user-agent' => 'Mozilla/5.0 (Windows NT 10.0; Win64; x64) AppleWebKit/537.36 (KHTML, like Gecko) Chrome/81.0.4044.129 Safari/537.36',
  'origin' => 'http://localhost',
  'content-type' => 'application/x-www-form-urlencoded',
  'accept' => 'text/html,application/xhtml+xml,application/xml;q=0.9,image/webp,image/apng,*/*;q=0.8,application/signed-exchange;v=b3;q=0.9',
  'sec-fetch-site' => 'same-origin',
  'sec-fetch-mode' => 'navigate',
  'sec-fetch-user' => '?1',
  'sec-fetch-dest' => 'document',
  'referer' => 'http://localhost/shop/public/index/cart/index',
  'accept-encoding' => 'gzip, deflate, br',
  'accept-language' => 'zh-CN,zh;q=0.9,en-US;q=0.8,en;q=0.7',
  'cookie' => 'PHPSESSID=rvd2m0qo06cv4m2tj2qin860ol',
)
[ info ] [ PARAM ] array (
  'checkItem' => 
  array (
    0 => '7',
    1 => '8',
  ),
  'goodsNum' => '1',
)
[ info ] [ RUN ] app\index\controller\Order->index[ D:\Wamp\www\shop\application\index\controller\Order.php ]
[ info ] [ DB ] INIT mysql
[ info ] [ SESSION ] INIT array (
  'id' => '',
  'var_session_id' => '',
  'prefix' => 'think',
  'type' => '',
  'auto_start' => true,
)
[ info ] [ VIEW ] D:\Wamp\www\shop\public/../application/index\view\order\order.html [ array (
  0 => 'allAddress',
  1 => 'items',
) ]
[ info ] [ LOG ] INIT File
[ sql ] [ DB ] CONNECT:[ UseTime:0.019592s ] mysql:host=127.0.0.1;dbname=shop;charset=utf8
[ sql ] [ SQL ] SHOW COLUMNS FROM `cart` [ RunTime:0.004673s ]
[ sql ] [ SQL ] SELECT c.id as cartId,`c`.`count`,g.id as goodsId,`goodsName`,`mainPic`,`salePrice`,g.count as last FROM `cart` `c` INNER JOIN `goods` `g` ON `c`.`goodsId`=`g`.`id` [ RunTime:0.003515s ]
[ sql ] [ SQL ] SHOW COLUMNS FROM `address` [ RunTime:0.003424s ]
[ sql ] [ SQL ] SELECT * FROM `address` WHERE  `memberId` = 1 ORDER BY `id` DESC [ RunTime:0.001927s ]
---------------------------------------------------------------
[ 2020-06-23T00:21:20+08:00 ] 0.0.0.0 POST localhost/shop/public/index/order/index
[运行时间：0.059094s] [吞吐率：16.92req/s] [内存消耗：498.03kb] [文件加载：51]
[ info ] [ LANG ] D:\Wamp\www\shop\thinkphp\lang\zh-cn.php
[ info ] [ ROUTE ] array (
  'type' => 'module',
  'module' => 
  array (
    0 => 'index',
    1 => 'order',
    2 => 'index',
  ),
)
[ info ] [ HEADER ] array (
  'host' => 'localhost',
  'connection' => 'keep-alive',
  'content-length' => '80',
  'cache-control' => 'max-age=0',
  'upgrade-insecure-requests' => '1',
  'user-agent' => 'Mozilla/5.0 (Windows NT 10.0; Win64; x64) AppleWebKit/537.36 (KHTML, like Gecko) Chrome/81.0.4044.129 Safari/537.36',
  'origin' => 'http://localhost',
  'content-type' => 'application/x-www-form-urlencoded',
  'accept' => 'text/html,application/xhtml+xml,application/xml;q=0.9,image/webp,image/apng,*/*;q=0.8,application/signed-exchange;v=b3;q=0.9',
  'sec-fetch-site' => 'same-origin',
  'sec-fetch-mode' => 'navigate',
  'sec-fetch-user' => '?1',
  'sec-fetch-dest' => 'document',
  'referer' => 'http://localhost/shop/public/index/cart/index',
  'accept-encoding' => 'gzip, deflate, br',
  'accept-language' => 'zh-CN,zh;q=0.9,en-US;q=0.8,en;q=0.7',
  'cookie' => 'PHPSESSID=rvd2m0qo06cv4m2tj2qin860ol',
)
[ info ] [ PARAM ] array (
  'checkItem' => 
  array (
    0 => '7',
    1 => '8',
  ),
  'goodsNum' => '1',
)
[ info ] [ RUN ] app\index\controller\Order->index[ D:\Wamp\www\shop\application\index\controller\Order.php ]
[ info ] [ DB ] INIT mysql
[ info ] [ SESSION ] INIT array (
  'id' => '',
  'var_session_id' => '',
  'prefix' => 'think',
  'type' => '',
  'auto_start' => true,
)
[ info ] [ VIEW ] D:\Wamp\www\shop\public/../application/index\view\order\order.html [ array (
  0 => 'allAddress',
  1 => 'items',
) ]
[ info ] [ LOG ] INIT File
[ sql ] [ DB ] CONNECT:[ UseTime:0.013711s ] mysql:host=127.0.0.1;dbname=shop;charset=utf8
[ sql ] [ SQL ] SHOW COLUMNS FROM `cart` [ RunTime:0.004412s ]
[ sql ] [ SQL ] SELECT c.id as cartId,`c`.`count`,g.id as goodsId,`goodsName`,`mainPic`,`salePrice`,g.count as last FROM `cart` `c` INNER JOIN `goods` `g` ON `c`.`goodsId`=`g`.`id` [ RunTime:0.001674s ]
[ sql ] [ SQL ] SHOW COLUMNS FROM `address` [ RunTime:0.003364s ]
[ sql ] [ SQL ] SELECT * FROM `address` WHERE  `memberId` = 1 ORDER BY `id` DESC [ RunTime:0.001640s ]
---------------------------------------------------------------
[ 2020-06-23T00:21:36+08:00 ] 0.0.0.0 GET localhost/shop/public/index/cart/index
[运行时间：0.032304s] [吞吐率：30.96req/s] [内存消耗：461.97kb] [文件加载：50]
[ info ] [ LANG ] D:\Wamp\www\shop\thinkphp\lang\zh-cn.php
[ info ] [ ROUTE ] array (
  'type' => 'module',
  'module' => 
  array (
    0 => 'index',
    1 => 'cart',
    2 => 'index',
  ),
)
[ info ] [ HEADER ] array (
  'host' => 'localhost',
  'connection' => 'keep-alive',
  'upgrade-insecure-requests' => '1',
  'user-agent' => 'Mozilla/5.0 (Windows NT 10.0; Win64; x64) AppleWebKit/537.36 (KHTML, like Gecko) Chrome/81.0.4044.129 Safari/537.36',
  'accept' => 'text/html,application/xhtml+xml,application/xml;q=0.9,image/webp,image/apng,*/*;q=0.8,application/signed-exchange;v=b3;q=0.9',
  'sec-fetch-site' => 'none',
  'sec-fetch-mode' => 'navigate',
  'sec-fetch-user' => '?1',
  'sec-fetch-dest' => 'document',
  'accept-encoding' => 'gzip, deflate, br',
  'accept-language' => 'zh-CN,zh;q=0.9,en-US;q=0.8,en;q=0.7',
  'cookie' => 'PHPSESSID=rvd2m0qo06cv4m2tj2qin860ol',
)
[ info ] [ PARAM ] array (
)
[ info ] [ RUN ] app\index\controller\Cart->index[ D:\Wamp\www\shop\application\index\controller\Cart.php ]
[ info ] [ SESSION ] INIT array (
  'id' => '',
  'var_session_id' => '',
  'prefix' => 'think',
  'type' => '',
  'auto_start' => true,
)
[ info ] [ DB ] INIT mysql
[ info ] [ VIEW ] D:\Wamp\www\shop\public/../application/index\view\cart\cart_list.html [ array (
  0 => 'itemList',
) ]
[ info ] [ LOG ] INIT File
[ sql ] [ DB ] CONNECT:[ UseTime:0.002182s ] mysql:host=127.0.0.1;dbname=shop;charset=utf8
[ sql ] [ SQL ] SHOW COLUMNS FROM `cart` [ RunTime:0.001744s ]
[ sql ] [ SQL ] SELECT c.id as cartId,`c`.`count`,g.id as goodsId,`goodsName`,`mainPic`,`salePrice`,g.count as last FROM `cart` `c` INNER JOIN `goods` `g` ON `c`.`goodsId`=`g`.`id` WHERE  `memberId` = 1 [ RunTime:0.001266s ]
---------------------------------------------------------------
[ 2020-06-23T00:21:44+08:00 ] 0.0.0.0 POST localhost/shop/public/index/order/index
[运行时间：0.072309s] [吞吐率：13.83req/s] [内存消耗：498.03kb] [文件加载：51]
[ info ] [ LANG ] D:\Wamp\www\shop\thinkphp\lang\zh-cn.php
[ info ] [ ROUTE ] array (
  'type' => 'module',
  'module' => 
  array (
    0 => 'index',
    1 => 'order',
    2 => 'index',
  ),
)
[ info ] [ HEADER ] array (
  'host' => 'localhost',
  'connection' => 'keep-alive',
  'content-length' => '80',
  'cache-control' => 'max-age=0',
  'upgrade-insecure-requests' => '1',
  'origin' => 'http://localhost',
  'content-type' => 'application/x-www-form-urlencoded',
  'user-agent' => 'Mozilla/5.0 (Windows NT 10.0; Win64; x64) AppleWebKit/537.36 (KHTML, like Gecko) Chrome/81.0.4044.129 Safari/537.36',
  'accept' => 'text/html,application/xhtml+xml,application/xml;q=0.9,image/webp,image/apng,*/*;q=0.8,application/signed-exchange;v=b3;q=0.9',
  'sec-fetch-site' => 'same-origin',
  'sec-fetch-mode' => 'navigate',
  'sec-fetch-user' => '?1',
  'sec-fetch-dest' => 'document',
  'referer' => 'http://localhost/shop/public/index/cart/index',
  'accept-encoding' => 'gzip, deflate, br',
  'accept-language' => 'zh-CN,zh;q=0.9,en-US;q=0.8,en;q=0.7',
  'cookie' => 'PHPSESSID=rvd2m0qo06cv4m2tj2qin860ol',
)
[ info ] [ PARAM ] array (
  'checkItem' => 
  array (
    0 => '7',
    1 => '8',
  ),
  'goodsNum' => '1',
)
[ info ] [ RUN ] app\index\controller\Order->index[ D:\Wamp\www\shop\application\index\controller\Order.php ]
[ info ] [ DB ] INIT mysql
[ info ] [ SESSION ] INIT array (
  'id' => '',
  'var_session_id' => '',
  'prefix' => 'think',
  'type' => '',
  'auto_start' => true,
)
[ info ] [ VIEW ] D:\Wamp\www\shop\public/../application/index\view\order\order.html [ array (
  0 => 'allAddress',
  1 => 'items',
) ]
[ info ] [ LOG ] INIT File
[ sql ] [ DB ] CONNECT:[ UseTime:0.015975s ] mysql:host=127.0.0.1;dbname=shop;charset=utf8
[ sql ] [ SQL ] SHOW COLUMNS FROM `cart` [ RunTime:0.004461s ]
[ sql ] [ SQL ] SELECT c.id as cartId,`c`.`count`,g.id as goodsId,`goodsName`,`mainPic`,`salePrice`,g.count as last FROM `cart` `c` INNER JOIN `goods` `g` ON `c`.`goodsId`=`g`.`id` [ RunTime:0.006230s ]
[ sql ] [ SQL ] SHOW COLUMNS FROM `address` [ RunTime:0.004011s ]
[ sql ] [ SQL ] SELECT * FROM `address` WHERE  `memberId` = 1 ORDER BY `id` DESC [ RunTime:0.002357s ]
---------------------------------------------------------------
[ 2020-06-23T00:22:17+08:00 ] 0.0.0.0 POST localhost/shop/public/index/order/index
[运行时间：0.017443s] [吞吐率：57.33req/s] [内存消耗：243.95kb] [文件加载：37]
[ info ] [ LANG ] D:\Wamp\www\shop\thinkphp\lang\zh-cn.php
[ info ] [ ROUTE ] array (
  'type' => 'module',
  'module' => 
  array (
    0 => 'index',
    1 => 'order',
    2 => 'index',
  ),
)
[ info ] [ HEADER ] array (
  'host' => 'localhost',
  'connection' => 'keep-alive',
  'content-length' => '80',
  'cache-control' => 'max-age=0',
  'upgrade-insecure-requests' => '1',
  'user-agent' => 'Mozilla/5.0 (Windows NT 10.0; Win64; x64) AppleWebKit/537.36 (KHTML, like Gecko) Chrome/81.0.4044.129 Safari/537.36',
  'origin' => 'http://localhost',
  'content-type' => 'application/x-www-form-urlencoded',
  'accept' => 'text/html,application/xhtml+xml,application/xml;q=0.9,image/webp,image/apng,*/*;q=0.8,application/signed-exchange;v=b3;q=0.9',
  'sec-fetch-site' => 'same-origin',
  'sec-fetch-mode' => 'navigate',
  'sec-fetch-user' => '?1',
  'sec-fetch-dest' => 'document',
  'referer' => 'http://localhost/shop/public/index/cart/index',
  'accept-encoding' => 'gzip, deflate, br',
  'accept-language' => 'zh-CN,zh;q=0.9,en-US;q=0.8,en;q=0.7',
  'cookie' => 'PHPSESSID=rvd2m0qo06cv4m2tj2qin860ol',
)
[ info ] [ PARAM ] array (
  'checkItem' => 
  array (
    0 => '7',
    1 => '8',
  ),
  'goodsNum' => '1',
)
[ info ] [ RUN ] app\index\controller\Order->index[ D:\Wamp\www\shop\application\index\controller\Order.php ]
[ info ] [ LOG ] INIT File
---------------------------------------------------------------
[ 2020-06-23T00:23:25+08:00 ] 0.0.0.0 POST localhost/shop/public/index/order/index
[运行时间：0.055003s] [吞吐率：18.18req/s] [内存消耗：490.79kb] [文件加载：53]
[ info ] [ LANG ] D:\Wamp\www\shop\thinkphp\lang\zh-cn.php
[ info ] [ ROUTE ] array (
  'type' => 'module',
  'module' => 
  array (
    0 => 'index',
    1 => 'order',
    2 => 'index',
  ),
)
[ info ] [ HEADER ] array (
  'host' => 'localhost',
  'connection' => 'keep-alive',
  'content-length' => '80',
  'cache-control' => 'max-age=0',
  'upgrade-insecure-requests' => '1',
  'user-agent' => 'Mozilla/5.0 (Windows NT 10.0; Win64; x64) AppleWebKit/537.36 (KHTML, like Gecko) Chrome/81.0.4044.129 Safari/537.36',
  'origin' => 'http://localhost',
  'content-type' => 'application/x-www-form-urlencoded',
  'accept' => 'text/html,application/xhtml+xml,application/xml;q=0.9,image/webp,image/apng,*/*;q=0.8,application/signed-exchange;v=b3;q=0.9',
  'sec-fetch-site' => 'same-origin',
  'sec-fetch-mode' => 'navigate',
  'sec-fetch-user' => '?1',
  'sec-fetch-dest' => 'document',
  'referer' => 'http://localhost/shop/public/index/cart/index',
  'accept-encoding' => 'gzip, deflate, br',
  'accept-language' => 'zh-CN,zh;q=0.9,en-US;q=0.8,en;q=0.7',
  'cookie' => 'PHPSESSID=rvd2m0qo06cv4m2tj2qin860ol',
)
[ info ] [ PARAM ] array (
  'checkItem' => 
  array (
    0 => '7',
    1 => '8',
  ),
  'goodsNum' => '1',
)
[ info ] [ RUN ] app\index\controller\Order->index[ D:\Wamp\www\shop\application\index\controller\Order.php ]
[ info ] [ DB ] INIT mysql
[ info ] [ LOG ] INIT File
[ sql ] [ DB ] CONNECT:[ UseTime:0.003962s ] mysql:host=127.0.0.1;dbname=shop;charset=utf8
[ sql ] [ SQL ] SHOW COLUMNS FROM `cart` [ RunTime:0.002158s ]
[ error ] [10501]SQLSTATE[23000]: Integrity constraint violation: 1052 Column 'id' in where clause is ambiguous[D:\Wamp\www\shop\thinkphp\library\think\db\Connection.php:385]
---------------------------------------------------------------
[ 2020-06-23T00:23:53+08:00 ] 0.0.0.0 POST localhost/shop/public/index/order/index
[运行时间：0.058297s] [吞吐率：17.15req/s] [内存消耗：494.11kb] [文件加载：51]
[ info ] [ LANG ] D:\Wamp\www\shop\thinkphp\lang\zh-cn.php
[ info ] [ ROUTE ] array (
  'type' => 'module',
  'module' => 
  array (
    0 => 'index',
    1 => 'order',
    2 => 'index',
  ),
)
[ info ] [ HEADER ] array (
  'host' => 'localhost',
  'connection' => 'keep-alive',
  'content-length' => '80',
  'cache-control' => 'max-age=0',
  'upgrade-insecure-requests' => '1',
  'user-agent' => 'Mozilla/5.0 (Windows NT 10.0; Win64; x64) AppleWebKit/537.36 (KHTML, like Gecko) Chrome/81.0.4044.129 Safari/537.36',
  'origin' => 'http://localhost',
  'content-type' => 'application/x-www-form-urlencoded',
  'accept' => 'text/html,application/xhtml+xml,application/xml;q=0.9,image/webp,image/apng,*/*;q=0.8,application/signed-exchange;v=b3;q=0.9',
  'sec-fetch-site' => 'same-origin',
  'sec-fetch-mode' => 'navigate',
  'sec-fetch-user' => '?1',
  'sec-fetch-dest' => 'document',
  'referer' => 'http://localhost/shop/public/index/cart/index',
  'accept-encoding' => 'gzip, deflate, br',
  'accept-language' => 'zh-CN,zh;q=0.9,en-US;q=0.8,en;q=0.7',
  'cookie' => 'PHPSESSID=rvd2m0qo06cv4m2tj2qin860ol',
)
[ info ] [ PARAM ] array (
  'checkItem' => 
  array (
    0 => '7',
    1 => '8',
  ),
  'goodsNum' => '1',
)
[ info ] [ RUN ] app\index\controller\Order->index[ D:\Wamp\www\shop\application\index\controller\Order.php ]
[ info ] [ DB ] INIT mysql
[ info ] [ SESSION ] INIT array (
  'id' => '',
  'var_session_id' => '',
  'prefix' => 'think',
  'type' => '',
  'auto_start' => true,
)
[ info ] [ VIEW ] D:\Wamp\www\shop\public/../application/index\view\order\order.html [ array (
  0 => 'allAddress',
  1 => 'items',
) ]
[ info ] [ LOG ] INIT File
[ sql ] [ DB ] CONNECT:[ UseTime:0.002544s ] mysql:host=127.0.0.1;dbname=shop;charset=utf8
[ sql ] [ SQL ] SHOW COLUMNS FROM `cart` [ RunTime:0.001862s ]
[ sql ] [ SQL ] SELECT c.id as cartId,`c`.`count`,g.id as goodsId,`goodsName`,`mainPic`,`salePrice`,g.count as last FROM `cart` `c` INNER JOIN `goods` `g` ON `c`.`goodsId`=`g`.`id` WHERE  `c`.`id` IN ('7','8') [ RunTime:0.001597s ]
[ sql ] [ SQL ] SHOW COLUMNS FROM `address` [ RunTime:0.002914s ]
[ sql ] [ SQL ] SELECT * FROM `address` WHERE  `memberId` = 1 ORDER BY `id` DESC [ RunTime:0.001974s ]
---------------------------------------------------------------
[ 2020-06-23T00:24:05+08:00 ] 0.0.0.0 POST localhost/shop/public/index/order/index
[运行时间：0.039569s] [吞吐率：25.27req/s] [内存消耗：493.03kb] [文件加载：51]
[ info ] [ LANG ] D:\Wamp\www\shop\thinkphp\lang\zh-cn.php
[ info ] [ ROUTE ] array (
  'type' => 'module',
  'module' => 
  array (
    0 => 'index',
    1 => 'order',
    2 => 'index',
  ),
)
[ info ] [ HEADER ] array (
  'host' => 'localhost',
  'connection' => 'keep-alive',
  'content-length' => '80',
  'cache-control' => 'max-age=0',
  'upgrade-insecure-requests' => '1',
  'user-agent' => 'Mozilla/5.0 (Windows NT 10.0; Win64; x64) AppleWebKit/537.36 (KHTML, like Gecko) Chrome/81.0.4044.129 Safari/537.36',
  'origin' => 'http://localhost',
  'content-type' => 'application/x-www-form-urlencoded',
  'accept' => 'text/html,application/xhtml+xml,application/xml;q=0.9,image/webp,image/apng,*/*;q=0.8,application/signed-exchange;v=b3;q=0.9',
  'sec-fetch-site' => 'same-origin',
  'sec-fetch-mode' => 'navigate',
  'sec-fetch-user' => '?1',
  'sec-fetch-dest' => 'document',
  'referer' => 'http://localhost/shop/public/index/cart/index',
  'accept-encoding' => 'gzip, deflate, br',
  'accept-language' => 'zh-CN,zh;q=0.9,en-US;q=0.8,en;q=0.7',
  'cookie' => 'PHPSESSID=rvd2m0qo06cv4m2tj2qin860ol',
)
[ info ] [ PARAM ] array (
  'checkItem' => 
  array (
    0 => '7',
    1 => '8',
  ),
  'goodsNum' => '1',
)
[ info ] [ RUN ] app\index\controller\Order->index[ D:\Wamp\www\shop\application\index\controller\Order.php ]
[ info ] [ DB ] INIT mysql
[ info ] [ SESSION ] INIT array (
  'id' => '',
  'var_session_id' => '',
  'prefix' => 'think',
  'type' => '',
  'auto_start' => true,
)
[ info ] [ VIEW ] D:\Wamp\www\shop\public/../application/index\view\order\order.html [ array (
  0 => 'allAddress',
  1 => 'items',
) ]
[ info ] [ LOG ] INIT File
[ sql ] [ DB ] CONNECT:[ UseTime:0.002170s ] mysql:host=127.0.0.1;dbname=shop;charset=utf8
[ sql ] [ SQL ] SHOW COLUMNS FROM `cart` [ RunTime:0.001775s ]
[ sql ] [ SQL ] SELECT c.id as cartId,`c`.`count`,g.id as goodsId,`goodsName`,`mainPic`,`salePrice`,g.count as last FROM `cart` `c` INNER JOIN `goods` `g` ON `c`.`goodsId`=`g`.`id` WHERE  `c`.`id` IN ('7','8') [ RunTime:0.001195s ]
[ sql ] [ SQL ] SHOW COLUMNS FROM `address` [ RunTime:0.001926s ]
[ sql ] [ SQL ] SELECT * FROM `address` WHERE  `memberId` = 1 ORDER BY `id` DESC [ RunTime:0.002006s ]
---------------------------------------------------------------
[ 2020-06-23T00:24:15+08:00 ] 0.0.0.0 GET localhost/shop/public/index/order/index
[运行时间：0.036970s] [吞吐率：27.05req/s] [内存消耗：490.28kb] [文件加载：51]
[ info ] [ LANG ] D:\Wamp\www\shop\thinkphp\lang\zh-cn.php
[ info ] [ ROUTE ] array (
  'type' => 'module',
  'module' => 
  array (
    0 => 'index',
    1 => 'order',
    2 => 'index',
  ),
)
[ info ] [ HEADER ] array (
  'host' => 'localhost',
  'connection' => 'keep-alive',
  'upgrade-insecure-requests' => '1',
  'user-agent' => 'Mozilla/5.0 (Windows NT 10.0; Win64; x64) AppleWebKit/537.36 (KHTML, like Gecko) Chrome/81.0.4044.129 Safari/537.36',
  'accept' => 'text/html,application/xhtml+xml,application/xml;q=0.9,image/webp,image/apng,*/*;q=0.8,application/signed-exchange;v=b3;q=0.9',
  'sec-fetch-site' => 'none',
  'sec-fetch-mode' => 'navigate',
  'sec-fetch-user' => '?1',
  'sec-fetch-dest' => 'document',
  'accept-encoding' => 'gzip, deflate, br',
  'accept-language' => 'zh-CN,zh;q=0.9,en-US;q=0.8,en;q=0.7',
  'cookie' => 'PHPSESSID=rvd2m0qo06cv4m2tj2qin860ol',
)
[ info ] [ PARAM ] array (
)
[ info ] [ RUN ] app\index\controller\Order->index[ D:\Wamp\www\shop\application\index\controller\Order.php ]
[ info ] [ DB ] INIT mysql
[ info ] [ SESSION ] INIT array (
  'id' => '',
  'var_session_id' => '',
  'prefix' => 'think',
  'type' => '',
  'auto_start' => true,
)
[ info ] [ VIEW ] D:\Wamp\www\shop\public/../application/index\view\order\order.html [ array (
  0 => 'allAddress',
  1 => 'items',
) ]
[ info ] [ LOG ] INIT File
[ sql ] [ DB ] CONNECT:[ UseTime:0.002703s ] mysql:host=127.0.0.1;dbname=shop;charset=utf8
[ sql ] [ SQL ] SHOW COLUMNS FROM `cart` [ RunTime:0.001725s ]
[ sql ] [ SQL ] SELECT c.id as cartId,`c`.`count`,g.id as goodsId,`goodsName`,`mainPic`,`salePrice`,g.count as last FROM `cart` `c` INNER JOIN `goods` `g` ON `c`.`goodsId`=`g`.`id` WHERE  `c`.`id` = 'in' [ RunTime:0.001064s ]
[ sql ] [ SQL ] SHOW COLUMNS FROM `address` [ RunTime:0.001835s ]
[ sql ] [ SQL ] SELECT * FROM `address` WHERE  `memberId` = 1 ORDER BY `id` DESC [ RunTime:0.001452s ]
---------------------------------------------------------------
[ 2020-06-23T00:24:50+08:00 ] 0.0.0.0 GET localhost/shop/public/index/order/index
[运行时间：0.049927s] [吞吐率：20.03req/s] [内存消耗：490.36kb] [文件加载：51]
[ info ] [ LANG ] D:\Wamp\www\shop\thinkphp\lang\zh-cn.php
[ info ] [ ROUTE ] array (
  'type' => 'module',
  'module' => 
  array (
    0 => 'index',
    1 => 'order',
    2 => 'index',
  ),
)
[ info ] [ HEADER ] array (
  'host' => 'localhost',
  'connection' => 'keep-alive',
  'cache-control' => 'max-age=0',
  'upgrade-insecure-requests' => '1',
  'user-agent' => 'Mozilla/5.0 (Windows NT 10.0; Win64; x64) AppleWebKit/537.36 (KHTML, like Gecko) Chrome/81.0.4044.129 Safari/537.36',
  'accept' => 'text/html,application/xhtml+xml,application/xml;q=0.9,image/webp,image/apng,*/*;q=0.8,application/signed-exchange;v=b3;q=0.9',
  'sec-fetch-site' => 'none',
  'sec-fetch-mode' => 'navigate',
  'sec-fetch-user' => '?1',
  'sec-fetch-dest' => 'document',
  'accept-encoding' => 'gzip, deflate, br',
  'accept-language' => 'zh-CN,zh;q=0.9,en-US;q=0.8,en;q=0.7',
  'cookie' => 'PHPSESSID=rvd2m0qo06cv4m2tj2qin860ol',
)
[ info ] [ PARAM ] array (
)
[ info ] [ RUN ] app\index\controller\Order->index[ D:\Wamp\www\shop\application\index\controller\Order.php ]
[ info ] [ DB ] INIT mysql
[ info ] [ SESSION ] INIT array (
  'id' => '',
  'var_session_id' => '',
  'prefix' => 'think',
  'type' => '',
  'auto_start' => true,
)
[ info ] [ VIEW ] D:\Wamp\www\shop\public/../application/index\view\order\order.html [ array (
  0 => 'allAddress',
  1 => 'items',
) ]
[ info ] [ LOG ] INIT File
[ sql ] [ DB ] CONNECT:[ UseTime:0.014331s ] mysql:host=127.0.0.1;dbname=shop;charset=utf8
[ sql ] [ SQL ] SHOW COLUMNS FROM `cart` [ RunTime:0.001911s ]
[ sql ] [ SQL ] SELECT c.id as cartId,`c`.`count`,g.id as goodsId,`goodsName`,`mainPic`,`salePrice`,g.count as last FROM `cart` `c` INNER JOIN `goods` `g` ON `c`.`goodsId`=`g`.`id` WHERE  `c`.`id` = 'in' [ RunTime:0.001155s ]
[ sql ] [ SQL ] SHOW COLUMNS FROM `address` [ RunTime:0.001755s ]
[ sql ] [ SQL ] SELECT * FROM `address` WHERE  `memberId` = 1 ORDER BY `id` DESC [ RunTime:0.001178s ]
---------------------------------------------------------------
[ 2020-06-23T00:25:06+08:00 ] 0.0.0.0 GET localhost/shop/public/index/order/index
[运行时间：0.044899s] [吞吐率：22.27req/s] [内存消耗：618.25kb] [文件加载：53]
[ info ] [ LANG ] D:\Wamp\www\shop\thinkphp\lang\zh-cn.php
[ info ] [ ROUTE ] array (
  'type' => 'module',
  'module' => 
  array (
    0 => 'index',
    1 => 'order',
    2 => 'index',
  ),
)
[ info ] [ HEADER ] array (
  'host' => 'localhost',
  'connection' => 'keep-alive',
  'cache-control' => 'max-age=0',
  'upgrade-insecure-requests' => '1',
  'user-agent' => 'Mozilla/5.0 (Windows NT 10.0; Win64; x64) AppleWebKit/537.36 (KHTML, like Gecko) Chrome/81.0.4044.129 Safari/537.36',
  'accept' => 'text/html,application/xhtml+xml,application/xml;q=0.9,image/webp,image/apng,*/*;q=0.8,application/signed-exchange;v=b3;q=0.9',
  'sec-fetch-site' => 'none',
  'sec-fetch-mode' => 'navigate',
  'sec-fetch-user' => '?1',
  'sec-fetch-dest' => 'document',
  'accept-encoding' => 'gzip, deflate, br',
  'accept-language' => 'zh-CN,zh;q=0.9,en-US;q=0.8,en;q=0.7',
  'cookie' => 'PHPSESSID=rvd2m0qo06cv4m2tj2qin860ol',
)
[ info ] [ PARAM ] array (
)
[ info ] [ RUN ] app\index\controller\Order->index[ D:\Wamp\www\shop\application\index\controller\Order.php ]
[ info ] [ DB ] INIT mysql
[ info ] [ SESSION ] INIT array (
  'id' => '',
  'var_session_id' => '',
  'prefix' => 'think',
  'type' => '',
  'auto_start' => true,
)
[ info ] [ VIEW ] D:\Wamp\www\shop\public/../application/index\view\order\order.html [ array (
  0 => 'allAddress',
  1 => 'items',
) ]
[ info ] [ LOG ] INIT File
[ sql ] [ DB ] CONNECT:[ UseTime:0.002285s ] mysql:host=127.0.0.1;dbname=shop;charset=utf8
[ sql ] [ SQL ] SHOW COLUMNS FROM `cart` [ RunTime:0.001786s ]
[ sql ] [ SQL ] SELECT c.id as cartId,`c`.`count`,g.id as goodsId,`goodsName`,`mainPic`,`salePrice`,g.count as last FROM `cart` `c` INNER JOIN `goods` `g` ON `c`.`goodsId`=`g`.`id` WHERE  `c`.`id` = 'in' [ RunTime:0.001110s ]
[ sql ] [ SQL ] SHOW COLUMNS FROM `address` [ RunTime:0.001683s ]
[ sql ] [ SQL ] SELECT * FROM `address` WHERE  `memberId` = 1 ORDER BY `id` DESC [ RunTime:0.001246s ]
---------------------------------------------------------------
[ 2020-06-23T00:25:15+08:00 ] 0.0.0.0 GET localhost/shop/public/index/cart/index
[运行时间：0.037839s] [吞吐率：26.43req/s] [内存消耗：460.88kb] [文件加载：50]
[ info ] [ LANG ] D:\Wamp\www\shop\thinkphp\lang\zh-cn.php
[ info ] [ ROUTE ] array (
  'type' => 'module',
  'module' => 
  array (
    0 => 'index',
    1 => 'cart',
    2 => 'index',
  ),
)
[ info ] [ HEADER ] array (
  'host' => 'localhost',
  'connection' => 'keep-alive',
  'upgrade-insecure-requests' => '1',
  'user-agent' => 'Mozilla/5.0 (Windows NT 10.0; Win64; x64) AppleWebKit/537.36 (KHTML, like Gecko) Chrome/81.0.4044.129 Safari/537.36',
  'accept' => 'text/html,application/xhtml+xml,application/xml;q=0.9,image/webp,image/apng,*/*;q=0.8,application/signed-exchange;v=b3;q=0.9',
  'sec-fetch-site' => 'none',
  'sec-fetch-mode' => 'navigate',
  'sec-fetch-user' => '?1',
  'sec-fetch-dest' => 'document',
  'accept-encoding' => 'gzip, deflate, br',
  'accept-language' => 'zh-CN,zh;q=0.9,en-US;q=0.8,en;q=0.7',
  'cookie' => 'PHPSESSID=rvd2m0qo06cv4m2tj2qin860ol',
)
[ info ] [ PARAM ] array (
)
[ info ] [ RUN ] app\index\controller\Cart->index[ D:\Wamp\www\shop\application\index\controller\Cart.php ]
[ info ] [ SESSION ] INIT array (
  'id' => '',
  'var_session_id' => '',
  'prefix' => 'think',
  'type' => '',
  'auto_start' => true,
)
[ info ] [ DB ] INIT mysql
[ info ] [ VIEW ] D:\Wamp\www\shop\public/../application/index\view\cart\cart_list.html [ array (
  0 => 'itemList',
) ]
[ info ] [ LOG ] INIT File
[ sql ] [ DB ] CONNECT:[ UseTime:0.002908s ] mysql:host=127.0.0.1;dbname=shop;charset=utf8
[ sql ] [ SQL ] SHOW COLUMNS FROM `cart` [ RunTime:0.001962s ]
[ sql ] [ SQL ] SELECT c.id as cartId,`c`.`count`,g.id as goodsId,`goodsName`,`mainPic`,`salePrice`,g.count as last FROM `cart` `c` INNER JOIN `goods` `g` ON `c`.`goodsId`=`g`.`id` WHERE  `memberId` = 1 [ RunTime:0.001595s ]
---------------------------------------------------------------
[ 2020-06-23T00:25:27+08:00 ] 0.0.0.0 POST localhost/shop/public/index/cart/updatenum
[运行时间：0.060854s] [吞吐率：16.43req/s] [内存消耗：491.37kb] [文件加载：53]
[ info ] [ LANG ] D:\Wamp\www\shop\thinkphp\lang\zh-cn.php
[ info ] [ ROUTE ] array (
  'type' => 'module',
  'module' => 
  array (
    0 => 'index',
    1 => 'cart',
    2 => 'updatenum',
  ),
)
[ info ] [ HEADER ] array (
  'host' => 'localhost',
  'connection' => 'keep-alive',
  'content-length' => '16',
  'accept' => '*/*',
  'x-requested-with' => 'XMLHttpRequest',
  'user-agent' => 'Mozilla/5.0 (Windows NT 10.0; Win64; x64) AppleWebKit/537.36 (KHTML, like Gecko) Chrome/81.0.4044.129 Safari/537.36',
  'content-type' => 'application/x-www-form-urlencoded; charset=UTF-8',
  'origin' => 'http://localhost',
  'sec-fetch-site' => 'same-origin',
  'sec-fetch-mode' => 'cors',
  'sec-fetch-dest' => 'empty',
  'referer' => 'http://localhost/shop/public/index/cart/index',
  'accept-encoding' => 'gzip, deflate, br',
  'accept-language' => 'zh-CN,zh;q=0.9,en-US;q=0.8,en;q=0.7',
  'cookie' => 'PHPSESSID=rvd2m0qo06cv4m2tj2qin860ol',
)
[ info ] [ PARAM ] array (
  'cartId' => '9',
  'count' => '2',
)
[ info ] [ RUN ] app\index\controller\Cart->updateNum[ D:\Wamp\www\shop\application\index\controller\Cart.php ]
[ info ] [ SESSION ] INIT array (
  'id' => '',
  'var_session_id' => '',
  'prefix' => 'think',
  'type' => '',
  'auto_start' => true,
)
[ info ] [ DB ] INIT mysql
[ info ] [ CACHE ] INIT File
[ info ] [ LOG ] INIT File
[ sql ] [ DB ] CONNECT:[ UseTime:0.013698s ] mysql:host=127.0.0.1;dbname=shop;charset=utf8
[ sql ] [ SQL ] SHOW COLUMNS FROM `cart` [ RunTime:0.001737s ]
[ sql ] [ SQL ] SELECT * FROM `cart` WHERE  `id` = 9 LIMIT 1 [ RunTime:0.001129s ]
[ sql ] [ SQL ] SHOW COLUMNS FROM `goods` [ RunTime:0.001750s ]
[ sql ] [ SQL ] SELECT * FROM `goods` WHERE  `id` = 4 LIMIT 1 [ RunTime:0.001314s ]
[ sql ] [ SQL ] UPDATE `cart`  SET `count`=2  WHERE  `id` = 9 [ RunTime:0.011814s ]
---------------------------------------------------------------
[ 2020-06-23T00:25:30+08:00 ] 0.0.0.0 POST localhost/shop/public/index/order/index
[运行时间：0.052173s] [吞吐率：19.17req/s] [内存消耗：494.13kb] [文件加载：51]
[ info ] [ LANG ] D:\Wamp\www\shop\thinkphp\lang\zh-cn.php
[ info ] [ ROUTE ] array (
  'type' => 'module',
  'module' => 
  array (
    0 => 'index',
    1 => 'order',
    2 => 'index',
  ),
)
[ info ] [ HEADER ] array (
  'host' => 'localhost',
  'connection' => 'keep-alive',
  'content-length' => '80',
  'cache-control' => 'max-age=0',
  'upgrade-insecure-requests' => '1',
  'origin' => 'http://localhost',
  'content-type' => 'application/x-www-form-urlencoded',
  'user-agent' => 'Mozilla/5.0 (Windows NT 10.0; Win64; x64) AppleWebKit/537.36 (KHTML, like Gecko) Chrome/81.0.4044.129 Safari/537.36',
  'accept' => 'text/html,application/xhtml+xml,application/xml;q=0.9,image/webp,image/apng,*/*;q=0.8,application/signed-exchange;v=b3;q=0.9',
  'sec-fetch-site' => 'same-origin',
  'sec-fetch-mode' => 'navigate',
  'sec-fetch-user' => '?1',
  'sec-fetch-dest' => 'document',
  'referer' => 'http://localhost/shop/public/index/cart/index',
  'accept-encoding' => 'gzip, deflate, br',
  'accept-language' => 'zh-CN,zh;q=0.9,en-US;q=0.8,en;q=0.7',
  'cookie' => 'PHPSESSID=rvd2m0qo06cv4m2tj2qin860ol',
)
[ info ] [ PARAM ] array (
  'checkItem' => 
  array (
    0 => '7',
    1 => '9',
  ),
  'goodsNum' => '1',
)
[ info ] [ RUN ] app\index\controller\Order->index[ D:\Wamp\www\shop\application\index\controller\Order.php ]
[ info ] [ DB ] INIT mysql
[ info ] [ SESSION ] INIT array (
  'id' => '',
  'var_session_id' => '',
  'prefix' => 'think',
  'type' => '',
  'auto_start' => true,
)
[ info ] [ VIEW ] D:\Wamp\www\shop\public/../application/index\view\order\order.html [ array (
  0 => 'allAddress',
  1 => 'items',
) ]
[ info ] [ LOG ] INIT File
[ sql ] [ DB ] CONNECT:[ UseTime:0.014329s ] mysql:host=127.0.0.1;dbname=shop;charset=utf8
[ sql ] [ SQL ] SHOW COLUMNS FROM `cart` [ RunTime:0.002039s ]
[ sql ] [ SQL ] SELECT c.id as cartId,`c`.`count`,g.id as goodsId,`goodsName`,`mainPic`,`salePrice`,g.count as last FROM `cart` `c` INNER JOIN `goods` `g` ON `c`.`goodsId`=`g`.`id` WHERE  `c`.`id` IN ('7','9') [ RunTime:0.001413s ]
[ sql ] [ SQL ] SHOW COLUMNS FROM `address` [ RunTime:0.001879s ]
[ sql ] [ SQL ] SELECT * FROM `address` WHERE  `memberId` = 1 ORDER BY `id` DESC [ RunTime:0.001171s ]
---------------------------------------------------------------
[ 2020-06-23T00:25:45+08:00 ] 0.0.0.0 GET localhost/shop/public/index/cart/index
[运行时间：0.055248s] [吞吐率：18.10req/s] [内存消耗：460.88kb] [文件加载：50]
[ info ] [ LANG ] D:\Wamp\www\shop\thinkphp\lang\zh-cn.php
[ info ] [ ROUTE ] array (
  'type' => 'module',
  'module' => 
  array (
    0 => 'index',
    1 => 'cart',
    2 => 'index',
  ),
)
[ info ] [ HEADER ] array (
  'host' => 'localhost',
  'connection' => 'keep-alive',
  'upgrade-insecure-requests' => '1',
  'user-agent' => 'Mozilla/5.0 (Windows NT 10.0; Win64; x64) AppleWebKit/537.36 (KHTML, like Gecko) Chrome/81.0.4044.129 Safari/537.36',
  'accept' => 'text/html,application/xhtml+xml,application/xml;q=0.9,image/webp,image/apng,*/*;q=0.8,application/signed-exchange;v=b3;q=0.9',
  'sec-fetch-site' => 'none',
  'sec-fetch-mode' => 'navigate',
  'sec-fetch-user' => '?1',
  'sec-fetch-dest' => 'document',
  'accept-encoding' => 'gzip, deflate, br',
  'accept-language' => 'zh-CN,zh;q=0.9,en-US;q=0.8,en;q=0.7',
  'cookie' => 'PHPSESSID=rvd2m0qo06cv4m2tj2qin860ol',
)
[ info ] [ PARAM ] array (
)
[ info ] [ RUN ] app\index\controller\Cart->index[ D:\Wamp\www\shop\application\index\controller\Cart.php ]
[ info ] [ SESSION ] INIT array (
  'id' => '',
  'var_session_id' => '',
  'prefix' => 'think',
  'type' => '',
  'auto_start' => true,
)
[ info ] [ DB ] INIT mysql
[ info ] [ VIEW ] D:\Wamp\www\shop\public/../application/index\view\cart\cart_list.html [ array (
  0 => 'itemList',
) ]
[ info ] [ LOG ] INIT File
[ sql ] [ DB ] CONNECT:[ UseTime:0.017938s ] mysql:host=127.0.0.1;dbname=shop;charset=utf8
[ sql ] [ SQL ] SHOW COLUMNS FROM `cart` [ RunTime:0.001982s ]
[ sql ] [ SQL ] SELECT c.id as cartId,`c`.`count`,g.id as goodsId,`goodsName`,`mainPic`,`salePrice`,g.count as last FROM `cart` `c` INNER JOIN `goods` `g` ON `c`.`goodsId`=`g`.`id` WHERE  `memberId` = 1 [ RunTime:0.001299s ]
---------------------------------------------------------------
[ 2020-06-23T00:25:53+08:00 ] 0.0.0.0 POST localhost/shop/public/index/cart/updatenum
[运行时间：0.062396s] [吞吐率：16.03req/s] [内存消耗：491.27kb] [文件加载：53]
[ info ] [ LANG ] D:\Wamp\www\shop\thinkphp\lang\zh-cn.php
[ info ] [ ROUTE ] array (
  'type' => 'module',
  'module' => 
  array (
    0 => 'index',
    1 => 'cart',
    2 => 'updatenum',
  ),
)
[ info ] [ HEADER ] array (
  'host' => 'localhost',
  'connection' => 'keep-alive',
  'content-length' => '16',
  'accept' => '*/*',
  'x-requested-with' => 'XMLHttpRequest',
  'user-agent' => 'Mozilla/5.0 (Windows NT 10.0; Win64; x64) AppleWebKit/537.36 (KHTML, like Gecko) Chrome/81.0.4044.129 Safari/537.36',
  'content-type' => 'application/x-www-form-urlencoded; charset=UTF-8',
  'origin' => 'http://localhost',
  'sec-fetch-site' => 'same-origin',
  'sec-fetch-mode' => 'cors',
  'sec-fetch-dest' => 'empty',
  'referer' => 'http://localhost/shop/public/index/cart/index',
  'accept-encoding' => 'gzip, deflate, br',
  'accept-language' => 'zh-CN,zh;q=0.9,en-US;q=0.8,en;q=0.7',
  'cookie' => 'PHPSESSID=rvd2m0qo06cv4m2tj2qin860ol',
)
[ info ] [ PARAM ] array (
  'cartId' => '8',
  'count' => '3',
)
[ info ] [ RUN ] app\index\controller\Cart->updateNum[ D:\Wamp\www\shop\application\index\controller\Cart.php ]
[ info ] [ SESSION ] INIT array (
  'id' => '',
  'var_session_id' => '',
  'prefix' => 'think',
  'type' => '',
  'auto_start' => true,
)
[ info ] [ DB ] INIT mysql
[ info ] [ CACHE ] INIT File
[ info ] [ LOG ] INIT File
[ sql ] [ DB ] CONNECT:[ UseTime:0.011375s ] mysql:host=127.0.0.1;dbname=shop;charset=utf8
[ sql ] [ SQL ] SHOW COLUMNS FROM `cart` [ RunTime:0.001744s ]
[ sql ] [ SQL ] SELECT * FROM `cart` WHERE  `id` = 8 LIMIT 1 [ RunTime:0.001380s ]
[ sql ] [ SQL ] SHOW COLUMNS FROM `goods` [ RunTime:0.002669s ]
[ sql ] [ SQL ] SELECT * FROM `goods` WHERE  `id` = 3 LIMIT 1 [ RunTime:0.001749s ]
[ sql ] [ SQL ] UPDATE `cart`  SET `count`=3  WHERE  `id` = 8 [ RunTime:0.012851s ]
---------------------------------------------------------------
[ 2020-06-23T00:25:55+08:00 ] 0.0.0.0 POST localhost/shop/public/index/order/index
[运行时间：0.053326s] [吞吐率：18.75req/s] [内存消耗：493.66kb] [文件加载：51]
[ info ] [ LANG ] D:\Wamp\www\shop\thinkphp\lang\zh-cn.php
[ info ] [ ROUTE ] array (
  'type' => 'module',
  'module' => 
  array (
    0 => 'index',
    1 => 'order',
    2 => 'index',
  ),
)
[ info ] [ HEADER ] array (
  'host' => 'localhost',
  'connection' => 'keep-alive',
  'content-length' => '98',
  'cache-control' => 'max-age=0',
  'upgrade-insecure-requests' => '1',
  'origin' => 'http://localhost',
  'content-type' => 'application/x-www-form-urlencoded',
  'user-agent' => 'Mozilla/5.0 (Windows NT 10.0; Win64; x64) AppleWebKit/537.36 (KHTML, like Gecko) Chrome/81.0.4044.129 Safari/537.36',
  'accept' => 'text/html,application/xhtml+xml,application/xml;q=0.9,image/webp,image/apng,*/*;q=0.8,application/signed-exchange;v=b3;q=0.9',
  'sec-fetch-site' => 'same-origin',
  'sec-fetch-mode' => 'navigate',
  'sec-fetch-user' => '?1',
  'sec-fetch-dest' => 'document',
  'referer' => 'http://localhost/shop/public/index/cart/index',
  'accept-encoding' => 'gzip, deflate, br',
  'accept-language' => 'zh-CN,zh;q=0.9,en-US;q=0.8,en;q=0.7',
  'cookie' => 'PHPSESSID=rvd2m0qo06cv4m2tj2qin860ol',
)
[ info ] [ PARAM ] array (
  'checkItem' => 
  array (
    0 => '7',
    1 => '8',
    2 => '9',
  ),
  'goodsNum' => '1',
)
[ info ] [ RUN ] app\index\controller\Order->index[ D:\Wamp\www\shop\application\index\controller\Order.php ]
[ info ] [ DB ] INIT mysql
[ info ] [ SESSION ] INIT array (
  'id' => '',
  'var_session_id' => '',
  'prefix' => 'think',
  'type' => '',
  'auto_start' => true,
)
[ info ] [ VIEW ] D:\Wamp\www\shop\public/../application/index\view\order\order.html [ array (
  0 => 'allAddress',
  1 => 'items',
) ]
[ info ] [ LOG ] INIT File
[ sql ] [ DB ] CONNECT:[ UseTime:0.014417s ] mysql:host=127.0.0.1;dbname=shop;charset=utf8
[ sql ] [ SQL ] SHOW COLUMNS FROM `cart` [ RunTime:0.001766s ]
[ sql ] [ SQL ] SELECT c.id as cartId,`c`.`count`,g.id as goodsId,`goodsName`,`mainPic`,`salePrice`,g.count as last FROM `cart` `c` INNER JOIN `goods` `g` ON `c`.`goodsId`=`g`.`id` WHERE  `c`.`id` IN ('7','8','9') [ RunTime:0.001200s ]
[ sql ] [ SQL ] SHOW COLUMNS FROM `address` [ RunTime:0.002033s ]
[ sql ] [ SQL ] SELECT * FROM `address` WHERE  `memberId` = 1 ORDER BY `id` DESC [ RunTime:0.001303s ]
