---------------------------------------------------------------
[ 2020-11-30T00:05:22+08:00 ] 0.0.0.0 GET localhost:8080/boot-shop/public/index/order
[运行时间：0.044161s] [吞吐率：22.64req/s] [内存消耗：2,857.07kb] [文件加载：53]
[ info ] [ LANG ] D:\777\AppServ\www\boot-shop\thinkphp\lang\zh-cn.php
[ info ] [ ROUTE ] array (
  'type' => 'module',
  'module' => 
  array (
    0 => 'index',
    1 => 'order',
    2 => NULL,
  ),
)
[ info ] [ HEADER ] array (
  'host' => 'localhost:8080',
  'connection' => 'keep-alive',
  'cache-control' => 'max-age=0',
  'upgrade-insecure-requests' => '1',
  'user-agent' => 'Mozilla/5.0 (Windows NT 10.0; WOW64) AppleWebKit/537.36 (KHTML, like Gecko) Chrome/70.0.3538.25 Safari/537.36 Core/1.70.3766.400 QQBrowser/10.6.4163.400',
  'accept' => 'text/html,application/xhtml+xml,application/xml;q=0.9,image/webp,image/apng,*/*;q=0.8',
  'accept-encoding' => 'gzip, deflate, br',
  'accept-language' => 'zh-CN,zh;q=0.9',
  'cookie' => 'PHPSESSID=755f51a8b04bb7667331b043c641f6bc',
)
[ info ] [ PARAM ] array (
)
[ info ] [ RUN ] app\index\controller\Order->index[ D:\777\AppServ\www\boot-shop\application\index\controller\Order.php ]
[ info ] [ DB ] INIT mysql
[ info ] [ SESSION ] INIT array (
  'id' => '',
  'var_session_id' => '',
  'prefix' => 'think',
  'type' => '',
  'auto_start' => true,
)
[ info ] [ VIEW ] D:\777\AppServ\www\boot-shop\public/../application/index\view\order\order.html [ array (
  0 => 'allAddress',
  1 => 'items',
  2 => 'itemCount',
) ]
[ info ] [ LOG ] INIT File
[ sql ] [ DB ] CONNECT:[ UseTime:0.001337s ] mysql:host=localhost;dbname=shop;charset=utf8
[ sql ] [ SQL ] SHOW COLUMNS FROM `cart` [ RunTime:0.000734s ]
[ sql ] [ SQL ] SELECT c.id as cartId,`c`.`count`,g.id as goodsId,`goodsName`,`mainPic`,`salePrice`,g.count as last FROM `cart` `c` INNER JOIN `goods` `g` ON `c`.`goodsId`=`g`.`id` WHERE  `c`.`id` = 'in' [ RunTime:0.000406s ]
[ sql ] [ SQL ] SHOW COLUMNS FROM `address` [ RunTime:0.000709s ]
[ sql ] [ SQL ] SELECT * FROM `address` WHERE  `memberId` IS NULL ORDER BY `id` DESC [ RunTime:0.000266s ]
---------------------------------------------------------------
[ 2020-11-30T00:05:26+08:00 ] 0.0.0.0 POST localhost:8080/boot-shop/public/index/order/addaddress
[运行时间：0.019198s] [吞吐率：52.09req/s] [内存消耗：1,555.16kb] [文件加载：39]
[ info ] [ LANG ] D:\777\AppServ\www\boot-shop\thinkphp\lang\zh-cn.php
[ info ] [ ROUTE ] array (
  'type' => 'module',
  'module' => 
  array (
    0 => 'index',
    1 => 'order',
    2 => 'addaddress',
  ),
)
[ info ] [ HEADER ] array (
  'host' => 'localhost:8080',
  'connection' => 'keep-alive',
  'content-length' => '76',
  'accept' => '*/*',
  'origin' => 'http://localhost:8080',
  'x-requested-with' => 'XMLHttpRequest',
  'user-agent' => 'Mozilla/5.0 (Windows NT 10.0; WOW64) AppleWebKit/537.36 (KHTML, like Gecko) Chrome/70.0.3538.25 Safari/537.36 Core/1.70.3766.400 QQBrowser/10.6.4163.400',
  'content-type' => 'application/x-www-form-urlencoded; charset=UTF-8',
  'referer' => 'http://localhost:8080/boot-shop/public/index/order',
  'accept-encoding' => 'gzip, deflate, br',
  'accept-language' => 'zh-CN,zh;q=0.9',
  'cookie' => 'PHPSESSID=755f51a8b04bb7667331b043c641f6bc',
)
[ info ] [ PARAM ] array (
  'consigneeName' => '',
  'mobilePhone' => '',
  'telephone' => '12345678',
  'province' => '',
  'city' => '',
  'area' => '',
  'detail' => '',
)
[ info ] [ RUN ] app\index\controller\Order->addAddress[ D:\777\AppServ\www\boot-shop\application\index\controller\Order.php ]
[ info ] [ SESSION ] INIT array (
  'id' => '',
  'var_session_id' => '',
  'prefix' => 'think',
  'type' => '',
  'auto_start' => true,
)
[ info ] [ LOG ] INIT File
---------------------------------------------------------------
[ 2020-11-30T00:05:31+08:00 ] 0.0.0.0 POST localhost:8080/boot-shop/public/index/order/addaddress
[运行时间：0.019446s] [吞吐率：51.42req/s] [内存消耗：1,555.26kb] [文件加载：39]
[ info ] [ LANG ] D:\777\AppServ\www\boot-shop\thinkphp\lang\zh-cn.php
[ info ] [ ROUTE ] array (
  'type' => 'module',
  'module' => 
  array (
    0 => 'index',
    1 => 'order',
    2 => 'addaddress',
  ),
)
[ info ] [ HEADER ] array (
  'host' => 'localhost:8080',
  'connection' => 'keep-alive',
  'content-length' => '97',
  'accept' => '*/*',
  'origin' => 'http://localhost:8080',
  'x-requested-with' => 'XMLHttpRequest',
  'user-agent' => 'Mozilla/5.0 (Windows NT 10.0; WOW64) AppleWebKit/537.36 (KHTML, like Gecko) Chrome/70.0.3538.25 Safari/537.36 Core/1.70.3766.400 QQBrowser/10.6.4163.400',
  'content-type' => 'application/x-www-form-urlencoded; charset=UTF-8',
  'referer' => 'http://localhost:8080/boot-shop/public/index/order',
  'accept-encoding' => 'gzip, deflate, br',
  'accept-language' => 'zh-CN,zh;q=0.9',
  'cookie' => 'PHPSESSID=755f51a8b04bb7667331b043c641f6bc',
)
[ info ] [ PARAM ] array (
  'consigneeName' => '123',
  'mobilePhone' => '123',
  'telephone' => '12345678',
  'province' => '123',
  'city' => '123',
  'area' => '123',
  'detail' => '123123',
)
[ info ] [ RUN ] app\index\controller\Order->addAddress[ D:\777\AppServ\www\boot-shop\application\index\controller\Order.php ]
[ info ] [ SESSION ] INIT array (
  'id' => '',
  'var_session_id' => '',
  'prefix' => 'think',
  'type' => '',
  'auto_start' => true,
)
[ info ] [ LOG ] INIT File
---------------------------------------------------------------
[ 2020-11-30T00:05:38+08:00 ] 0.0.0.0 POST localhost:8080/boot-shop/public/index/order/addaddress
[运行时间：0.019647s] [吞吐率：50.90req/s] [内存消耗：1,555.26kb] [文件加载：39]
[ info ] [ LANG ] D:\777\AppServ\www\boot-shop\thinkphp\lang\zh-cn.php
[ info ] [ ROUTE ] array (
  'type' => 'module',
  'module' => 
  array (
    0 => 'index',
    1 => 'order',
    2 => 'addaddress',
  ),
)
[ info ] [ HEADER ] array (
  'host' => 'localhost:8080',
  'connection' => 'keep-alive',
  'content-length' => '105',
  'accept' => '*/*',
  'origin' => 'http://localhost:8080',
  'x-requested-with' => 'XMLHttpRequest',
  'user-agent' => 'Mozilla/5.0 (Windows NT 10.0; WOW64) AppleWebKit/537.36 (KHTML, like Gecko) Chrome/70.0.3538.25 Safari/537.36 Core/1.70.3766.400 QQBrowser/10.6.4163.400',
  'content-type' => 'application/x-www-form-urlencoded; charset=UTF-8',
  'referer' => 'http://localhost:8080/boot-shop/public/index/order',
  'accept-encoding' => 'gzip, deflate, br',
  'accept-language' => 'zh-CN,zh;q=0.9',
  'cookie' => 'PHPSESSID=755f51a8b04bb7667331b043c641f6bc',
)
[ info ] [ PARAM ] array (
  'consigneeName' => '123',
  'mobilePhone' => '18318496947',
  'telephone' => '12345678',
  'province' => '123',
  'city' => '123',
  'area' => '123',
  'detail' => '123123',
)
[ info ] [ RUN ] app\index\controller\Order->addAddress[ D:\777\AppServ\www\boot-shop\application\index\controller\Order.php ]
[ info ] [ SESSION ] INIT array (
  'id' => '',
  'var_session_id' => '',
  'prefix' => 'think',
  'type' => '',
  'auto_start' => true,
)
[ info ] [ LOG ] INIT File
---------------------------------------------------------------
[ 2020-11-30T00:05:59+08:00 ] 0.0.0.0 GET localhost:8080/boot-shop/public/index/order
[运行时间：0.044505s] [吞吐率：22.47req/s] [内存消耗：2,857.08kb] [文件加载：53]
[ info ] [ LANG ] D:\777\AppServ\www\boot-shop\thinkphp\lang\zh-cn.php
[ info ] [ ROUTE ] array (
  'type' => 'module',
  'module' => 
  array (
    0 => 'index',
    1 => 'order',
    2 => NULL,
  ),
)
[ info ] [ HEADER ] array (
  'host' => 'localhost:8080',
  'connection' => 'keep-alive',
  'cache-control' => 'max-age=0',
  'upgrade-insecure-requests' => '1',
  'user-agent' => 'Mozilla/5.0 (Windows NT 10.0; WOW64) AppleWebKit/537.36 (KHTML, like Gecko) Chrome/70.0.3538.25 Safari/537.36 Core/1.70.3766.400 QQBrowser/10.6.4163.400',
  'accept' => 'text/html,application/xhtml+xml,application/xml;q=0.9,image/webp,image/apng,*/*;q=0.8',
  'accept-encoding' => 'gzip, deflate, br',
  'accept-language' => 'zh-CN,zh;q=0.9',
  'cookie' => 'PHPSESSID=755f51a8b04bb7667331b043c641f6bc',
)
[ info ] [ PARAM ] array (
)
[ info ] [ RUN ] app\index\controller\Order->index[ D:\777\AppServ\www\boot-shop\application\index\controller\Order.php ]
[ info ] [ DB ] INIT mysql
[ info ] [ SESSION ] INIT array (
  'id' => '',
  'var_session_id' => '',
  'prefix' => 'think',
  'type' => '',
  'auto_start' => true,
)
[ info ] [ VIEW ] D:\777\AppServ\www\boot-shop\public/../application/index\view\order\order.html [ array (
  0 => 'allAddress',
  1 => 'items',
  2 => 'itemCount',
) ]
[ info ] [ LOG ] INIT File
[ sql ] [ DB ] CONNECT:[ UseTime:0.010801s ] mysql:host=localhost;dbname=shop;charset=utf8
[ sql ] [ SQL ] SHOW COLUMNS FROM `cart` [ RunTime:0.000706s ]
[ sql ] [ SQL ] SELECT c.id as cartId,`c`.`count`,g.id as goodsId,`goodsName`,`mainPic`,`salePrice`,g.count as last FROM `cart` `c` INNER JOIN `goods` `g` ON `c`.`goodsId`=`g`.`id` WHERE  `c`.`id` = 'in' [ RunTime:0.000395s ]
[ sql ] [ SQL ] SHOW COLUMNS FROM `address` [ RunTime:0.000622s ]
[ sql ] [ SQL ] SELECT * FROM `address` WHERE  `memberId` IS NULL ORDER BY `id` DESC [ RunTime:0.000338s ]
---------------------------------------------------------------
[ 2020-11-30T00:06:01+08:00 ] 0.0.0.0 POST localhost:8080/boot-shop/public/index/order/addaddress
[运行时间：0.018916s] [吞吐率：52.87req/s] [内存消耗：1,555.16kb] [文件加载：39]
[ info ] [ LANG ] D:\777\AppServ\www\boot-shop\thinkphp\lang\zh-cn.php
[ info ] [ ROUTE ] array (
  'type' => 'module',
  'module' => 
  array (
    0 => 'index',
    1 => 'order',
    2 => 'addaddress',
  ),
)
[ info ] [ HEADER ] array (
  'host' => 'localhost:8080',
  'connection' => 'keep-alive',
  'content-length' => '76',
  'accept' => '*/*',
  'origin' => 'http://localhost:8080',
  'x-requested-with' => 'XMLHttpRequest',
  'user-agent' => 'Mozilla/5.0 (Windows NT 10.0; WOW64) AppleWebKit/537.36 (KHTML, like Gecko) Chrome/70.0.3538.25 Safari/537.36 Core/1.70.3766.400 QQBrowser/10.6.4163.400',
  'content-type' => 'application/x-www-form-urlencoded; charset=UTF-8',
  'referer' => 'http://localhost:8080/boot-shop/public/index/order',
  'accept-encoding' => 'gzip, deflate, br',
  'accept-language' => 'zh-CN,zh;q=0.9',
  'cookie' => 'PHPSESSID=755f51a8b04bb7667331b043c641f6bc',
)
[ info ] [ PARAM ] array (
  'consigneeName' => '',
  'mobilePhone' => '',
  'telephone' => '12345678',
  'province' => '',
  'city' => '',
  'area' => '',
  'detail' => '',
)
[ info ] [ RUN ] app\index\controller\Order->addAddress[ D:\777\AppServ\www\boot-shop\application\index\controller\Order.php ]
[ info ] [ SESSION ] INIT array (
  'id' => '',
  'var_session_id' => '',
  'prefix' => 'think',
  'type' => '',
  'auto_start' => true,
)
[ info ] [ LOG ] INIT File
---------------------------------------------------------------
[ 2020-11-30T00:06:09+08:00 ] 0.0.0.0 POST localhost:8080/boot-shop/public/index/order/addaddress
[运行时间：0.020078s] [吞吐率：49.81req/s] [内存消耗：1,555.26kb] [文件加载：39]
[ info ] [ LANG ] D:\777\AppServ\www\boot-shop\thinkphp\lang\zh-cn.php
[ info ] [ ROUTE ] array (
  'type' => 'module',
  'module' => 
  array (
    0 => 'index',
    1 => 'order',
    2 => 'addaddress',
  ),
)
[ info ] [ HEADER ] array (
  'host' => 'localhost:8080',
  'connection' => 'keep-alive',
  'content-length' => '107',
  'accept' => '*/*',
  'origin' => 'http://localhost:8080',
  'x-requested-with' => 'XMLHttpRequest',
  'user-agent' => 'Mozilla/5.0 (Windows NT 10.0; WOW64) AppleWebKit/537.36 (KHTML, like Gecko) Chrome/70.0.3538.25 Safari/537.36 Core/1.70.3766.400 QQBrowser/10.6.4163.400',
  'content-type' => 'application/x-www-form-urlencoded; charset=UTF-8',
  'referer' => 'http://localhost:8080/boot-shop/public/index/order',
  'accept-encoding' => 'gzip, deflate, br',
  'accept-language' => 'zh-CN,zh;q=0.9',
  'cookie' => 'PHPSESSID=755f51a8b04bb7667331b043c641f6bc',
)
[ info ] [ PARAM ] array (
  'consigneeName' => '7835',
  'mobilePhone' => '453453453',
  'telephone' => '12345678',
  'province' => '453',
  'city' => '453',
  'area' => '345',
  'detail' => '453453345',
)
[ info ] [ RUN ] app\index\controller\Order->addAddress[ D:\777\AppServ\www\boot-shop\application\index\controller\Order.php ]
[ info ] [ SESSION ] INIT array (
  'id' => '',
  'var_session_id' => '',
  'prefix' => 'think',
  'type' => '',
  'auto_start' => true,
)
[ info ] [ LOG ] INIT File
---------------------------------------------------------------
[ 2020-11-30T00:08:01+08:00 ] 0.0.0.0 GET localhost:8080/boot-shop/public/index/order
[运行时间：0.050816s] [吞吐率：19.68req/s] [内存消耗：2,857.08kb] [文件加载：53]
[ info ] [ LANG ] D:\777\AppServ\www\boot-shop\thinkphp\lang\zh-cn.php
[ info ] [ ROUTE ] array (
  'type' => 'module',
  'module' => 
  array (
    0 => 'index',
    1 => 'order',
    2 => NULL,
  ),
)
[ info ] [ HEADER ] array (
  'host' => 'localhost:8080',
  'connection' => 'keep-alive',
  'cache-control' => 'max-age=0',
  'upgrade-insecure-requests' => '1',
  'user-agent' => 'Mozilla/5.0 (Windows NT 10.0; WOW64) AppleWebKit/537.36 (KHTML, like Gecko) Chrome/70.0.3538.25 Safari/537.36 Core/1.70.3766.400 QQBrowser/10.6.4163.400',
  'accept' => 'text/html,application/xhtml+xml,application/xml;q=0.9,image/webp,image/apng,*/*;q=0.8',
  'accept-encoding' => 'gzip, deflate, br',
  'accept-language' => 'zh-CN,zh;q=0.9',
  'cookie' => 'PHPSESSID=755f51a8b04bb7667331b043c641f6bc',
)
[ info ] [ PARAM ] array (
)
[ info ] [ RUN ] app\index\controller\Order->index[ D:\777\AppServ\www\boot-shop\application\index\controller\Order.php ]
[ info ] [ DB ] INIT mysql
[ info ] [ SESSION ] INIT array (
  'id' => '',
  'var_session_id' => '',
  'prefix' => 'think',
  'type' => '',
  'auto_start' => true,
)
[ info ] [ VIEW ] D:\777\AppServ\www\boot-shop\public/../application/index\view\order\order.html [ array (
  0 => 'allAddress',
  1 => 'items',
  2 => 'itemCount',
) ]
[ info ] [ LOG ] INIT File
[ sql ] [ DB ] CONNECT:[ UseTime:0.010742s ] mysql:host=localhost;dbname=shop;charset=utf8
[ sql ] [ SQL ] SHOW COLUMNS FROM `cart` [ RunTime:0.000834s ]
[ sql ] [ SQL ] SELECT c.id as cartId,`c`.`count`,g.id as goodsId,`goodsName`,`mainPic`,`salePrice`,g.count as last FROM `cart` `c` INNER JOIN `goods` `g` ON `c`.`goodsId`=`g`.`id` WHERE  `c`.`id` = 'in' [ RunTime:0.000527s ]
[ sql ] [ SQL ] SHOW COLUMNS FROM `address` [ RunTime:0.000664s ]
[ sql ] [ SQL ] SELECT * FROM `address` WHERE  `memberId` IS NULL ORDER BY `id` DESC [ RunTime:0.000368s ]
---------------------------------------------------------------
[ 2020-11-30T00:08:03+08:00 ] 0.0.0.0 POST localhost:8080/boot-shop/public/index/order/addaddress
[运行时间：0.019132s] [吞吐率：52.27req/s] [内存消耗：1,555.16kb] [文件加载：39]
[ info ] [ LANG ] D:\777\AppServ\www\boot-shop\thinkphp\lang\zh-cn.php
[ info ] [ ROUTE ] array (
  'type' => 'module',
  'module' => 
  array (
    0 => 'index',
    1 => 'order',
    2 => 'addaddress',
  ),
)
[ info ] [ HEADER ] array (
  'host' => 'localhost:8080',
  'connection' => 'keep-alive',
  'content-length' => '76',
  'accept' => '*/*',
  'origin' => 'http://localhost:8080',
  'x-requested-with' => 'XMLHttpRequest',
  'user-agent' => 'Mozilla/5.0 (Windows NT 10.0; WOW64) AppleWebKit/537.36 (KHTML, like Gecko) Chrome/70.0.3538.25 Safari/537.36 Core/1.70.3766.400 QQBrowser/10.6.4163.400',
  'content-type' => 'application/x-www-form-urlencoded; charset=UTF-8',
  'referer' => 'http://localhost:8080/boot-shop/public/index/order',
  'accept-encoding' => 'gzip, deflate, br',
  'accept-language' => 'zh-CN,zh;q=0.9',
  'cookie' => 'PHPSESSID=755f51a8b04bb7667331b043c641f6bc',
)
[ info ] [ PARAM ] array (
  'consigneeName' => '',
  'mobilePhone' => '',
  'telephone' => '12345678',
  'province' => '',
  'city' => '',
  'area' => '',
  'detail' => '',
)
[ info ] [ RUN ] app\index\controller\Order->addAddress[ D:\777\AppServ\www\boot-shop\application\index\controller\Order.php ]
[ info ] [ SESSION ] INIT array (
  'id' => '',
  'var_session_id' => '',
  'prefix' => 'think',
  'type' => '',
  'auto_start' => true,
)
[ info ] [ LOG ] INIT File
---------------------------------------------------------------
[ 2020-11-30T00:08:09+08:00 ] 0.0.0.0 POST localhost:8080/boot-shop/public/index/order/addaddress
[运行时间：0.019045s] [吞吐率：52.51req/s] [内存消耗：1,555.26kb] [文件加载：39]
[ info ] [ LANG ] D:\777\AppServ\www\boot-shop\thinkphp\lang\zh-cn.php
[ info ] [ ROUTE ] array (
  'type' => 'module',
  'module' => 
  array (
    0 => 'index',
    1 => 'order',
    2 => 'addaddress',
  ),
)
[ info ] [ HEADER ] array (
  'host' => 'localhost:8080',
  'connection' => 'keep-alive',
  'content-length' => '97',
  'accept' => '*/*',
  'origin' => 'http://localhost:8080',
  'x-requested-with' => 'XMLHttpRequest',
  'user-agent' => 'Mozilla/5.0 (Windows NT 10.0; WOW64) AppleWebKit/537.36 (KHTML, like Gecko) Chrome/70.0.3538.25 Safari/537.36 Core/1.70.3766.400 QQBrowser/10.6.4163.400',
  'content-type' => 'application/x-www-form-urlencoded; charset=UTF-8',
  'referer' => 'http://localhost:8080/boot-shop/public/index/order',
  'accept-encoding' => 'gzip, deflate, br',
  'accept-language' => 'zh-CN,zh;q=0.9',
  'cookie' => 'PHPSESSID=755f51a8b04bb7667331b043c641f6bc',
)
[ info ] [ PARAM ] array (
  'consigneeName' => '123',
  'mobilePhone' => '123',
  'telephone' => '12345678123',
  'province' => '123',
  'city' => '123',
  'area' => '123',
  'detail' => '123',
)
[ info ] [ RUN ] app\index\controller\Order->addAddress[ D:\777\AppServ\www\boot-shop\application\index\controller\Order.php ]
[ info ] [ SESSION ] INIT array (
  'id' => '',
  'var_session_id' => '',
  'prefix' => 'think',
  'type' => '',
  'auto_start' => true,
)
[ info ] [ LOG ] INIT File
---------------------------------------------------------------
[ 2020-11-30T00:08:51+08:00 ] 0.0.0.0 GET localhost:8080/boot-shop/public/index/order
[运行时间：0.044879s] [吞吐率：22.28req/s] [内存消耗：2,857.26kb] [文件加载：53]
[ info ] [ LANG ] D:\777\AppServ\www\boot-shop\thinkphp\lang\zh-cn.php
[ info ] [ ROUTE ] array (
  'type' => 'module',
  'module' => 
  array (
    0 => 'index',
    1 => 'order',
    2 => NULL,
  ),
)
[ info ] [ HEADER ] array (
  'host' => 'localhost:8080',
  'connection' => 'keep-alive',
  'pragma' => 'no-cache',
  'cache-control' => 'no-cache',
  'upgrade-insecure-requests' => '1',
  'user-agent' => 'Mozilla/5.0 (Windows NT 10.0; WOW64) AppleWebKit/537.36 (KHTML, like Gecko) Chrome/70.0.3538.25 Safari/537.36 Core/1.70.3766.400 QQBrowser/10.6.4163.400',
  'accept' => 'text/html,application/xhtml+xml,application/xml;q=0.9,image/webp,image/apng,*/*;q=0.8',
  'accept-encoding' => 'gzip, deflate, br',
  'accept-language' => 'zh-CN,zh;q=0.9',
  'cookie' => 'PHPSESSID=755f51a8b04bb7667331b043c641f6bc',
)
[ info ] [ PARAM ] array (
)
[ info ] [ RUN ] app\index\controller\Order->index[ D:\777\AppServ\www\boot-shop\application\index\controller\Order.php ]
[ info ] [ DB ] INIT mysql
[ info ] [ SESSION ] INIT array (
  'id' => '',
  'var_session_id' => '',
  'prefix' => 'think',
  'type' => '',
  'auto_start' => true,
)
[ info ] [ VIEW ] D:\777\AppServ\www\boot-shop\public/../application/index\view\order\order.html [ array (
  0 => 'allAddress',
  1 => 'items',
  2 => 'itemCount',
) ]
[ info ] [ LOG ] INIT File
[ sql ] [ DB ] CONNECT:[ UseTime:0.010409s ] mysql:host=localhost;dbname=shop;charset=utf8
[ sql ] [ SQL ] SHOW COLUMNS FROM `cart` [ RunTime:0.000728s ]
[ sql ] [ SQL ] SELECT c.id as cartId,`c`.`count`,g.id as goodsId,`goodsName`,`mainPic`,`salePrice`,g.count as last FROM `cart` `c` INNER JOIN `goods` `g` ON `c`.`goodsId`=`g`.`id` WHERE  `c`.`id` = 'in' [ RunTime:0.000407s ]
[ sql ] [ SQL ] SHOW COLUMNS FROM `address` [ RunTime:0.000633s ]
[ sql ] [ SQL ] SELECT * FROM `address` WHERE  `memberId` IS NULL ORDER BY `id` DESC [ RunTime:0.000358s ]
---------------------------------------------------------------
[ 2020-11-30T00:08:58+08:00 ] 0.0.0.0 POST localhost:8080/boot-shop/public/index/order/addaddress
[运行时间：0.023913s] [吞吐率：41.82req/s] [内存消耗：1,555.26kb] [文件加载：39]
[ info ] [ LANG ] D:\777\AppServ\www\boot-shop\thinkphp\lang\zh-cn.php
[ info ] [ ROUTE ] array (
  'type' => 'module',
  'module' => 
  array (
    0 => 'index',
    1 => 'order',
    2 => 'addaddress',
  ),
)
[ info ] [ HEADER ] array (
  'host' => 'localhost:8080',
  'connection' => 'keep-alive',
  'content-length' => '97',
  'accept' => '*/*',
  'origin' => 'http://localhost:8080',
  'x-requested-with' => 'XMLHttpRequest',
  'user-agent' => 'Mozilla/5.0 (Windows NT 10.0; WOW64) AppleWebKit/537.36 (KHTML, like Gecko) Chrome/70.0.3538.25 Safari/537.36 Core/1.70.3766.400 QQBrowser/10.6.4163.400',
  'content-type' => 'application/x-www-form-urlencoded; charset=UTF-8',
  'referer' => 'http://localhost:8080/boot-shop/public/index/order',
  'accept-encoding' => 'gzip, deflate, br',
  'accept-language' => 'zh-CN,zh;q=0.9',
  'cookie' => 'PHPSESSID=755f51a8b04bb7667331b043c641f6bc',
)
[ info ] [ PARAM ] array (
  'consigneeName' => '123',
  'mobilePhone' => '123',
  'telephone' => '12345678',
  'province' => '123',
  'city' => '123',
  'area' => '123',
  'detail' => '123123',
)
[ info ] [ RUN ] app\index\controller\Order->addAddress[ D:\777\AppServ\www\boot-shop\application\index\controller\Order.php ]
[ info ] [ SESSION ] INIT array (
  'id' => '',
  'var_session_id' => '',
  'prefix' => 'think',
  'type' => '',
  'auto_start' => true,
)
[ info ] [ LOG ] INIT File
---------------------------------------------------------------
[ 2020-11-30T00:12:27+08:00 ] 0.0.0.0 GET localhost:8080/boot-shop/public/index/order
[运行时间：0.051349s] [吞吐率：19.47req/s] [内存消耗：2,857.08kb] [文件加载：53]
[ info ] [ LANG ] D:\777\AppServ\www\boot-shop\thinkphp\lang\zh-cn.php
[ info ] [ ROUTE ] array (
  'type' => 'module',
  'module' => 
  array (
    0 => 'index',
    1 => 'order',
    2 => NULL,
  ),
)
[ info ] [ HEADER ] array (
  'host' => 'localhost:8080',
  'connection' => 'keep-alive',
  'cache-control' => 'max-age=0',
  'upgrade-insecure-requests' => '1',
  'user-agent' => 'Mozilla/5.0 (Windows NT 10.0; WOW64) AppleWebKit/537.36 (KHTML, like Gecko) Chrome/70.0.3538.25 Safari/537.36 Core/1.70.3766.400 QQBrowser/10.6.4163.400',
  'accept' => 'text/html,application/xhtml+xml,application/xml;q=0.9,image/webp,image/apng,*/*;q=0.8',
  'accept-encoding' => 'gzip, deflate, br',
  'accept-language' => 'zh-CN,zh;q=0.9',
  'cookie' => 'PHPSESSID=755f51a8b04bb7667331b043c641f6bc',
)
[ info ] [ PARAM ] array (
)
[ info ] [ RUN ] app\index\controller\Order->index[ D:\777\AppServ\www\boot-shop\application\index\controller\Order.php ]
[ info ] [ DB ] INIT mysql
[ info ] [ SESSION ] INIT array (
  'id' => '',
  'var_session_id' => '',
  'prefix' => 'think',
  'type' => '',
  'auto_start' => true,
)
[ info ] [ VIEW ] D:\777\AppServ\www\boot-shop\public/../application/index\view\order\order.html [ array (
  0 => 'allAddress',
  1 => 'items',
  2 => 'itemCount',
) ]
[ info ] [ LOG ] INIT File
[ sql ] [ DB ] CONNECT:[ UseTime:0.011136s ] mysql:host=localhost;dbname=shop;charset=utf8
[ sql ] [ SQL ] SHOW COLUMNS FROM `cart` [ RunTime:0.000756s ]
[ sql ] [ SQL ] SELECT c.id as cartId,`c`.`count`,g.id as goodsId,`goodsName`,`mainPic`,`salePrice`,g.count as last FROM `cart` `c` INNER JOIN `goods` `g` ON `c`.`goodsId`=`g`.`id` WHERE  `c`.`id` = 'in' [ RunTime:0.000421s ]
[ sql ] [ SQL ] SHOW COLUMNS FROM `address` [ RunTime:0.000629s ]
[ sql ] [ SQL ] SELECT * FROM `address` WHERE  `memberId` IS NULL ORDER BY `id` DESC [ RunTime:0.000362s ]
---------------------------------------------------------------
[ 2020-11-30T00:12:29+08:00 ] 0.0.0.0 POST localhost:8080/boot-shop/public/index/order/addaddress
[运行时间：0.018542s] [吞吐率：53.93req/s] [内存消耗：1,555.16kb] [文件加载：39]
[ info ] [ LANG ] D:\777\AppServ\www\boot-shop\thinkphp\lang\zh-cn.php
[ info ] [ ROUTE ] array (
  'type' => 'module',
  'module' => 
  array (
    0 => 'index',
    1 => 'order',
    2 => 'addaddress',
  ),
)
[ info ] [ HEADER ] array (
  'host' => 'localhost:8080',
  'connection' => 'keep-alive',
  'content-length' => '76',
  'accept' => '*/*',
  'origin' => 'http://localhost:8080',
  'x-requested-with' => 'XMLHttpRequest',
  'user-agent' => 'Mozilla/5.0 (Windows NT 10.0; WOW64) AppleWebKit/537.36 (KHTML, like Gecko) Chrome/70.0.3538.25 Safari/537.36 Core/1.70.3766.400 QQBrowser/10.6.4163.400',
  'content-type' => 'application/x-www-form-urlencoded; charset=UTF-8',
  'referer' => 'http://localhost:8080/boot-shop/public/index/order',
  'accept-encoding' => 'gzip, deflate, br',
  'accept-language' => 'zh-CN,zh;q=0.9',
  'cookie' => 'PHPSESSID=755f51a8b04bb7667331b043c641f6bc',
)
[ info ] [ PARAM ] array (
  'consigneeName' => '',
  'mobilePhone' => '',
  'telephone' => '12345678',
  'province' => '',
  'city' => '',
  'area' => '',
  'detail' => '',
)
[ info ] [ RUN ] app\index\controller\Order->addAddress[ D:\777\AppServ\www\boot-shop\application\index\controller\Order.php ]
[ info ] [ SESSION ] INIT array (
  'id' => '',
  'var_session_id' => '',
  'prefix' => 'think',
  'type' => '',
  'auto_start' => true,
)
[ info ] [ LOG ] INIT File
---------------------------------------------------------------
[ 2020-11-30T00:12:38+08:00 ] 0.0.0.0 GET localhost:8080/boot-shop/public/static/lib/jquery/jquery.min.map
[运行时间：0.025377s] [吞吐率：39.41req/s] [内存消耗：1,293.21kb] [文件加载：35]
[ info ] [ LANG ] D:\777\AppServ\www\boot-shop\thinkphp\lang\zh-cn.php
[ info ] [ ROUTE ] array (
  'type' => 'module',
  'module' => 
  array (
    0 => 'static',
    1 => 'lib',
    2 => 'jquery',
  ),
)
[ info ] [ HEADER ] array (
  'host' => 'localhost:8080',
  'connection' => 'keep-alive',
  'user-agent' => 'Mozilla/5.0 (Linux; Android 6.0; Nexus 5 Build/MRA58N) AppleWebKit/537.36 (KHTML, like Gecko) Chrome/70.0.3538.25 Mobile Safari/537.36',
  'accept-encoding' => 'gzip, deflate, br',
  'accept-language' => 'zh-CN,zh;q=0.9',
  'cookie' => 'PHPSESSID=755f51a8b04bb7667331b043c641f6bc',
)
[ info ] [ PARAM ] array (
)
[ info ] [ LOG ] INIT File
---------------------------------------------------------------
[ 2020-11-30T00:12:38+08:00 ] 0.0.0.0 GET localhost:8080/boot-shop/public/static/lib/popper/popper.min.js.map
[运行时间：0.027753s] [吞吐率：36.03req/s] [内存消耗：1,293.21kb] [文件加载：35]
[ info ] [ LANG ] D:\777\AppServ\www\boot-shop\thinkphp\lang\zh-cn.php
[ info ] [ ROUTE ] array (
  'type' => 'module',
  'module' => 
  array (
    0 => 'static',
    1 => 'lib',
    2 => 'popper',
  ),
)
[ info ] [ HEADER ] array (
  'host' => 'localhost:8080',
  'connection' => 'keep-alive',
  'user-agent' => 'Mozilla/5.0 (Linux; Android 6.0; Nexus 5 Build/MRA58N) AppleWebKit/537.36 (KHTML, like Gecko) Chrome/70.0.3538.25 Mobile Safari/537.36',
  'accept-encoding' => 'gzip, deflate, br',
  'accept-language' => 'zh-CN,zh;q=0.9',
  'cookie' => 'PHPSESSID=755f51a8b04bb7667331b043c641f6bc',
)
[ info ] [ PARAM ] array (
)
[ info ] [ LOG ] INIT File
---------------------------------------------------------------
[ 2020-11-30T00:12:38+08:00 ] 0.0.0.0 GET localhost:8080/boot-shop/public/static/lib/bootstrap4/js/bootstrap4.min.js.map
[运行时间：0.028588s] [吞吐率：34.98req/s] [内存消耗：1,293.94kb] [文件加载：35]
[ info ] [ LANG ] D:\777\AppServ\www\boot-shop\thinkphp\lang\zh-cn.php
[ info ] [ ROUTE ] array (
  'type' => 'module',
  'module' => 
  array (
    0 => 'static',
    1 => 'lib',
    2 => 'bootstrap4',
  ),
)
[ info ] [ HEADER ] array (
  'host' => 'localhost:8080',
  'connection' => 'keep-alive',
  'user-agent' => 'Mozilla/5.0 (Linux; Android 6.0; Nexus 5 Build/MRA58N) AppleWebKit/537.36 (KHTML, like Gecko) Chrome/70.0.3538.25 Mobile Safari/537.36',
  'accept-encoding' => 'gzip, deflate, br',
  'accept-language' => 'zh-CN,zh;q=0.9',
  'cookie' => 'PHPSESSID=755f51a8b04bb7667331b043c641f6bc',
)
[ info ] [ PARAM ] array (
  'js' => 'bootstrap4.min.js.map',
)
[ info ] [ LOG ] INIT File
---------------------------------------------------------------
[ 2020-11-30T00:12:38+08:00 ] 0.0.0.0 GET localhost:8080/boot-shop/public/static/lib/bootstrap4/css/bootstrap4.css.map
[运行时间：0.017633s] [吞吐率：56.71req/s] [内存消耗：1,293.84kb] [文件加载：35]
[ info ] [ LANG ] D:\777\AppServ\www\boot-shop\thinkphp\lang\zh-cn.php
[ info ] [ ROUTE ] array (
  'type' => 'module',
  'module' => 
  array (
    0 => 'static',
    1 => 'lib',
    2 => 'bootstrap4',
  ),
)
[ info ] [ HEADER ] array (
  'host' => 'localhost:8080',
  'connection' => 'keep-alive',
  'user-agent' => 'Mozilla/5.0 (Linux; Android 6.0; Nexus 5 Build/MRA58N) AppleWebKit/537.36 (KHTML, like Gecko) Chrome/70.0.3538.25 Mobile Safari/537.36',
  'accept-encoding' => 'gzip, deflate, br',
  'accept-language' => 'zh-CN,zh;q=0.9',
  'cookie' => 'PHPSESSID=755f51a8b04bb7667331b043c641f6bc',
)
[ info ] [ PARAM ] array (
  'css' => 'bootstrap4.css.map',
)
[ info ] [ LOG ] INIT File
---------------------------------------------------------------
[ 2020-11-30T00:15:25+08:00 ] 0.0.0.0 GET localhost:8080/boot-shop/public/index/order
[运行时间：0.050484s] [吞吐率：19.81req/s] [内存消耗：2,856.98kb] [文件加载：53]
[ info ] [ LANG ] D:\777\AppServ\www\boot-shop\thinkphp\lang\zh-cn.php
[ info ] [ ROUTE ] array (
  'type' => 'module',
  'module' => 
  array (
    0 => 'index',
    1 => 'order',
    2 => NULL,
  ),
)
[ info ] [ HEADER ] array (
  'host' => 'localhost:8080',
  'connection' => 'keep-alive',
  'cache-control' => 'max-age=0',
  'upgrade-insecure-requests' => '1',
  'user-agent' => 'Mozilla/5.0 (Linux; Android 6.0; Nexus 5 Build/MRA58N) AppleWebKit/537.36 (KHTML, like Gecko) Chrome/70.0.3538.25 Mobile Safari/537.36',
  'accept' => 'text/html,application/xhtml+xml,application/xml;q=0.9,image/webp,image/apng,*/*;q=0.8',
  'accept-encoding' => 'gzip, deflate, br',
  'accept-language' => 'zh-CN,zh;q=0.9',
  'cookie' => 'PHPSESSID=755f51a8b04bb7667331b043c641f6bc',
)
[ info ] [ PARAM ] array (
)
[ info ] [ RUN ] app\index\controller\Order->index[ D:\777\AppServ\www\boot-shop\application\index\controller\Order.php ]
[ info ] [ DB ] INIT mysql
[ info ] [ SESSION ] INIT array (
  'id' => '',
  'var_session_id' => '',
  'prefix' => 'think',
  'type' => '',
  'auto_start' => true,
)
[ info ] [ VIEW ] D:\777\AppServ\www\boot-shop\public/../application/index\view\order\order.html [ array (
  0 => 'allAddress',
  1 => 'items',
  2 => 'itemCount',
) ]
[ info ] [ LOG ] INIT File
[ sql ] [ DB ] CONNECT:[ UseTime:0.010965s ] mysql:host=localhost;dbname=shop;charset=utf8
[ sql ] [ SQL ] SHOW COLUMNS FROM `cart` [ RunTime:0.000807s ]
[ sql ] [ SQL ] SELECT c.id as cartId,`c`.`count`,g.id as goodsId,`goodsName`,`mainPic`,`salePrice`,g.count as last FROM `cart` `c` INNER JOIN `goods` `g` ON `c`.`goodsId`=`g`.`id` WHERE  `c`.`id` = 'in' [ RunTime:0.000465s ]
[ sql ] [ SQL ] SHOW COLUMNS FROM `address` [ RunTime:0.000649s ]
[ sql ] [ SQL ] SELECT * FROM `address` WHERE  `memberId` IS NULL ORDER BY `id` DESC [ RunTime:0.000375s ]
---------------------------------------------------------------
[ 2020-11-30T00:15:25+08:00 ] 0.0.0.0 GET localhost:8080/boot-shop/public/static/lib/jquery/jquery.min.map
[运行时间：0.021640s] [吞吐率：46.21req/s] [内存消耗：1,293.21kb] [文件加载：35]
[ info ] [ LANG ] D:\777\AppServ\www\boot-shop\thinkphp\lang\zh-cn.php
[ info ] [ ROUTE ] array (
  'type' => 'module',
  'module' => 
  array (
    0 => 'static',
    1 => 'lib',
    2 => 'jquery',
  ),
)
[ info ] [ HEADER ] array (
  'host' => 'localhost:8080',
  'connection' => 'keep-alive',
  'user-agent' => 'Mozilla/5.0 (Linux; Android 6.0; Nexus 5 Build/MRA58N) AppleWebKit/537.36 (KHTML, like Gecko) Chrome/70.0.3538.25 Mobile Safari/537.36',
  'accept-encoding' => 'gzip, deflate, br',
  'accept-language' => 'zh-CN,zh;q=0.9',
  'cookie' => 'PHPSESSID=755f51a8b04bb7667331b043c641f6bc',
)
[ info ] [ PARAM ] array (
)
[ info ] [ LOG ] INIT File
---------------------------------------------------------------
[ 2020-11-30T00:15:25+08:00 ] 0.0.0.0 GET localhost:8080/boot-shop/public/static/lib/popper/popper.min.js.map
[运行时间：0.024528s] [吞吐率：40.77req/s] [内存消耗：1,293.21kb] [文件加载：35]
[ info ] [ LANG ] D:\777\AppServ\www\boot-shop\thinkphp\lang\zh-cn.php
[ info ] [ ROUTE ] array (
  'type' => 'module',
  'module' => 
  array (
    0 => 'static',
    1 => 'lib',
    2 => 'popper',
  ),
)
[ info ] [ HEADER ] array (
  'host' => 'localhost:8080',
  'connection' => 'keep-alive',
  'user-agent' => 'Mozilla/5.0 (Linux; Android 6.0; Nexus 5 Build/MRA58N) AppleWebKit/537.36 (KHTML, like Gecko) Chrome/70.0.3538.25 Mobile Safari/537.36',
  'accept-encoding' => 'gzip, deflate, br',
  'accept-language' => 'zh-CN,zh;q=0.9',
  'cookie' => 'PHPSESSID=755f51a8b04bb7667331b043c641f6bc',
)
[ info ] [ PARAM ] array (
)
[ info ] [ LOG ] INIT File
---------------------------------------------------------------
[ 2020-11-30T00:15:25+08:00 ] 0.0.0.0 GET localhost:8080/boot-shop/public/static/lib/bootstrap4/js/bootstrap4.min.js.map
[运行时间：0.027193s] [吞吐率：36.77req/s] [内存消耗：1,293.94kb] [文件加载：35]
[ info ] [ LANG ] D:\777\AppServ\www\boot-shop\thinkphp\lang\zh-cn.php
[ info ] [ ROUTE ] array (
  'type' => 'module',
  'module' => 
  array (
    0 => 'static',
    1 => 'lib',
    2 => 'bootstrap4',
  ),
)
[ info ] [ HEADER ] array (
  'host' => 'localhost:8080',
  'connection' => 'keep-alive',
  'user-agent' => 'Mozilla/5.0 (Linux; Android 6.0; Nexus 5 Build/MRA58N) AppleWebKit/537.36 (KHTML, like Gecko) Chrome/70.0.3538.25 Mobile Safari/537.36',
  'accept-encoding' => 'gzip, deflate, br',
  'accept-language' => 'zh-CN,zh;q=0.9',
  'cookie' => 'PHPSESSID=755f51a8b04bb7667331b043c641f6bc',
)
[ info ] [ PARAM ] array (
  'js' => 'bootstrap4.min.js.map',
)
[ info ] [ LOG ] INIT File
---------------------------------------------------------------
[ 2020-11-30T00:15:26+08:00 ] 0.0.0.0 GET localhost:8080/boot-shop/public/static/lib/bootstrap4/css/bootstrap4.css.map
[运行时间：0.026797s] [吞吐率：37.32req/s] [内存消耗：1,293.84kb] [文件加载：35]
[ info ] [ LANG ] D:\777\AppServ\www\boot-shop\thinkphp\lang\zh-cn.php
[ info ] [ ROUTE ] array (
  'type' => 'module',
  'module' => 
  array (
    0 => 'static',
    1 => 'lib',
    2 => 'bootstrap4',
  ),
)
[ info ] [ HEADER ] array (
  'host' => 'localhost:8080',
  'connection' => 'keep-alive',
  'user-agent' => 'Mozilla/5.0 (Linux; Android 6.0; Nexus 5 Build/MRA58N) AppleWebKit/537.36 (KHTML, like Gecko) Chrome/70.0.3538.25 Mobile Safari/537.36',
  'accept-encoding' => 'gzip, deflate, br',
  'accept-language' => 'zh-CN,zh;q=0.9',
  'cookie' => 'PHPSESSID=755f51a8b04bb7667331b043c641f6bc',
)
[ info ] [ PARAM ] array (
  'css' => 'bootstrap4.css.map',
)
[ info ] [ LOG ] INIT File
---------------------------------------------------------------
[ 2020-11-30T00:15:29+08:00 ] 0.0.0.0 POST localhost:8080/boot-shop/public/index/order/addaddress
[运行时间：0.020092s] [吞吐率：49.77req/s] [内存消耗：1,555.09kb] [文件加载：39]
[ info ] [ LANG ] D:\777\AppServ\www\boot-shop\thinkphp\lang\zh-cn.php
[ info ] [ ROUTE ] array (
  'type' => 'module',
  'module' => 
  array (
    0 => 'index',
    1 => 'order',
    2 => 'addaddress',
  ),
)
[ info ] [ HEADER ] array (
  'host' => 'localhost:8080',
  'connection' => 'keep-alive',
  'content-length' => '54',
  'accept' => '*/*',
  'origin' => 'http://localhost:8080',
  'x-requested-with' => 'XMLHttpRequest',
  'user-agent' => 'Mozilla/5.0 (Windows NT 10.0; WOW64) AppleWebKit/537.36 (KHTML, like Gecko) Chrome/70.0.3538.25 Safari/537.36 Core/1.70.3766.400 QQBrowser/10.6.4163.400',
  'content-type' => 'application/x-www-form-urlencoded; charset=UTF-8',
  'referer' => 'http://localhost:8080/boot-shop/public/index/order',
  'accept-encoding' => 'gzip, deflate, br',
  'accept-language' => 'zh-CN,zh;q=0.9',
  'cookie' => 'PHPSESSID=755f51a8b04bb7667331b043c641f6bc',
)
[ info ] [ PARAM ] array (
  'consigneeName' => '',
  'mobilePhone' => '',
  'telephone' => '12345678',
  'detail' => '',
)
[ info ] [ RUN ] app\index\controller\Order->addAddress[ D:\777\AppServ\www\boot-shop\application\index\controller\Order.php ]
[ info ] [ SESSION ] INIT array (
  'id' => '',
  'var_session_id' => '',
  'prefix' => 'think',
  'type' => '',
  'auto_start' => true,
)
[ info ] [ LOG ] INIT File
---------------------------------------------------------------
[ 2020-11-30T00:15:33+08:00 ] 0.0.0.0 POST localhost:8080/boot-shop/public/index/order/addaddress
[运行时间：0.018464s] [吞吐率：54.16req/s] [内存消耗：1,555.09kb] [文件加载：39]
[ info ] [ LANG ] D:\777\AppServ\www\boot-shop\thinkphp\lang\zh-cn.php
[ info ] [ ROUTE ] array (
  'type' => 'module',
  'module' => 
  array (
    0 => 'index',
    1 => 'order',
    2 => 'addaddress',
  ),
)
[ info ] [ HEADER ] array (
  'host' => 'localhost:8080',
  'connection' => 'keep-alive',
  'content-length' => '54',
  'accept' => '*/*',
  'origin' => 'http://localhost:8080',
  'x-requested-with' => 'XMLHttpRequest',
  'user-agent' => 'Mozilla/5.0 (Windows NT 10.0; WOW64) AppleWebKit/537.36 (KHTML, like Gecko) Chrome/70.0.3538.25 Safari/537.36 Core/1.70.3766.400 QQBrowser/10.6.4163.400',
  'content-type' => 'application/x-www-form-urlencoded; charset=UTF-8',
  'referer' => 'http://localhost:8080/boot-shop/public/index/order',
  'accept-encoding' => 'gzip, deflate, br',
  'accept-language' => 'zh-CN,zh;q=0.9',
  'cookie' => 'PHPSESSID=755f51a8b04bb7667331b043c641f6bc',
)
[ info ] [ PARAM ] array (
  'consigneeName' => '',
  'mobilePhone' => '',
  'telephone' => '12345678',
  'detail' => '',
)
[ info ] [ RUN ] app\index\controller\Order->addAddress[ D:\777\AppServ\www\boot-shop\application\index\controller\Order.php ]
[ info ] [ SESSION ] INIT array (
  'id' => '',
  'var_session_id' => '',
  'prefix' => 'think',
  'type' => '',
  'auto_start' => true,
)
[ info ] [ LOG ] INIT File
---------------------------------------------------------------
[ 2020-11-30T00:15:36+08:00 ] 0.0.0.0 GET localhost:8080/boot-shop/public/static/lib/popper/popper.min.js.map
[运行时间：0.019785s] [吞吐率：50.54req/s] [内存消耗：1,293.21kb] [文件加载：35]
[ info ] [ LANG ] D:\777\AppServ\www\boot-shop\thinkphp\lang\zh-cn.php
[ info ] [ ROUTE ] array (
  'type' => 'module',
  'module' => 
  array (
    0 => 'static',
    1 => 'lib',
    2 => 'popper',
  ),
)
[ info ] [ HEADER ] array (
  'host' => 'localhost:8080',
  'connection' => 'keep-alive',
  'user-agent' => 'Mozilla/5.0 (Linux; Android 6.0; Nexus 5 Build/MRA58N) AppleWebKit/537.36 (KHTML, like Gecko) Chrome/70.0.3538.25 Mobile Safari/537.36',
  'accept-encoding' => 'gzip, deflate, br',
  'accept-language' => 'zh-CN,zh;q=0.9',
  'cookie' => 'PHPSESSID=755f51a8b04bb7667331b043c641f6bc',
)
[ info ] [ PARAM ] array (
)
[ info ] [ LOG ] INIT File
---------------------------------------------------------------
[ 2020-11-30T00:15:36+08:00 ] 0.0.0.0 GET localhost:8080/boot-shop/public/static/lib/jquery/jquery.min.map
[运行时间：0.020643s] [吞吐率：48.44req/s] [内存消耗：1,293.21kb] [文件加载：35]
[ info ] [ LANG ] D:\777\AppServ\www\boot-shop\thinkphp\lang\zh-cn.php
[ info ] [ ROUTE ] array (
  'type' => 'module',
  'module' => 
  array (
    0 => 'static',
    1 => 'lib',
    2 => 'jquery',
  ),
)
[ info ] [ HEADER ] array (
  'host' => 'localhost:8080',
  'connection' => 'keep-alive',
  'user-agent' => 'Mozilla/5.0 (Linux; Android 6.0; Nexus 5 Build/MRA58N) AppleWebKit/537.36 (KHTML, like Gecko) Chrome/70.0.3538.25 Mobile Safari/537.36',
  'accept-encoding' => 'gzip, deflate, br',
  'accept-language' => 'zh-CN,zh;q=0.9',
  'cookie' => 'PHPSESSID=755f51a8b04bb7667331b043c641f6bc',
)
[ info ] [ PARAM ] array (
)
[ info ] [ LOG ] INIT File
---------------------------------------------------------------
[ 2020-11-30T00:15:36+08:00 ] 0.0.0.0 GET localhost:8080/boot-shop/public/static/lib/bootstrap4/js/bootstrap4.min.js.map
[运行时间：0.021637s] [吞吐率：46.22req/s] [内存消耗：1,293.94kb] [文件加载：35]
[ info ] [ LANG ] D:\777\AppServ\www\boot-shop\thinkphp\lang\zh-cn.php
[ info ] [ ROUTE ] array (
  'type' => 'module',
  'module' => 
  array (
    0 => 'static',
    1 => 'lib',
    2 => 'bootstrap4',
  ),
)
[ info ] [ HEADER ] array (
  'host' => 'localhost:8080',
  'connection' => 'keep-alive',
  'user-agent' => 'Mozilla/5.0 (Linux; Android 6.0; Nexus 5 Build/MRA58N) AppleWebKit/537.36 (KHTML, like Gecko) Chrome/70.0.3538.25 Mobile Safari/537.36',
  'accept-encoding' => 'gzip, deflate, br',
  'accept-language' => 'zh-CN,zh;q=0.9',
  'cookie' => 'PHPSESSID=755f51a8b04bb7667331b043c641f6bc',
)
[ info ] [ PARAM ] array (
  'js' => 'bootstrap4.min.js.map',
)
[ info ] [ LOG ] INIT File
---------------------------------------------------------------
[ 2020-11-30T00:15:36+08:00 ] 0.0.0.0 GET localhost:8080/boot-shop/public/static/lib/bootstrap4/css/bootstrap4.css.map
[运行时间：0.017412s] [吞吐率：57.43req/s] [内存消耗：1,293.84kb] [文件加载：35]
[ info ] [ LANG ] D:\777\AppServ\www\boot-shop\thinkphp\lang\zh-cn.php
[ info ] [ ROUTE ] array (
  'type' => 'module',
  'module' => 
  array (
    0 => 'static',
    1 => 'lib',
    2 => 'bootstrap4',
  ),
)
[ info ] [ HEADER ] array (
  'host' => 'localhost:8080',
  'connection' => 'keep-alive',
  'user-agent' => 'Mozilla/5.0 (Linux; Android 6.0; Nexus 5 Build/MRA58N) AppleWebKit/537.36 (KHTML, like Gecko) Chrome/70.0.3538.25 Mobile Safari/537.36',
  'accept-encoding' => 'gzip, deflate, br',
  'accept-language' => 'zh-CN,zh;q=0.9',
  'cookie' => 'PHPSESSID=755f51a8b04bb7667331b043c641f6bc',
)
[ info ] [ PARAM ] array (
  'css' => 'bootstrap4.css.map',
)
[ info ] [ LOG ] INIT File
---------------------------------------------------------------
[ 2020-11-30T00:17:28+08:00 ] 0.0.0.0 GET localhost:8080/boot-shop/public/index/order
[运行时间：0.052320s] [吞吐率：19.11req/s] [内存消耗：2,856.98kb] [文件加载：53]
[ info ] [ LANG ] D:\777\AppServ\www\boot-shop\thinkphp\lang\zh-cn.php
[ info ] [ ROUTE ] array (
  'type' => 'module',
  'module' => 
  array (
    0 => 'index',
    1 => 'order',
    2 => NULL,
  ),
)
[ info ] [ HEADER ] array (
  'host' => 'localhost:8080',
  'connection' => 'keep-alive',
  'cache-control' => 'max-age=0',
  'upgrade-insecure-requests' => '1',
  'user-agent' => 'Mozilla/5.0 (Linux; Android 6.0; Nexus 5 Build/MRA58N) AppleWebKit/537.36 (KHTML, like Gecko) Chrome/70.0.3538.25 Mobile Safari/537.36',
  'accept' => 'text/html,application/xhtml+xml,application/xml;q=0.9,image/webp,image/apng,*/*;q=0.8',
  'accept-encoding' => 'gzip, deflate, br',
  'accept-language' => 'zh-CN,zh;q=0.9',
  'cookie' => 'PHPSESSID=755f51a8b04bb7667331b043c641f6bc',
)
[ info ] [ PARAM ] array (
)
[ info ] [ RUN ] app\index\controller\Order->index[ D:\777\AppServ\www\boot-shop\application\index\controller\Order.php ]
[ info ] [ DB ] INIT mysql
[ info ] [ SESSION ] INIT array (
  'id' => '',
  'var_session_id' => '',
  'prefix' => 'think',
  'type' => '',
  'auto_start' => true,
)
[ info ] [ VIEW ] D:\777\AppServ\www\boot-shop\public/../application/index\view\order\order.html [ array (
  0 => 'allAddress',
  1 => 'items',
  2 => 'itemCount',
) ]
[ info ] [ LOG ] INIT File
[ sql ] [ DB ] CONNECT:[ UseTime:0.011023s ] mysql:host=localhost;dbname=shop;charset=utf8
[ sql ] [ SQL ] SHOW COLUMNS FROM `cart` [ RunTime:0.000831s ]
[ sql ] [ SQL ] SELECT c.id as cartId,`c`.`count`,g.id as goodsId,`goodsName`,`mainPic`,`salePrice`,g.count as last FROM `cart` `c` INNER JOIN `goods` `g` ON `c`.`goodsId`=`g`.`id` WHERE  `c`.`id` = 'in' [ RunTime:0.000391s ]
[ sql ] [ SQL ] SHOW COLUMNS FROM `address` [ RunTime:0.000807s ]
[ sql ] [ SQL ] SELECT * FROM `address` WHERE  `memberId` IS NULL ORDER BY `id` DESC [ RunTime:0.000441s ]
---------------------------------------------------------------
[ 2020-11-30T00:17:29+08:00 ] 0.0.0.0 GET localhost:8080/boot-shop/public/static/lib/jquery/jquery.min.map
[运行时间：0.020550s] [吞吐率：48.66req/s] [内存消耗：1,293.21kb] [文件加载：35]
[ info ] [ LANG ] D:\777\AppServ\www\boot-shop\thinkphp\lang\zh-cn.php
[ info ] [ ROUTE ] array (
  'type' => 'module',
  'module' => 
  array (
    0 => 'static',
    1 => 'lib',
    2 => 'jquery',
  ),
)
[ info ] [ HEADER ] array (
  'host' => 'localhost:8080',
  'connection' => 'keep-alive',
  'user-agent' => 'Mozilla/5.0 (Linux; Android 6.0; Nexus 5 Build/MRA58N) AppleWebKit/537.36 (KHTML, like Gecko) Chrome/70.0.3538.25 Mobile Safari/537.36',
  'accept-encoding' => 'gzip, deflate, br',
  'accept-language' => 'zh-CN,zh;q=0.9',
  'cookie' => 'PHPSESSID=755f51a8b04bb7667331b043c641f6bc',
)
[ info ] [ PARAM ] array (
)
[ info ] [ LOG ] INIT File
---------------------------------------------------------------
[ 2020-11-30T00:17:29+08:00 ] 0.0.0.0 GET localhost:8080/boot-shop/public/static/lib/bootstrap4/js/bootstrap4.min.js.map
[运行时间：0.026195s] [吞吐率：38.18req/s] [内存消耗：1,293.94kb] [文件加载：35]
[ info ] [ LANG ] D:\777\AppServ\www\boot-shop\thinkphp\lang\zh-cn.php
[ info ] [ ROUTE ] array (
  'type' => 'module',
  'module' => 
  array (
    0 => 'static',
    1 => 'lib',
    2 => 'bootstrap4',
  ),
)
[ info ] [ HEADER ] array (
  'host' => 'localhost:8080',
  'connection' => 'keep-alive',
  'user-agent' => 'Mozilla/5.0 (Linux; Android 6.0; Nexus 5 Build/MRA58N) AppleWebKit/537.36 (KHTML, like Gecko) Chrome/70.0.3538.25 Mobile Safari/537.36',
  'accept-encoding' => 'gzip, deflate, br',
  'accept-language' => 'zh-CN,zh;q=0.9',
  'cookie' => 'PHPSESSID=755f51a8b04bb7667331b043c641f6bc',
)
[ info ] [ PARAM ] array (
  'js' => 'bootstrap4.min.js.map',
)
[ info ] [ LOG ] INIT File
---------------------------------------------------------------
[ 2020-11-30T00:17:29+08:00 ] 0.0.0.0 GET localhost:8080/boot-shop/public/static/lib/popper/popper.min.js.map
[运行时间：0.029547s] [吞吐率：33.84req/s] [内存消耗：1,293.21kb] [文件加载：35]
[ info ] [ LANG ] D:\777\AppServ\www\boot-shop\thinkphp\lang\zh-cn.php
[ info ] [ ROUTE ] array (
  'type' => 'module',
  'module' => 
  array (
    0 => 'static',
    1 => 'lib',
    2 => 'popper',
  ),
)
[ info ] [ HEADER ] array (
  'host' => 'localhost:8080',
  'connection' => 'keep-alive',
  'user-agent' => 'Mozilla/5.0 (Linux; Android 6.0; Nexus 5 Build/MRA58N) AppleWebKit/537.36 (KHTML, like Gecko) Chrome/70.0.3538.25 Mobile Safari/537.36',
  'accept-encoding' => 'gzip, deflate, br',
  'accept-language' => 'zh-CN,zh;q=0.9',
  'cookie' => 'PHPSESSID=755f51a8b04bb7667331b043c641f6bc',
)
[ info ] [ PARAM ] array (
)
[ info ] [ LOG ] INIT File
---------------------------------------------------------------
[ 2020-11-30T00:17:29+08:00 ] 0.0.0.0 GET localhost:8080/boot-shop/public/static/lib/bootstrap4/css/bootstrap4.css.map
[运行时间：0.027490s] [吞吐率：36.38req/s] [内存消耗：1,293.84kb] [文件加载：35]
[ info ] [ LANG ] D:\777\AppServ\www\boot-shop\thinkphp\lang\zh-cn.php
[ info ] [ ROUTE ] array (
  'type' => 'module',
  'module' => 
  array (
    0 => 'static',
    1 => 'lib',
    2 => 'bootstrap4',
  ),
)
[ info ] [ HEADER ] array (
  'host' => 'localhost:8080',
  'connection' => 'keep-alive',
  'user-agent' => 'Mozilla/5.0 (Linux; Android 6.0; Nexus 5 Build/MRA58N) AppleWebKit/537.36 (KHTML, like Gecko) Chrome/70.0.3538.25 Mobile Safari/537.36',
  'accept-encoding' => 'gzip, deflate, br',
  'accept-language' => 'zh-CN,zh;q=0.9',
  'cookie' => 'PHPSESSID=755f51a8b04bb7667331b043c641f6bc',
)
[ info ] [ PARAM ] array (
  'css' => 'bootstrap4.css.map',
)
[ info ] [ LOG ] INIT File
---------------------------------------------------------------
[ 2020-11-30T00:17:32+08:00 ] 0.0.0.0 POST localhost:8080/boot-shop/public/index/order/addaddress
[运行时间：0.020556s] [吞吐率：48.65req/s] [内存消耗：1,555.16kb] [文件加载：39]
[ info ] [ LANG ] D:\777\AppServ\www\boot-shop\thinkphp\lang\zh-cn.php
[ info ] [ ROUTE ] array (
  'type' => 'module',
  'module' => 
  array (
    0 => 'index',
    1 => 'order',
    2 => 'addaddress',
  ),
)
[ info ] [ HEADER ] array (
  'host' => 'localhost:8080',
  'connection' => 'keep-alive',
  'content-length' => '76',
  'accept' => '*/*',
  'origin' => 'http://localhost:8080',
  'x-requested-with' => 'XMLHttpRequest',
  'user-agent' => 'Mozilla/5.0 (Windows NT 10.0; WOW64) AppleWebKit/537.36 (KHTML, like Gecko) Chrome/70.0.3538.25 Safari/537.36 Core/1.70.3766.400 QQBrowser/10.6.4163.400',
  'content-type' => 'application/x-www-form-urlencoded; charset=UTF-8',
  'referer' => 'http://localhost:8080/boot-shop/public/index/order',
  'accept-encoding' => 'gzip, deflate, br',
  'accept-language' => 'zh-CN,zh;q=0.9',
  'cookie' => 'PHPSESSID=755f51a8b04bb7667331b043c641f6bc',
)
[ info ] [ PARAM ] array (
  'consigneeName' => '',
  'mobilePhone' => '',
  'telephone' => '12345678',
  'province' => '',
  'city' => '',
  'area' => '',
  'detail' => '',
)
[ info ] [ RUN ] app\index\controller\Order->addAddress[ D:\777\AppServ\www\boot-shop\application\index\controller\Order.php ]
[ info ] [ SESSION ] INIT array (
  'id' => '',
  'var_session_id' => '',
  'prefix' => 'think',
  'type' => '',
  'auto_start' => true,
)
[ info ] [ LOG ] INIT File
---------------------------------------------------------------
[ 2020-11-30T00:17:38+08:00 ] 0.0.0.0 GET localhost:8080/boot-shop/public/static/lib/popper/popper.min.js.map
[运行时间：0.020650s] [吞吐率：48.43req/s] [内存消耗：1,293.21kb] [文件加载：35]
[ info ] [ LANG ] D:\777\AppServ\www\boot-shop\thinkphp\lang\zh-cn.php
[ info ] [ ROUTE ] array (
  'type' => 'module',
  'module' => 
  array (
    0 => 'static',
    1 => 'lib',
    2 => 'popper',
  ),
)
[ info ] [ HEADER ] array (
  'host' => 'localhost:8080',
  'connection' => 'keep-alive',
  'user-agent' => 'Mozilla/5.0 (Linux; Android 6.0; Nexus 5 Build/MRA58N) AppleWebKit/537.36 (KHTML, like Gecko) Chrome/70.0.3538.25 Mobile Safari/537.36',
  'accept-encoding' => 'gzip, deflate, br',
  'accept-language' => 'zh-CN,zh;q=0.9',
  'cookie' => 'PHPSESSID=755f51a8b04bb7667331b043c641f6bc',
)
[ info ] [ PARAM ] array (
)
[ info ] [ LOG ] INIT File
---------------------------------------------------------------
[ 2020-11-30T00:17:38+08:00 ] 0.0.0.0 GET localhost:8080/boot-shop/public/static/lib/bootstrap4/js/bootstrap4.min.js.map
[运行时间：0.020746s] [吞吐率：48.20req/s] [内存消耗：1,293.94kb] [文件加载：35]
[ info ] [ LANG ] D:\777\AppServ\www\boot-shop\thinkphp\lang\zh-cn.php
[ info ] [ ROUTE ] array (
  'type' => 'module',
  'module' => 
  array (
    0 => 'static',
    1 => 'lib',
    2 => 'bootstrap4',
  ),
)
[ info ] [ HEADER ] array (
  'host' => 'localhost:8080',
  'connection' => 'keep-alive',
  'user-agent' => 'Mozilla/5.0 (Linux; Android 6.0; Nexus 5 Build/MRA58N) AppleWebKit/537.36 (KHTML, like Gecko) Chrome/70.0.3538.25 Mobile Safari/537.36',
  'accept-encoding' => 'gzip, deflate, br',
  'accept-language' => 'zh-CN,zh;q=0.9',
  'cookie' => 'PHPSESSID=755f51a8b04bb7667331b043c641f6bc',
)
[ info ] [ PARAM ] array (
  'js' => 'bootstrap4.min.js.map',
)
[ info ] [ LOG ] INIT File
---------------------------------------------------------------
[ 2020-11-30T00:17:38+08:00 ] 0.0.0.0 GET localhost:8080/boot-shop/public/static/lib/bootstrap4/css/bootstrap4.css.map
[运行时间：0.020456s] [吞吐率：48.89req/s] [内存消耗：1,293.84kb] [文件加载：35]
[ info ] [ LANG ] D:\777\AppServ\www\boot-shop\thinkphp\lang\zh-cn.php
[ info ] [ ROUTE ] array (
  'type' => 'module',
  'module' => 
  array (
    0 => 'static',
    1 => 'lib',
    2 => 'bootstrap4',
  ),
)
[ info ] [ HEADER ] array (
  'host' => 'localhost:8080',
  'connection' => 'keep-alive',
  'user-agent' => 'Mozilla/5.0 (Linux; Android 6.0; Nexus 5 Build/MRA58N) AppleWebKit/537.36 (KHTML, like Gecko) Chrome/70.0.3538.25 Mobile Safari/537.36',
  'accept-encoding' => 'gzip, deflate, br',
  'accept-language' => 'zh-CN,zh;q=0.9',
  'cookie' => 'PHPSESSID=755f51a8b04bb7667331b043c641f6bc',
)
[ info ] [ PARAM ] array (
  'css' => 'bootstrap4.css.map',
)
[ info ] [ LOG ] INIT File
---------------------------------------------------------------
[ 2020-11-30T00:17:56+08:00 ] 0.0.0.0 GET localhost:8080/boot-shop/public/index/order
[运行时间：0.045596s] [吞吐率：21.93req/s] [内存消耗：2,857.16kb] [文件加载：53]
[ info ] [ LANG ] D:\777\AppServ\www\boot-shop\thinkphp\lang\zh-cn.php
[ info ] [ ROUTE ] array (
  'type' => 'module',
  'module' => 
  array (
    0 => 'index',
    1 => 'order',
    2 => NULL,
  ),
)
[ info ] [ HEADER ] array (
  'host' => 'localhost:8080',
  'connection' => 'keep-alive',
  'pragma' => 'no-cache',
  'cache-control' => 'no-cache',
  'upgrade-insecure-requests' => '1',
  'user-agent' => 'Mozilla/5.0 (Linux; Android 6.0; Nexus 5 Build/MRA58N) AppleWebKit/537.36 (KHTML, like Gecko) Chrome/70.0.3538.25 Mobile Safari/537.36',
  'accept' => 'text/html,application/xhtml+xml,application/xml;q=0.9,image/webp,image/apng,*/*;q=0.8',
  'accept-encoding' => 'gzip, deflate, br',
  'accept-language' => 'zh-CN,zh;q=0.9',
  'cookie' => 'PHPSESSID=755f51a8b04bb7667331b043c641f6bc',
)
[ info ] [ PARAM ] array (
)
[ info ] [ RUN ] app\index\controller\Order->index[ D:\777\AppServ\www\boot-shop\application\index\controller\Order.php ]
[ info ] [ DB ] INIT mysql
[ info ] [ SESSION ] INIT array (
  'id' => '',
  'var_session_id' => '',
  'prefix' => 'think',
  'type' => '',
  'auto_start' => true,
)
[ info ] [ VIEW ] D:\777\AppServ\www\boot-shop\public/../application/index\view\order\order.html [ array (
  0 => 'allAddress',
  1 => 'items',
  2 => 'itemCount',
) ]
[ info ] [ LOG ] INIT File
[ sql ] [ DB ] CONNECT:[ UseTime:0.010961s ] mysql:host=localhost;dbname=shop;charset=utf8
[ sql ] [ SQL ] SHOW COLUMNS FROM `cart` [ RunTime:0.000718s ]
[ sql ] [ SQL ] SELECT c.id as cartId,`c`.`count`,g.id as goodsId,`goodsName`,`mainPic`,`salePrice`,g.count as last FROM `cart` `c` INNER JOIN `goods` `g` ON `c`.`goodsId`=`g`.`id` WHERE  `c`.`id` = 'in' [ RunTime:0.000448s ]
[ sql ] [ SQL ] SHOW COLUMNS FROM `address` [ RunTime:0.000568s ]
[ sql ] [ SQL ] SELECT * FROM `address` WHERE  `memberId` IS NULL ORDER BY `id` DESC [ RunTime:0.000287s ]
---------------------------------------------------------------
[ 2020-11-30T00:17:57+08:00 ] 0.0.0.0 GET localhost:8080/boot-shop/public/static/lib/popper/popper.min.js.map
[运行时间：0.027677s] [吞吐率：36.13req/s] [内存消耗：1,293.21kb] [文件加载：35]
[ info ] [ LANG ] D:\777\AppServ\www\boot-shop\thinkphp\lang\zh-cn.php
[ info ] [ ROUTE ] array (
  'type' => 'module',
  'module' => 
  array (
    0 => 'static',
    1 => 'lib',
    2 => 'popper',
  ),
)
[ info ] [ HEADER ] array (
  'host' => 'localhost:8080',
  'connection' => 'keep-alive',
  'user-agent' => 'Mozilla/5.0 (Linux; Android 6.0; Nexus 5 Build/MRA58N) AppleWebKit/537.36 (KHTML, like Gecko) Chrome/70.0.3538.25 Mobile Safari/537.36',
  'accept-encoding' => 'gzip, deflate, br',
  'accept-language' => 'zh-CN,zh;q=0.9',
  'cookie' => 'PHPSESSID=755f51a8b04bb7667331b043c641f6bc',
)
[ info ] [ PARAM ] array (
)
[ info ] [ LOG ] INIT File
---------------------------------------------------------------
[ 2020-11-30T00:17:57+08:00 ] 0.0.0.0 GET localhost:8080/boot-shop/public/static/lib/bootstrap4/js/bootstrap4.min.js.map
[运行时间：0.029174s] [吞吐率：34.28req/s] [内存消耗：1,293.94kb] [文件加载：35]
[ info ] [ LANG ] D:\777\AppServ\www\boot-shop\thinkphp\lang\zh-cn.php
[ info ] [ ROUTE ] array (
  'type' => 'module',
  'module' => 
  array (
    0 => 'static',
    1 => 'lib',
    2 => 'bootstrap4',
  ),
)
[ info ] [ HEADER ] array (
  'host' => 'localhost:8080',
  'connection' => 'keep-alive',
  'user-agent' => 'Mozilla/5.0 (Linux; Android 6.0; Nexus 5 Build/MRA58N) AppleWebKit/537.36 (KHTML, like Gecko) Chrome/70.0.3538.25 Mobile Safari/537.36',
  'accept-encoding' => 'gzip, deflate, br',
  'accept-language' => 'zh-CN,zh;q=0.9',
  'cookie' => 'PHPSESSID=755f51a8b04bb7667331b043c641f6bc',
)
[ info ] [ PARAM ] array (
  'js' => 'bootstrap4.min.js.map',
)
[ info ] [ LOG ] INIT File
---------------------------------------------------------------
[ 2020-11-30T00:17:57+08:00 ] 0.0.0.0 GET localhost:8080/boot-shop/public/static/lib/jquery/jquery.min.map
[运行时间：0.033155s] [吞吐率：30.16req/s] [内存消耗：1,293.21kb] [文件加载：35]
[ info ] [ LANG ] D:\777\AppServ\www\boot-shop\thinkphp\lang\zh-cn.php
[ info ] [ ROUTE ] array (
  'type' => 'module',
  'module' => 
  array (
    0 => 'static',
    1 => 'lib',
    2 => 'jquery',
  ),
)
[ info ] [ HEADER ] array (
  'host' => 'localhost:8080',
  'connection' => 'keep-alive',
  'user-agent' => 'Mozilla/5.0 (Linux; Android 6.0; Nexus 5 Build/MRA58N) AppleWebKit/537.36 (KHTML, like Gecko) Chrome/70.0.3538.25 Mobile Safari/537.36',
  'accept-encoding' => 'gzip, deflate, br',
  'accept-language' => 'zh-CN,zh;q=0.9',
  'cookie' => 'PHPSESSID=755f51a8b04bb7667331b043c641f6bc',
)
[ info ] [ PARAM ] array (
)
[ info ] [ LOG ] INIT File
---------------------------------------------------------------
[ 2020-11-30T00:17:57+08:00 ] 0.0.0.0 GET localhost:8080/boot-shop/public/static/lib/bootstrap4/css/bootstrap4.css.map
[运行时间：0.019290s] [吞吐率：51.84req/s] [内存消耗：1,293.84kb] [文件加载：35]
[ info ] [ LANG ] D:\777\AppServ\www\boot-shop\thinkphp\lang\zh-cn.php
[ info ] [ ROUTE ] array (
  'type' => 'module',
  'module' => 
  array (
    0 => 'static',
    1 => 'lib',
    2 => 'bootstrap4',
  ),
)
[ info ] [ HEADER ] array (
  'host' => 'localhost:8080',
  'connection' => 'keep-alive',
  'user-agent' => 'Mozilla/5.0 (Linux; Android 6.0; Nexus 5 Build/MRA58N) AppleWebKit/537.36 (KHTML, like Gecko) Chrome/70.0.3538.25 Mobile Safari/537.36',
  'accept-encoding' => 'gzip, deflate, br',
  'accept-language' => 'zh-CN,zh;q=0.9',
  'cookie' => 'PHPSESSID=755f51a8b04bb7667331b043c641f6bc',
)
[ info ] [ PARAM ] array (
  'css' => 'bootstrap4.css.map',
)
[ info ] [ LOG ] INIT File
---------------------------------------------------------------
[ 2020-11-30T00:18:00+08:00 ] 0.0.0.0 POST localhost:8080/boot-shop/public/index/order/addaddress
[运行时间：0.021726s] [吞吐率：46.03req/s] [内存消耗：1,555.16kb] [文件加载：39]
[ info ] [ LANG ] D:\777\AppServ\www\boot-shop\thinkphp\lang\zh-cn.php
[ info ] [ ROUTE ] array (
  'type' => 'module',
  'module' => 
  array (
    0 => 'index',
    1 => 'order',
    2 => 'addaddress',
  ),
)
[ info ] [ HEADER ] array (
  'host' => 'localhost:8080',
  'connection' => 'keep-alive',
  'content-length' => '76',
  'accept' => '*/*',
  'origin' => 'http://localhost:8080',
  'x-requested-with' => 'XMLHttpRequest',
  'user-agent' => 'Mozilla/5.0 (Windows NT 10.0; WOW64) AppleWebKit/537.36 (KHTML, like Gecko) Chrome/70.0.3538.25 Safari/537.36 Core/1.70.3766.400 QQBrowser/10.6.4163.400',
  'content-type' => 'application/x-www-form-urlencoded; charset=UTF-8',
  'referer' => 'http://localhost:8080/boot-shop/public/index/order',
  'accept-encoding' => 'gzip, deflate, br',
  'accept-language' => 'zh-CN,zh;q=0.9',
  'cookie' => 'PHPSESSID=755f51a8b04bb7667331b043c641f6bc',
)
[ info ] [ PARAM ] array (
  'consigneeName' => '',
  'mobilePhone' => '',
  'telephone' => '12345678',
  'province' => '',
  'city' => '',
  'area' => '',
  'detail' => '',
)
[ info ] [ RUN ] app\index\controller\Order->addAddress[ D:\777\AppServ\www\boot-shop\application\index\controller\Order.php ]
[ info ] [ SESSION ] INIT array (
  'id' => '',
  'var_session_id' => '',
  'prefix' => 'think',
  'type' => '',
  'auto_start' => true,
)
[ info ] [ LOG ] INIT File
---------------------------------------------------------------
[ 2020-11-30T00:18:02+08:00 ] 0.0.0.0 GET localhost:8080/boot-shop/public/static/lib/popper/popper.min.js.map
[运行时间：0.019973s] [吞吐率：50.07req/s] [内存消耗：1,293.21kb] [文件加载：35]
[ info ] [ LANG ] D:\777\AppServ\www\boot-shop\thinkphp\lang\zh-cn.php
[ info ] [ ROUTE ] array (
  'type' => 'module',
  'module' => 
  array (
    0 => 'static',
    1 => 'lib',
    2 => 'popper',
  ),
)
[ info ] [ HEADER ] array (
  'host' => 'localhost:8080',
  'connection' => 'keep-alive',
  'user-agent' => 'Mozilla/5.0 (Linux; Android 6.0; Nexus 5 Build/MRA58N) AppleWebKit/537.36 (KHTML, like Gecko) Chrome/70.0.3538.25 Mobile Safari/537.36',
  'accept-encoding' => 'gzip, deflate, br',
  'accept-language' => 'zh-CN,zh;q=0.9',
  'cookie' => 'PHPSESSID=755f51a8b04bb7667331b043c641f6bc',
)
[ info ] [ PARAM ] array (
)
[ info ] [ LOG ] INIT File
---------------------------------------------------------------
[ 2020-11-30T00:18:02+08:00 ] 0.0.0.0 GET localhost:8080/boot-shop/public/static/lib/bootstrap4/js/bootstrap4.min.js.map
[运行时间：0.019463s] [吞吐率：51.38req/s] [内存消耗：1,293.94kb] [文件加载：35]
[ info ] [ LANG ] D:\777\AppServ\www\boot-shop\thinkphp\lang\zh-cn.php
[ info ] [ ROUTE ] array (
  'type' => 'module',
  'module' => 
  array (
    0 => 'static',
    1 => 'lib',
    2 => 'bootstrap4',
  ),
)
[ info ] [ HEADER ] array (
  'host' => 'localhost:8080',
  'connection' => 'keep-alive',
  'user-agent' => 'Mozilla/5.0 (Linux; Android 6.0; Nexus 5 Build/MRA58N) AppleWebKit/537.36 (KHTML, like Gecko) Chrome/70.0.3538.25 Mobile Safari/537.36',
  'accept-encoding' => 'gzip, deflate, br',
  'accept-language' => 'zh-CN,zh;q=0.9',
  'cookie' => 'PHPSESSID=755f51a8b04bb7667331b043c641f6bc',
)
[ info ] [ PARAM ] array (
  'js' => 'bootstrap4.min.js.map',
)
[ info ] [ LOG ] INIT File
---------------------------------------------------------------
[ 2020-11-30T00:18:02+08:00 ] 0.0.0.0 GET localhost:8080/boot-shop/public/static/lib/jquery/jquery.min.map
[运行时间：0.022134s] [吞吐率：45.18req/s] [内存消耗：1,293.21kb] [文件加载：35]
[ info ] [ LANG ] D:\777\AppServ\www\boot-shop\thinkphp\lang\zh-cn.php
[ info ] [ ROUTE ] array (
  'type' => 'module',
  'module' => 
  array (
    0 => 'static',
    1 => 'lib',
    2 => 'jquery',
  ),
)
[ info ] [ HEADER ] array (
  'host' => 'localhost:8080',
  'connection' => 'keep-alive',
  'user-agent' => 'Mozilla/5.0 (Linux; Android 6.0; Nexus 5 Build/MRA58N) AppleWebKit/537.36 (KHTML, like Gecko) Chrome/70.0.3538.25 Mobile Safari/537.36',
  'accept-encoding' => 'gzip, deflate, br',
  'accept-language' => 'zh-CN,zh;q=0.9',
  'cookie' => 'PHPSESSID=755f51a8b04bb7667331b043c641f6bc',
)
[ info ] [ PARAM ] array (
)
[ info ] [ LOG ] INIT File
---------------------------------------------------------------
[ 2020-11-30T00:18:02+08:00 ] 0.0.0.0 GET localhost:8080/boot-shop/public/static/lib/bootstrap4/css/bootstrap4.css.map
[运行时间：0.017141s] [吞吐率：58.34req/s] [内存消耗：1,293.84kb] [文件加载：35]
[ info ] [ LANG ] D:\777\AppServ\www\boot-shop\thinkphp\lang\zh-cn.php
[ info ] [ ROUTE ] array (
  'type' => 'module',
  'module' => 
  array (
    0 => 'static',
    1 => 'lib',
    2 => 'bootstrap4',
  ),
)
[ info ] [ HEADER ] array (
  'host' => 'localhost:8080',
  'connection' => 'keep-alive',
  'user-agent' => 'Mozilla/5.0 (Linux; Android 6.0; Nexus 5 Build/MRA58N) AppleWebKit/537.36 (KHTML, like Gecko) Chrome/70.0.3538.25 Mobile Safari/537.36',
  'accept-encoding' => 'gzip, deflate, br',
  'accept-language' => 'zh-CN,zh;q=0.9',
  'cookie' => 'PHPSESSID=755f51a8b04bb7667331b043c641f6bc',
)
[ info ] [ PARAM ] array (
  'css' => 'bootstrap4.css.map',
)
[ info ] [ LOG ] INIT File
---------------------------------------------------------------
[ 2020-11-30T00:19:44+08:00 ] 0.0.0.0 POST localhost:8080/boot-shop/public/index/order/addaddress
[运行时间：0.019211s] [吞吐率：52.05req/s] [内存消耗：1,555.26kb] [文件加载：39]
[ info ] [ LANG ] D:\777\AppServ\www\boot-shop\thinkphp\lang\zh-cn.php
[ info ] [ ROUTE ] array (
  'type' => 'module',
  'module' => 
  array (
    0 => 'index',
    1 => 'order',
    2 => 'addaddress',
  ),
)
[ info ] [ HEADER ] array (
  'host' => 'localhost:8080',
  'connection' => 'keep-alive',
  'content-length' => '102',
  'accept' => '*/*',
  'origin' => 'http://localhost:8080',
  'x-requested-with' => 'XMLHttpRequest',
  'user-agent' => 'Mozilla/5.0 (Windows NT 10.0; WOW64) AppleWebKit/537.36 (KHTML, like Gecko) Chrome/70.0.3538.25 Safari/537.36 Core/1.70.3766.400 QQBrowser/10.6.4163.400',
  'content-type' => 'application/x-www-form-urlencoded; charset=UTF-8',
  'referer' => 'http://localhost:8080/boot-shop/public/index/order',
  'accept-encoding' => 'gzip, deflate, br',
  'accept-language' => 'zh-CN,zh;q=0.9',
  'cookie' => 'PHPSESSID=755f51a8b04bb7667331b043c641f6bc',
)
[ info ] [ PARAM ] array (
  'consigneeName' => '123',
  'mobilePhone' => '18318496947',
  'telephone' => '12345678',
  'province' => '123',
  'city' => '123',
  'area' => '123',
  'detail' => '123',
)
[ info ] [ RUN ] app\index\controller\Order->addAddress[ D:\777\AppServ\www\boot-shop\application\index\controller\Order.php ]
[ info ] [ SESSION ] INIT array (
  'id' => '',
  'var_session_id' => '',
  'prefix' => 'think',
  'type' => '',
  'auto_start' => true,
)
[ info ] [ LOG ] INIT File
---------------------------------------------------------------
[ 2020-11-30T00:20:16+08:00 ] 0.0.0.0 POST localhost:8080/boot-shop/public/index/order/addaddress
[运行时间：0.023296s] [吞吐率：42.93req/s] [内存消耗：1,555.41kb] [文件加载：39]
[ info ] [ LANG ] D:\777\AppServ\www\boot-shop\thinkphp\lang\zh-cn.php
[ info ] [ ROUTE ] array (
  'type' => 'module',
  'module' => 
  array (
    0 => 'index',
    1 => 'order',
    2 => 'addaddress',
  ),
)
[ info ] [ HEADER ] array (
  'host' => 'localhost:8080',
  'connection' => 'keep-alive',
  'content-length' => '183',
  'accept' => '*/*',
  'origin' => 'http://localhost:8080',
  'x-requested-with' => 'XMLHttpRequest',
  'user-agent' => 'Mozilla/5.0 (Windows NT 10.0; WOW64) AppleWebKit/537.36 (KHTML, like Gecko) Chrome/70.0.3538.25 Safari/537.36 Core/1.70.3766.400 QQBrowser/10.6.4163.400',
  'content-type' => 'application/x-www-form-urlencoded; charset=UTF-8',
  'referer' => 'http://localhost:8080/boot-shop/public/index/order',
  'accept-encoding' => 'gzip, deflate, br',
  'accept-language' => 'zh-CN,zh;q=0.9',
  'cookie' => 'PHPSESSID=755f51a8b04bb7667331b043c641f6bc',
)
[ info ] [ PARAM ] array (
  'consigneeName' => '123',
  'mobilePhone' => '18318496947',
  'telephone' => '12345678',
  'province' => '广东省',
  'city' => '佛山市',
  'area' => '南海区',
  'detail' => '123123123123',
)
[ info ] [ RUN ] app\index\controller\Order->addAddress[ D:\777\AppServ\www\boot-shop\application\index\controller\Order.php ]
[ info ] [ SESSION ] INIT array (
  'id' => '',
  'var_session_id' => '',
  'prefix' => 'think',
  'type' => '',
  'auto_start' => true,
)
[ info ] [ LOG ] INIT File
